Log file open, 04/09/15 09:15:00
LogInit:Display: Running engine for game: ImaginaryFriendDemo
LogInit: Version: 4.7.5-2503383+++depot+UE4-Releases+4.7
LogInit: API Version: 2455222
LogInit: Compiled (64-bit): Apr  6 2015 23:21:51
LogInit: Compiled with Visual C++: 18.00.21005.01
LogInit: Build Configuration: Development
LogInit: Branch Name: ++depot+UE4-Releases+4.7
LogInit: Command line:  
LogInit: Base directory: E:/Unreal/Epic Games/4.7/Engine/Binaries/Win64/
LogInit: Rocket: 1
[2015.04.09-14.15.00:212][  0]LogTaskGraph: Started task graph with 3 named threads and 6 total threads.
[2015.04.09-14.15.00:265][  0]LogOnline:Warning: No default platform service specified for OnlineSubsystem
[2015.04.09-14.15.00:276][  0]LogInit: Presizing for 0 objects not considered by GC, pre-allocating 0 bytes.
[2015.04.09-14.15.00:283][  0]LogInit: Object subsystem initialized
[2015.04.09-14.15.00:284][  0]LogConsoleResponse:Warning: Skipping Unknown console variable: 'TranslucentSortAxis = (X=0.000000,Y=-1.000000,Z=0.000000)'
[2015.04.09-14.15.00:284][  0]LogConsoleResponse:Warning:   Found in ini file 'E:/Unreal/Projects/ImaginaryFriendDemo/Saved/Config/Windows/Engine.ini', in section '[/Script/Engine.RendererSettings]'
[2015.04.09-14.15.00:284][  0]LogConsoleResponse:Warning: Skipping Unknown console variable: 'UIScaleRule = ShortestSide'
[2015.04.09-14.15.00:284][  0]LogConsoleResponse:Warning:   Found in ini file 'E:/Unreal/Projects/ImaginaryFriendDemo/Saved/Config/Windows/Engine.ini', in section '[/Script/Engine.RendererSettings]'
[2015.04.09-14.15.00:284][  0]LogConsoleResponse:Warning: Skipping Unknown console variable: 'UIScaleCurve = (EditorCurveData=(Keys=),ExternalCurve=None)'
[2015.04.09-14.15.00:284][  0]LogConsoleResponse:Warning:   Found in ini file 'E:/Unreal/Projects/ImaginaryFriendDemo/Saved/Config/Windows/Engine.ini', in section '[/Script/Engine.RendererSettings]'
[2015.04.09-14.15.00:284][  0]LogInit: Selected Device Profile: [Windows]
[2015.04.09-14.15.00:284][  0]LogInit: Applying CVar settings loaded from the selected device profile: [Windows]
[2015.04.09-14.15.00:288][  0]LogInit: Computer: COMPY
[2015.04.09-14.15.00:288][  0]LogInit: User: Nick
[2015.04.09-14.15.00:288][  0]LogInit: CPU Page size=4096, Cores=4
[2015.04.09-14.15.00:288][  0]LogInit: High frequency timer resolution =14.318180 MHz
[2015.04.09-14.15.00:288][  0]LogMemory: Memory total: Physical=15.9GB (16GB approx) Virtual=131072.0GB
[2015.04.09-14.15.00:288][  0]LogMemory: Platform Memory Stats for Windows
[2015.04.09-14.15.00:288][  0]LogMemory: Process Physical Memory: 45.80 MB used, 45.80 MB peak
[2015.04.09-14.15.00:288][  0]LogMemory: Process Virtual Memory: 24.35 MB used, 24.35 MB peak
[2015.04.09-14.15.00:288][  0]LogMemory: Physical Memory: 4556.60 MB used, 16259.70 MB total
[2015.04.09-14.15.00:288][  0]LogMemory: Virtual Memory: 283.96 MB used, 134217728.00 MB total
[2015.04.09-14.15.00:301][  0]LogD3D11RHI: Found D3D11 adapter 0: AMD Radeon HD 7900 Series (Feature Level 11_0)
[2015.04.09-14.15.00:301][  0]LogD3D11RHI: Adapter has 3051MB of dedicated video memory, 0MB of dedicated system memory, and 3840MB of shared system memory, 2 output[s]
[2015.04.09-14.15.00:307][  0]LogD3D11RHI: Found D3D11 adapter 1: Intel(R) HD Graphics 4600 (Feature Level 11_0)
[2015.04.09-14.15.00:307][  0]LogD3D11RHI: Adapter has 32MB of dedicated video memory, 0MB of dedicated system memory, and 1760MB of shared system memory, 0 output[s]
[2015.04.09-14.15.00:308][  0]LogD3D11RHI: Found D3D11 adapter 2: Microsoft Basic Render Driver (Feature Level 11_0)
[2015.04.09-14.15.00:308][  0]LogD3D11RHI: Adapter has 0MB of dedicated video memory, 0MB of dedicated system memory, and 256MB of shared system memory, 0 output[s]
[2015.04.09-14.15.00:308][  0]LogD3D11RHI: Chosen D3D11 Adapter Id = 0
[2015.04.09-14.15.00:311][  0]LogRHI: Texture pool is 1361 MB (70% of 1945 MB)
[2015.04.09-14.15.00:315][  0]LogD3D11RHI: Async texture creation disabled: no driver support
[2015.04.09-14.15.00:362][  0]LogTextLocalizationManager: The requested culture ('en_US') has no localization data; parent culture's ('en') localization data will be used.
[2015.04.09-14.15.00:408][  0]LogTextLocalizationManager:Warning: Loading localization resources contain conflicting entries for (Namespace:UICommands, Key:Save_ToolTip):
Resource: (E:/Unreal/Epic Games/4.7/Engine/Content/Localization/Editor/en/Editor.locres) Hash: (-29098895) String: (Saves the current level to disk)
Resource: (E:/Unreal/Epic Games/4.7/Engine/Content/Localization/Engine/en/Engine.locres) Hash: (-1280300587) String: (Save selected data to vlog file)
[2015.04.09-14.15.00:408][  0]LogTextLocalizationManager:Warning: Loading localization resources contain conflicting entries for (Namespace:ContentBrowser, Key:ImportAssetToolTip):
Resource: (E:/Unreal/Epic Games/4.7/Engine/Content/Localization/Editor/en/Editor.locres) Hash: (-630476809) String: (Import to {0}...)
Resource: (E:/Unreal/Epic Games/4.7/Engine/Content/Localization/Editor/en/Editor.locres) Hash: (1271782899) String: (Imports an asset from file to this folder.)
[2015.04.09-14.15.00:475][  0]LogContentStreaming: Texture pool size is 0.000000MB
[2015.04.09-14.15.03:729][  0]LogTargetPlatformManager:Display: Building Assets For Windows
[2015.04.09-14.15.05:703][  0]LogTargetPlatformManager:Display: Building Assets For Windows
[2015.04.09-14.15.05:750][  0]LogDerivedDataCache:Display: Max Cache Size: 512 MB
[2015.04.09-14.15.05:792][  0]LogDerivedDataCache: Loaded boot cache 0.04s 39MB C:/Users/Nick/AppData/Local/UnrealEngine/4.7/DerivedDataCache/Boot.ddc.
[2015.04.09-14.15.05:792][  0]LogDerivedDataCache:Display: Loaded Boot cache: C:/Users/Nick/AppData/Local/UnrealEngine/4.7/DerivedDataCache/Boot.ddc
[2015.04.09-14.15.05:792][  0]LogDerivedDataCache: FDerivedDataBackendGraph:  Pak pak cache file ../../../../../Projects/ImaginaryFriendDemo/DerivedDataCache/DDC.ddp not found, will not use a pak cache.
[2015.04.09-14.15.05:792][  0]LogDerivedDataCache: Unable to find inner node Pak for hierarchical cache Hierarchy.
[2015.04.09-14.15.05:882][  0]LogDerivedDataCache:Display: Pak cache opened for reading ../../../Engine/DerivedDataCache/Compressed.ddp.
[2015.04.09-14.15.05:894][  0]LogDerivedDataCache: Using Local data cache path C:/Users/Nick/AppData/Local/UnrealEngine/Common/DerivedDataCache: Writable
[2015.04.09-14.15.06:129][  0]LogMeshUtilities: No automatic mesh reduction module available
[2015.04.09-14.15.06:129][  0]LogMeshUtilities: No automatic mesh merging module available
[2015.04.09-14.15.06:444][  0]LogInit: WinSock: version 1.1 (2.2), MaxSocks=32767, MaxUdp=65467
[2015.04.09-14.15.06:511][  0]LogSlate:Warning: Failed to load font data from '../../../Engine/Content/Slate/Fonts/Roboto-Italic.ttf'
[2015.04.09-14.15.07:149][  0]UdpMessaging: Initializing bridge on interface 0.0.0.0:0 to multicast group 230.0.0.1:6666.
[2015.04.09-14.15.07:324][  0]SourceControl: Info Source control is disabled
[2015.04.09-14.15.07:324][  0]SourceControl: Info Source control is disabled
[2015.04.09-14.15.07:324][  0]SourceControl: Info Source control is disabled
[2015.04.09-14.15.07:324][  0]LogSourceControl: RunCommandInternalRaw: 'git version'
[2015.04.09-14.15.07:324][  0]LogSourceControl: RunCommandInternalRaw: ExecProcess ReturnCode=2 OutResults=''
[2015.04.09-14.15.07:332][  0]SourceControl: Info Source control is disabled
[2015.04.09-14.15.07:491][  0]LogObj: 24232 objects as part of root set at end of initial load.
[2015.04.09-14.15.07:491][  0]LogUObjectAllocator: 5137176 out of 0 bytes used by permanent object pool.
[2015.04.09-14.15.07:561][  0]LogEngine: Initializing Engine...
[2015.04.09-14.15.09:694][  0]LogInit: XAudio2 using 'Line Out (4- Scarlett 2i2 USB)' : 2 channels at 44.1 kHz using 16 bits per sample (channel mask 0x3)
[2015.04.09-14.15.09:698][  0]LogInit: FAudioDevice initialized.
[2015.04.09-14.15.09:730][  0]LogAIModule: Creating AISystem for world NewWorld
[2015.04.09-14.15.09:750][  0]LogDerivedDataCache: Saved boot cache 0.02s 39MB C:/Users/Nick/AppData/Local/UnrealEngine/4.7/DerivedDataCache/Boot.ddc.
[2015.04.09-14.15.09:754][  0]LogInit: Texture streaming: Enabled
[2015.04.09-14.15.09:831][  0]LogAnalytics: Creating configured Analytics provider AnalyticsET
[2015.04.09-14.15.09:831][  0]LogAnalytics: ET APIKey = Rocket.Release. APIServer = http://et2.epicgames.com/ET2/. AppVersion = 4.7.5-2503383+++depot+UE4-Releases+4.7
[2015.04.09-14.15.09:831][  0]LogAnalytics: ET APIKey = Rocket.Release. DataRouterUploadURL = https://datarouter-public-service-gamedev.ol.epicgames.net/datarouter/api/v1/public/data. AppVersion = 4.7.5-2503383+++depot+UE4-Releases+4.7
[2015.04.09-14.15.09:831][  0]LogAnalytics: SetUserId ae2fd81d40e74e933ac176aa65f19d69|a11a1d6788b14be38425ce267983457b|5433b200-1896-4b41-b217-14931c041df8
[2015.04.09-14.15.09:831][  0]LogAnalytics: AnalyticsET::StartSession [Rocket.Release]
[2015.04.09-14.15.09:851][  0]LogInit: Transaction tracking system initialized
[2015.04.09-14.15.09:998][  0]BlueprintLog: New page: Editor Load
[2015.04.09-14.15.10:029][  0]LogAssetRegistry: FAssetRegistry took 0.0107 seconds to start up
[2015.04.09-14.15.10:029][  0]LogDirectoryWatcher:Warning: Failed to begin reading directory changes for ../../../Engine/Plugins/Experimental/CharacterAI/Content/. Error: 0
[2015.04.09-14.15.12:058][  0]LogTargetPlatformManager:Display: Building Assets For Windows
[2015.04.09-14.15.13:881][  0]LogTargetPlatformManager:Display: Building Assets For Windows
[2015.04.09-14.15.14:095][  0]LogSlate:Warning: Failed to load font data from '../../../Engine/Content/Editor/Slate/Fonts/Roboto-Regular.ttf'
[2015.04.09-14.15.14:095][  0]LogSlate:Warning: Failed to load font data from '../../../Engine/Content/Editor/Slate/Fonts/Roboto-Bold.ttf'
[2015.04.09-14.15.14:099][  0]LogConsoleResponse:Display: 
[2015.04.09-14.15.14:206][  0]LogCook:Display: Done creating registry. It took  0.00s.
[2015.04.09-14.15.14:319][  0]SourceControl: Info Source control is disabled
[2015.04.09-14.15.14:320][  0]Cmd: MAP LOAD FILE="../../../../../Projects/ImaginaryFriendDemo/Content/ThirdPersonBP/Maps/ThirdPersonExampleMap.umap" TEMPLATE=0 SHOWPROGRESS=1 FEATURELEVEL=3
[2015.04.09-14.15.14:320][  0]LightingResults: New page: Lighting Build
[2015.04.09-14.15.14:332][  0]MapCheck: New page: Map Check
[2015.04.09-14.15.14:332][  0]LightingResults: New page: Lighting Build
[2015.04.09-14.15.14:340][  0]LogParticles: Destroying 0 GPU particle simulations for FXSystem 0x00000022153BA520
[2015.04.09-14.15.16:011][  0]LogBlueprint:Warning: [compiler] Warning  Get Input Vector  is deprecated; GetInputVector has been deprecated, use either GetPendingInputVector or GetLastInputVector
[2015.04.09-14.15.16:042][  0]LogBlueprint:Warning: [compiler] Warning [0017.48] Compile of AB_Player_Character successful, but with 1 Warning(s) [in 248 ms]
[2015.04.09-14.15.16:042][  0]LogBlueprint:Warning: [compiler] Warning [0017.48] Compile of AB_Player_Character successful, but with 2 Warning(s) [in 0 ms]
[2015.04.09-14.15.16:042][  0]LogBlueprint:Warning: [compiler] Warning [0017.48] Compile of AB_Player_Character successful, but with 3 Warning(s) [in 0 ms]
[2015.04.09-14.15.16:042][  0]LogBlueprint:Warning: [compiler] Warning [0017.48] Compile of AB_Player_Character successful, but with 4 Warning(s) [in 0 ms]
[2015.04.09-14.15.17:636][  0]LogBlueprint:Warning: [compiler] Warning  Get Input Vector  is deprecated; GetInputVector has been deprecated, use either GetPendingInputVector or GetLastInputVector
[2015.04.09-14.15.17:667][  0]LogBlueprint:Warning: [compiler] Warning [0019.10] Compile of AB_Player_Character successful, but with 1 Warning(s) [in 250 ms]
[2015.04.09-14.15.17:667][  0]LogBlueprint:Warning: [compiler] Warning [0019.10] Compile of AB_Player_Character successful, but with 2 Warning(s) [in 0 ms]
[2015.04.09-14.15.18:108][  0]LogLinker:Warning: Asset '../../../Engine/Content/EngineMeshes/Humanoid.uasset' has been saved with empty engine version. The asset will be loaded but may be incompatible.
[2015.04.09-14.15.18:406][  0]LogBlueprint:Warning: [compiler] Warning Input Axis Event references unknown Axis 'LookUpRate' for  InputAxis LookUpRate 
[2015.04.09-14.15.18:407][  0]LogBlueprint:Warning: [compiler] Warning Input Axis Event references unknown Axis 'TurnRate' for  InputAxis TurnRate 
[2015.04.09-14.15.18:412][  0]LogBlueprint:Warning: [compiler] Warning Input Axis Event references unknown Axis 'Turn' for  InputAxis Turn 
[2015.04.09-14.15.18:414][  0]LogBlueprint:Warning: [compiler] Warning InputAction Event references unknown Action 'Jump' for  InputAction Jump 
[2015.04.09-14.15.18:421][  0]LogBlueprint:Warning: [compiler] Warning [0019.85] Compile of ThirdPersonCharacter successful, but with 4 Warning(s) [in 48 ms]
[2015.04.09-14.15.18:421][  0]LogBlueprint:Warning: [compiler] Warning [0019.85] Compile of ThirdPersonCharacter successful, but with 5 Warning(s) [in 0 ms]
[2015.04.09-14.15.18:421][  0]LogBlueprint:Warning: [compiler] Warning [0019.85] Compile of ThirdPersonCharacter successful, but with 6 Warning(s) [in 0 ms]
[2015.04.09-14.15.18:421][  0]LogBlueprint:Warning: [compiler] Warning [0019.86] Compile of ThirdPersonCharacter successful, but with 7 Warning(s) [in 0 ms]
[2015.04.09-14.15.18:455][  0]LogBlueprint:Warning: [compiler] Warning Input Axis Event references unknown Axis 'LookUpRate' for  InputAxis LookUpRate 
[2015.04.09-14.15.18:457][  0]LogBlueprint:Warning: [compiler] Warning Input Axis Event references unknown Axis 'TurnRate' for  InputAxis TurnRate 
[2015.04.09-14.15.18:460][  0]LogBlueprint:Warning: [compiler] Warning Input Axis Event references unknown Axis 'Turn' for  InputAxis Turn 
[2015.04.09-14.15.18:462][  0]LogBlueprint:Warning: [compiler] Warning InputAction Event references unknown Action 'Jump' for  InputAction Jump 
[2015.04.09-14.15.18:469][  0]LogBlueprint:Warning: [compiler] Warning [0019.90] Compile of ThirdPersonCharacter successful, but with 4 Warning(s) [in 46 ms]
[2015.04.09-14.15.18:469][  0]LogBlueprint:Warning: [compiler] Warning [0019.90] Compile of ThirdPersonCharacter successful, but with 5 Warning(s) [in 0 ms]
[2015.04.09-14.15.19:353][  0]LogAnimation:Warning: UAnimMontage::PostLoad: The actual sequence length for montage AM_Player_Death does not match the length stored in the asset, please resave the montage asset.
[2015.04.09-14.15.19:355][  0]LogAnimation:Warning: UAnimMontage::PostLoad: The actual sequence length for montage AM_Player_Sprint_Attack does not match the length stored in the asset, please resave the montage asset.
[2015.04.09-14.15.19:459][  0]LogEditorServer: Finished looking for orphan Actors (0.000 secs)
[2015.04.09-14.15.20:300][  0]LogAIModule: Creating AISystem for world ThirdPersonExampleMap
[2015.04.09-14.15.20:301][  0]Cmd: MAP CHECKDEP
[2015.04.09-14.15.20:301][  0]MapCheck: New page: ThirdPersonExampleMap - Apr 9, 2015, 4:15:20 AM
[2015.04.09-14.15.20:415][  0]MapCheck: Info Map check complete: 0 Error(s), 0 Warning(s), took 114.514ms to complete.
[2015.04.09-14.15.20:415][  0]LogFileHelpers: Loading map 'ThirdPersonExampleMap' took 6.096
[2015.04.09-14.15.20:562][  0]LogCollectionManager: Loaded 0 collections in 0.002194 seconds
[2015.04.09-14.15.20:570][  0]LogContentBrowser: Native class hierarchy populated in 0.0077 seconds. Added 1696 classes and 261 folders.
[2015.04.09-14.15.20:589][  0]LogContentBrowser:Verbose: The content browser source was changed by the sources view to '/Game'
[2015.04.09-14.15.20:603][  0]LogContentBrowser: Native class hierarchy updated for 'SceneOutliner' in 0.0010 seconds. Added 1 classes and 2 folders.
[2015.04.09-14.15.20:703][  0]LogCrashTracker: Crashtracker disabled due to settings.
[2015.04.09-14.15.20:704][  0]LogSlate:Warning: Failed to load font data from 'Veranda'
[2015.04.09-14.15.20:710][  0]LogUObjectGlobals:Warning: Failed to find object 'Class None.'
[2015.04.09-14.15.20:735][  0]LogLoad: Full Startup: 22.17 seconds (BP compile: 2.42 seconds)
[2015.04.09-14.15.21:246][  0]LogRenderer:Warning: Reallocating scene render targets to support 32x32 (Frame:2).
[2015.04.09-14.15.21:388][  0]LogRenderer:Warning: Reallocating scene render targets to support 1208x584 (Frame:5).
[2015.04.09-14.15.22:618][  4]LogAssetRegistry: Asset discovery search completed in 12.5995 seconds
[2015.04.09-14.22.35:055][795]LogEditorViewport: Clicking on Actor (LMB): StaticMeshActor (Floor)
[2015.04.09-14.22.35:985][884]LogPlayLevel: PIE:  No blueprints needed recompiling
[2015.04.09-14.22.35:985][884]PIE: New page: PIE session: ThirdPersonExampleMap (Apr 9, 2015, 4:22:35 AM)
[2015.04.09-14.22.36:002][884]LogPlayLevel: PIE: StaticDuplicateObject took: (0.016513s)
[2015.04.09-14.22.36:003][884]LogPlayLevel: PIE: World Init took: (0.001222s)
[2015.04.09-14.22.36:003][884]LogPlayLevel: PIE: Created PIE world by copying editor world from /Game/ThirdPersonBP/Maps/ThirdPersonExampleMap.ThirdPersonExampleMap to /Game/ThirdPersonBP/Maps/UEDPIE_0_ThirdPersonExampleMap.ThirdPersonExampleMap (0.018155s)
[2015.04.09-14.22.36:053][884]LogWorld: Game class is 'ThirdPersonGameMode_C'
[2015.04.09-14.22.36:055][884]LogAIModule: Creating AISystem for world ThirdPersonExampleMap
[2015.04.09-14.22.36:061][884]LogWorld: Bringing World /Game/ThirdPersonBP/Maps/UEDPIE_0_ThirdPersonExampleMap.ThirdPersonExampleMap up for play (max tick rate 0) at 2015.04.09-09.22.36
[2015.04.09-14.22.36:063][884]LogWorld: Bringing up level for play took: 0.006639
[2015.04.09-14.22.36:067][884]PIE: Info Play in editor start time for /Game/ThirdPersonBP/Maps/UEDPIE_0_ThirdPersonExampleMap 0.871
[2015.04.09-14.22.49:990][283]LogActorComponent: UnregisterComponent: (/Engine/Transient.CharMoveComp) Not registered. Aborting.
[2015.04.09-14.22.49:990][283]LogActorComponent: UnregisterComponent: (/Engine/Transient.CharacterMovementComponent_0) Not registered. Aborting.
[2015.04.09-14.22.49:991][283]LogActorComponent: UnregisterComponent: (/Engine/Transient.CharacterMovementComponent_1) Not registered. Aborting.
[2015.04.09-14.22.50:047][283]LogParticles: Destroying 0 GPU particle simulations for FXSystem 0x0000002253A7CCC0
[2015.04.09-14.23.01:303][559]Cmd: MAP LOAD FILE="../../../../../Projects/ImaginaryFriendDemo/Content/Maps/Stylized_Kingdom.umap" TEMPLATE=0 SHOWPROGRESS=1 FEATURELEVEL=3
[2015.04.09-14.23.01:350][559]LightingResults: New page: Lighting Build
[2015.04.09-14.23.01:388][559]LoadErrors: New page: Loading map: Stylized_Kingdom.umap
[2015.04.09-14.23.01:390][559]MapCheck: New page: Map Check
[2015.04.09-14.23.01:390][559]LightingResults: New page: Lighting Build
[2015.04.09-14.23.01:403][559]LogParticles: Destroying 0 GPU particle simulations for FXSystem 0x000000221D7FDBC0
[2015.04.09-14.23.01:510][559]LogLinker:Warning: CreateExport: Failed to load Parent for Function /Game/ThirdPersonBP/Blueprints/ThirdPersonCharacter_Child.ThirdPersonCharacter_Child_C:UserConstructionScript; removing parent information, but keeping function
[2015.04.09-14.23.02:365][559]LogEditorServer: Finished looking for orphan Actors (0.000 secs)
[2015.04.09-14.23.03:213][559]LogAIModule: Creating AISystem for world Stylized_Kingdom
[2015.04.09-14.23.03:254][559]Cmd: MAP CHECKDEP
[2015.04.09-14.23.03:254][559]MapCheck: New page: Stylized_Kingdom - Apr 9, 2015, 4:23:03 AM
[2015.04.09-14.23.03:394][559]MapCheck: Info Map check complete: 0 Error(s), 0 Warning(s), took 139.9ms to complete.
[2015.04.09-14.23.03:394][559]LogFileHelpers: Loading map 'Stylized_Kingdom' took 2.094
[2015.04.09-14.23.03:464][560]Cmd: UpdateLandscapeEditorData -warnings
[2015.04.09-14.23.03:465][560]Cmd: UpdateLandscapeEditorData
[2015.04.09-14.23.31:638][729]BlueprintLog: New page: Pre-PIE auto-recompile
[2015.04.09-14.23.31:638][729]LogPlayLevel: [PIE] Compiling Stylized_Kingdom before PIE...
[2015.04.09-14.23.31:670][729]LogActorComponent: UnregisterComponent: (/Engine/Transient.CharMoveComp) Not registered. Aborting.
[2015.04.09-14.23.31:670][729]LogActorComponent: UnregisterComponent: (/Engine/Transient.CharacterMovementComponent_2) Not registered. Aborting.
[2015.04.09-14.23.31:670][729]LogActorComponent: UnregisterComponent: (/Engine/Transient.CharacterMovementComponent_3) Not registered. Aborting.
[2015.04.09-14.23.31:691][729]LogPlayLevel: PIE:  Blueprint regeneration took 53 ms (1 blueprints)
[2015.04.09-14.23.31:691][729]PIE: New page: PIE session: Stylized_Kingdom (Apr 9, 2015, 4:23:31 AM)
[2015.04.09-14.23.31:754][729]LogBlueprint:Warning: FMemberReference::ResolveMember (SetCinematicMode) bSelfContext == true, but no scope supplied!
[2015.04.09-14.23.31:754][729]LogBlueprint:Warning: FMemberReference::ResolveMember (SetCinematicMode) bSelfContext == true, but no scope supplied!
[2015.04.09-14.23.31:755][729]LogPlayLevel: PIE: StaticDuplicateObject took: (0.062773s)
[2015.04.09-14.23.31:755][729]LogPlayLevel: PIE: World Init took: (0.000543s)
[2015.04.09-14.23.31:755][729]LogPlayLevel: PIE: Created PIE world by copying editor world from /Game/Maps/Stylized_Kingdom.Stylized_Kingdom to /Game/Maps/UEDPIE_0_Stylized_Kingdom.Stylized_Kingdom (0.063567s)
[2015.04.09-14.23.31:790][729]LogWorld: Game class is 'ThirdPersonGameMode_C'
[2015.04.09-14.23.31:792][729]LogAIModule: Creating AISystem for world Stylized_Kingdom
[2015.04.09-14.23.31:854][729]LogWorld: Bringing World /Game/Maps/UEDPIE_0_Stylized_Kingdom.Stylized_Kingdom up for play (max tick rate 0) at 2015.04.09-09.23.31
[2015.04.09-14.23.31:857][729]LogWorld: Bringing up level for play took: 0.064216
[2015.04.09-14.23.31:860][729]PIE: Info Play in editor start time for /Game/Maps/UEDPIE_0_Stylized_Kingdom 0.664
[2015.04.09-14.24.03:497][857]Cmd: LevelEditor.ToggleImmersive
[2015.04.09-14.24.03:649][858]LogRenderer:Warning: Reallocating scene render targets to support 1424x736 (Frame:14669).
[2015.04.09-14.24.03:712][859]LogRenderer:Warning: Reallocating scene render targets to support 1920x1080 (Frame:14671).
[2015.04.09-14.27.19:600][161]LogParticles: Destroying 0 GPU particle simulations for FXSystem 0x000000221D2A8680
[2015.04.09-14.36.44:796][897]LogSavePackage: Save=3336.846191ms
[2015.04.09-14.36.44:796][897]LogSavePackage: Moving '../../../../../Projects/ImaginaryFriendDemo/Saved/Stylized_Kingdom_Auto1ACE6832C4EC0CA3F3F41E89991C15E61.tmp' to '../../../../../Projects/ImaginaryFriendDemo/Saved/Autosaves/Game/Maps/Stylized_Kingdom_Auto1.umap'
[2015.04.09-14.36.44:806][897]LogFileHelpers: Editor autosave (incl. sublevels) for '/Game/Maps/Stylized_Kingdom' took 3.498
[2015.04.09-14.36.44:806][897]LogFileHelpers: Editor autosave (incl. sublevels) for all levels took 3.498
[2015.04.09-14.36.44:900][897]OBJ SavePackage: Generating thumbnails for [0] asset(s) in package [/Game/ThirdPersonBP/Blueprints/ThirdPersonGameMode] ([1] browsable assets)...
[2015.04.09-14.36.44:900][897]OBJ SavePackage: Finished generating thumbnails for package [/Game/ThirdPersonBP/Blueprints/ThirdPersonGameMode]
[2015.04.09-14.36.45:001][897]LogSavePackage: Save=84.831665ms
[2015.04.09-14.36.45:001][897]LogSavePackage: Moving '../../../../../Projects/ImaginaryFriendDemo/Saved/ThirdPersonGameMode_Auto174448BAB47AB7B7559A9AD87D9F2460C.tmp' to '../../../../../Projects/ImaginaryFriendDemo/Saved/Autosaves/Game/ThirdPersonBP/Blueprints/ThirdPersonGameMode_Auto1.uasset'
[2015.04.09-14.36.45:052][897]LogFileHelpers: Auto-saving content packages took 0.246
[2015.04.09-19.50.55:383][505]Cmd: OBJ SAVEPACKAGE PACKAGE="/Game/Maps/Stylized_Kingdom" FILE="../../../../../Projects/ImaginaryFriendDemo/Content/Maps/Stylized_Kingdom.umap" SILENT=true AUTOSAVING=false KEEPDIRTY=false
[2015.04.09-19.50.58:840][505]LogSavePackage: Save=3373.116943ms
[2015.04.09-19.50.58:840][505]LogSavePackage: Moving '../../../../../Projects/ImaginaryFriendDemo/Saved/Stylized_KingdomE8463980470AFECCA78F91A93DCA40F9.tmp' to '../../../../../Projects/ImaginaryFriendDemo/Content/Maps/Stylized_Kingdom.umap'
[2015.04.09-19.50.58:907][505]LogFileHelpers: Saving map 'Stylized_Kingdom' took 3.678
[2015.04.09-19.50.58:912][505]Cmd: OBJ SAVEPACKAGE PACKAGE="/Game/ThirdPersonBP/Blueprints/ThirdPersonGameMode" FILE="../../../../../Projects/ImaginaryFriendDemo/Content/ThirdPersonBP/Blueprints/ThirdPersonGameMode.uasset" SILENT=true
[2015.04.09-19.50.58:921][505]LogSavePackage: Save=6.852128ms
[2015.04.09-19.50.58:921][505]LogSavePackage: Moving '../../../../../Projects/ImaginaryFriendDemo/Saved/ThirdPersonGameMode11DAD58143C508645CFBFDA398E51CD1.tmp' to '../../../../../Projects/ImaginaryFriendDemo/Content/ThirdPersonBP/Blueprints/ThirdPersonGameMode.uasset'
[2015.04.09-19.50.59:412][506]Cmd: QUIT_EDITOR
[2015.04.09-19.50.59:642][506]LogExit: Preparing to exit.
[2015.04.09-19.51.00:484][506]LogExit: Editor shut down
[2015.04.09-19.51.00:485][506]LogExit: Transaction tracking system shut down
[2015.04.09-19.51.00:490][506]LogParticles: Destroying 0 GPU particle simulations for FXSystem 0x000000221FE37420
[2015.04.09-19.51.00:494][506]LogParticles: Destroying 0 GPU particle simulations for FXSystem 0x000000225428D440
[2015.04.09-19.51.00:707][506]LogParticles: Destroying 0 GPU particle simulations for FXSystem 0x00000022511E6B60
[2015.04.09-19.51.00:707][506]LogExit: Object subsystem successfully closed.
[2015.04.09-19.51.00:760][506]LogModuleManager: Shutting down and abandoning module CrashTracker (177)
[2015.04.09-19.51.00:761][506]LogModuleManager: Shutting down and abandoning module SuperSearch (176)
[2015.04.09-19.51.00:761][506]LogModuleManager: Shutting down and abandoning module SceneOutliner (175)
[2015.04.09-19.51.00:761][506]LogModuleManager: Shutting down and abandoning module EditorWidgets (174)
[2015.04.09-19.51.00:761][506]LogModuleManager: Shutting down and abandoning module CollectionManager (173)
[2015.04.09-19.51.00:761][506]LogModuleManager: Shutting down and abandoning module StatsViewer (172)
[2015.04.09-19.51.00:761][506]LogModuleManager: Shutting down and abandoning module FoliageEdit (171)
[2015.04.09-19.51.00:761][506]LogModuleManager: Shutting down and abandoning module LandscapeEditor (170)
[2015.04.09-19.51.00:761][506]LogModuleManager: Shutting down and abandoning module MeshPaint (169)
[2015.04.09-19.51.00:761][506]LogModuleManager: Shutting down and abandoning module ActorPickerMode (168)
[2015.04.09-19.51.00:761][506]LogModuleManager: Shutting down and abandoning module GeometryMode (167)
[2015.04.09-19.51.00:761][506]LogModuleManager: Shutting down and abandoning module TextureAlignMode (166)
[2015.04.09-19.51.00:761][506]LogModuleManager: Shutting down and abandoning module BspMode (165)
[2015.04.09-19.51.00:761][506]LogModuleManager: Shutting down and abandoning module PlacementMode (164)
[2015.04.09-19.51.00:761][506]LogModuleManager: Shutting down and abandoning module AutomationWorker (163)
[2015.04.09-19.51.00:761][506]LogModuleManager: Shutting down and abandoning module CharacterAI (162)
[2015.04.09-19.51.00:761][506]LogModuleManager: Shutting down and abandoning module SmartSnapping (161)
[2015.04.09-19.51.00:761][506]LogModuleManager: Shutting down and abandoning module ViewportSnapping (160)
[2015.04.09-19.51.00:761][506]LogModuleManager: Shutting down and abandoning module LogVisualizer (159)
[2015.04.09-19.51.00:786][506]LogModuleManager: Shutting down and abandoning module GameProjectGeneration (158)
[2015.04.09-19.51.00:786][506]LogModuleManager: Shutting down and abandoning module IntroTutorials (157)
[2015.04.09-19.51.00:786][506]LogModuleManager: Shutting down and abandoning module EditorLiveStreaming (156)
[2015.04.09-19.51.00:786][506]LogModuleManager: Shutting down and abandoning module HardwareTargeting (155)
[2015.04.09-19.51.00:786][506]LogModuleManager: Shutting down and abandoning module DeviceProfileEditor (154)
[2015.04.09-19.51.00:786][506]LogModuleManager: Shutting down and abandoning module UndoHistory (153)
[2015.04.09-19.51.00:786][506]LogModuleManager: Shutting down and abandoning module GameplayTagsEditor (152)
[2015.04.09-19.51.00:786][506]LogModuleManager: Shutting down and abandoning module UserFeedback (151)
[2015.04.09-19.51.00:786][506]LogModuleManager: Shutting down and abandoning module XmlParser (150)
[2015.04.09-19.51.00:786][506]LogModuleManager: Shutting down and abandoning module Blutility (149)
[2015.04.09-19.51.00:786][506]LogModuleManager: Shutting down and abandoning module IOSPlatformEditor (148)
[2015.04.09-19.51.00:786][506]LogModuleManager: Shutting down and abandoning module IOSRuntimeSettings (147)
[2015.04.09-19.51.00:786][506]LogModuleManager: Shutting down and abandoning module AndroidDeviceDetection (146)
[2015.04.09-19.51.01:186][506]LogModuleManager: Shutting down and abandoning module AndroidPlatformEditor (145)
[2015.04.09-19.51.01:186][506]LogModuleManager: Shutting down and abandoning module AndroidRuntimeSettings (144)
[2015.04.09-19.51.01:186][506]LogModuleManager: Shutting down and abandoning module ProjectTargetPlatformEditor (143)
[2015.04.09-19.51.01:186][506]LogModuleManager: Shutting down and abandoning module ProjectSettingsViewer (142)
[2015.04.09-19.51.01:186][506]LogModuleManager: Shutting down and abandoning module InputBindingEditor (141)
[2015.04.09-19.51.01:216][506]LogModuleManager: Shutting down and abandoning module EditorSettingsViewer (140)
[2015.04.09-19.51.01:216][506]LogModuleManager: Shutting down and abandoning module SettingsEditor (139)
[2015.04.09-19.51.01:227][506]LogModuleManager: Shutting down and abandoning module ProjectLauncher (138)
[2015.04.09-19.51.01:227][506]LogModuleManager: Shutting down and abandoning module SessionFrontend (137)
[2015.04.09-19.51.01:227][506]LogModuleManager: Shutting down and abandoning module ProfilerClient (136)
[2015.04.09-19.51.01:227][506]LogModuleManager: Shutting down and abandoning module TargetDeviceServices (135)
[2015.04.09-19.51.01:227][506]LogModuleManager: Shutting down and abandoning module DeviceManager (134)
[2015.04.09-19.51.01:227][506]LogModuleManager: Shutting down and abandoning module AutomationController (133)
[2015.04.09-19.51.01:228][506]LogModuleManager: Shutting down and abandoning module AutomationWindow (132)
[2015.04.09-19.51.01:228][506]LogModuleManager: Shutting down and abandoning module Layers (131)
[2015.04.09-19.51.01:228][506]LogModuleManager: Shutting down and abandoning module ComponentVisualizers (130)
[2015.04.09-19.51.01:228][506]LogModuleManager: Shutting down and abandoning module DetailCustomizations (129)
[2015.04.09-19.51.01:228][506]LogModuleManager: Shutting down and abandoning module PackagesDialog (128)
[2015.04.09-19.51.01:228][506]LogModuleManager: Shutting down and abandoning module AssetRegistry (127)
[2015.04.09-19.51.01:328][506]LogModuleManager: Shutting down and abandoning module Persona (126)
[2015.04.09-19.51.01:345][506]LogModuleManager: Shutting down and abandoning module SlateReflector (125)
[2015.04.09-19.51.01:345][506]LogModuleManager: Shutting down and abandoning module LevelEditor (124)
[2015.04.09-19.51.01:346][506]LogModuleManager: Shutting down and abandoning module Kismet (123)
[2015.04.09-19.51.01:346][506]LogModuleManager: Shutting down and abandoning module GraphEditor (122)
[2015.04.09-19.51.01:346][506]LogModuleManager: Shutting down and abandoning module ClassViewer (121)
[2015.04.09-19.51.01:346][506]LogModuleManager: Shutting down and abandoning module Toolbox (120)
[2015.04.09-19.51.01:346][506]LogModuleManager: Shutting down and abandoning module ModuleUI (119)
[2015.04.09-19.51.01:346][506]LogModuleManager: Shutting down and abandoning module MovieSceneTools (118)
[2015.04.09-19.51.01:346][506]LogModuleManager: Shutting down and abandoning module OutputLog (117)
[2015.04.09-19.51.01:346][506]LogModuleManager: Shutting down and abandoning module GammaUI (116)
[2015.04.09-19.51.01:346][506]LogModuleManager: Shutting down and abandoning module Documentation (115)
[2015.04.09-19.51.01:346][506]LogModuleManager: Shutting down and abandoning module GameLiveStreaming (114)
[2015.04.09-19.51.01:346][506]LogModuleManager: Shutting down and abandoning module StreamingPauseRendering (113)
[2015.04.09-19.51.01:346][506]LogModuleManager: Shutting down and abandoning module HTTP (112)
[2015.04.09-19.51.01:346][506]LogModuleManager: Shutting down and abandoning module AnalyticsET (111)
[2015.04.09-19.51.01:346][506]LogModuleManager: Shutting down and abandoning module Analytics (110)
[2015.04.09-19.51.01:346][506]LogModuleManager: Shutting down and abandoning module AITestSuite (109)
[2015.04.09-19.51.01:346][506]LogModuleManager: Shutting down and abandoning module GameplayDebugger (108)
[2015.04.09-19.51.01:346][506]LogModuleManager: Shutting down and abandoning module AIModule (107)
[2015.04.09-19.51.01:346][506]LogModuleManager: Shutting down and abandoning module ProfilerService (106)
[2015.04.09-19.51.01:536][506]LogModuleManager: Shutting down and abandoning module TaskGraph (105)
[2015.04.09-19.51.01:536][506]LogModuleManager: Shutting down and abandoning module SlateRemote (104)
[2015.04.09-19.51.01:536][506]LogModuleManager: Shutting down and abandoning module ScriptEditorPlugin (103)
[2015.04.09-19.51.01:536][506]LogModuleManager: Shutting down and abandoning module CustomMeshComponent (102)
[2015.04.09-19.51.01:536][506]LogModuleManager: Shutting down and abandoning module CableComponent (101)
[2015.04.09-19.51.01:536][506]LogModuleManager: Shutting down and abandoning module MessagingDebugger (100)
[2015.04.09-19.51.01:536][506]LogModuleManager: Shutting down and abandoning module MediaPlayerEditor (99)
[2015.04.09-19.51.01:536][506]LogModuleManager: Shutting down and abandoning module SpeedTreeImporter (98)
[2015.04.09-19.51.01:536][506]LogModuleManager: Shutting down and abandoning module PluginsEditor (97)
[2015.04.09-19.51.01:536][506]LogModuleManager: Shutting down and abandoning module MainFrame (96)
[2015.04.09-19.51.01:536][506]LogModuleManager: Shutting down and abandoning module EpicSurvey (95)
[2015.04.09-19.51.01:536][506]LogModuleManager: Shutting down and abandoning module DesktopPlatform (94)
[2015.04.09-19.51.01:536][506]LogModuleManager: Shutting down and abandoning module DirectoryWatcher (93)
[2015.04.09-19.51.01:537][506]LogModuleManager: Shutting down and abandoning module HotReload (92)
[2015.04.09-19.51.01:537][506]LogModuleManager: Shutting down and abandoning module VisualStudioSourceCodeAccess (91)
[2015.04.09-19.51.01:537][506]LogModuleManager: Shutting down and abandoning module UObjectPlugin (90)
[2015.04.09-19.51.01:537][506]LogModuleManager: Shutting down and abandoning module SubversionSourceControl (89)
[2015.04.09-19.51.01:537][506]LogModuleManager: Shutting down and abandoning module PerforceSourceControl (88)
[2015.04.09-19.51.01:537][506]LogModuleManager: Shutting down and abandoning module SourceControl (87)
[2015.04.09-19.51.01:537][506]LogModuleManager: Shutting down and abandoning module GitSourceControl (86)
[2015.04.09-19.51.01:537][506]LogModuleManager: Shutting down and abandoning module BlankPlugin (85)
[2015.04.09-19.51.01:537][506]LogModuleManager: Shutting down and abandoning module PaperTiledImporter (84)
[2015.04.09-19.51.01:537][506]LogModuleManager: Shutting down and abandoning module PaperJsonImporter (83)
[2015.04.09-19.51.01:537][506]LogModuleManager: Shutting down and abandoning module ContentBrowser (82)
[2015.04.09-19.51.01:538][506]LogModuleManager: Shutting down and abandoning module Paper2DEditor (81)
[2015.04.09-19.51.01:538][506]LogModuleManager: Shutting down and abandoning module ScriptPlugin (80)
[2015.04.09-19.51.01:538][506]LogModuleManager: Shutting down and abandoning module UdpMessaging (79)
[2015.04.09-19.51.01:639][506]LogModuleManager: Shutting down and abandoning module Paper2D (78)
[2015.04.09-19.51.01:639][506]LogModuleManager: Shutting down and abandoning module WindowsMoviePlayer (77)
[2015.04.09-19.51.01:643][506]LogModuleManager: Shutting down and abandoning module Media (76)
[2015.04.09-19.51.01:643][506]LogModuleManager: Shutting down and abandoning module WmfMedia (75)
[2015.04.09-19.51.01:643][506]LogModuleManager: Shutting down and abandoning module OnlineBlueprintSupport (74)
[2015.04.09-19.51.01:643][506]LogModuleManager: Shutting down and abandoning module PropertyEditor (73)
[2015.04.09-19.51.01:643][506]LogModuleManager: Shutting down and abandoning module BehaviorTreeEditor (72)
[2015.04.09-19.51.01:643][506]LogModuleManager: Shutting down and abandoning module FunctionalTesting (71)
[2015.04.09-19.51.01:643][506]LogModuleManager: Shutting down and abandoning module CollisionAnalyzer (70)
[2015.04.09-19.51.01:644][506]LogModuleManager: Shutting down and abandoning module WorkspaceMenuStructure (69)
[2015.04.09-19.51.01:644][506]LogModuleManager: Shutting down and abandoning module MessageLog (68)
[2015.04.09-19.51.01:644][506]LogModuleManager: Shutting down and abandoning module Sequencer (67)
[2015.04.09-19.51.01:644][506]LogModuleManager: Shutting down and abandoning module AssetTools (66)
[2015.04.09-19.51.01:644][506]LogModuleManager: Shutting down and abandoning module UMGEditor (65)
[2015.04.09-19.51.01:644][506]LogModuleManager: Shutting down and abandoning module UMG (64)
[2015.04.09-19.51.01:644][506]LogModuleManager: Shutting down and abandoning module Slate (63)
[2015.04.09-19.51.01:644][506]LogModuleManager: Shutting down and abandoning module EditorStyle (62)
[2015.04.09-19.51.01:647][506]LogModuleManager: Shutting down and abandoning module SessionServices (61)
[2015.04.09-19.51.01:647][506]LogModuleManager: Shutting down and abandoning module SourceCodeAccess (60)
[2015.04.09-19.51.01:647][506]LogModuleManager: Shutting down and abandoning module HeadMountedDisplay (59)
[2015.04.09-19.51.01:647][506]LogModuleManager: Shutting down and abandoning module XAudio2 (58)
[2015.04.09-19.51.01:647][506]LogModuleManager: Shutting down and abandoning module Networking (56)
[2015.04.09-19.51.01:647][506]LogModuleManager: Shutting down and abandoning module Core (55)
[2015.04.09-19.51.01:647][506]LogModuleManager: Shutting down and abandoning module KismetCompiler (54)
[2015.04.09-19.51.01:647][506]LogModuleManager: Shutting down and abandoning module PhysXFormats (53)
[2015.04.09-19.51.01:647][506]LogModuleManager: Shutting down and abandoning module MeshUtilities (52)
[2015.04.09-19.51.01:647][506]LogModuleManager: Shutting down and abandoning module DerivedDataCache (51)
[2015.04.09-19.51.01:689][506]LogDerivedDataCache: Shutdown
[2015.04.09-19.51.01:689][506]LogModuleManager: Shutting down and abandoning module ShaderFormatOpenGL (50)
[2015.04.09-19.51.01:698][506]LogModuleManager: Shutting down and abandoning module ShaderFormatD3D (49)
[2015.04.09-19.51.01:698][506]LogModuleManager: Shutting down and abandoning module MetalShaderFormat (48)
[2015.04.09-19.51.01:698][506]LogModuleManager: Shutting down and abandoning module TextureFormatUncompressed (47)
[2015.04.09-19.51.01:698][506]LogModuleManager: Shutting down and abandoning module TextureFormatPVR (46)
[2015.04.09-19.51.01:698][506]LogModuleManager: Shutting down and abandoning module TextureFormatIntelISPCTexComp (45)
[2015.04.09-19.51.01:698][506]LogModuleManager: Shutting down and abandoning module TextureFormatDXT (44)
[2015.04.09-19.51.01:698][506]LogModuleManager: Shutting down and abandoning module ImageWrapper (43)
[2015.04.09-19.51.01:698][506]LogModuleManager: Shutting down and abandoning module TextureFormatASTC (42)
[2015.04.09-19.51.01:698][506]LogModuleManager: Shutting down and abandoning module TextureFormatAndroid (41)
[2015.04.09-19.51.01:698][506]LogModuleManager: Shutting down and abandoning module AudioFormatOpus (40)
[2015.04.09-19.51.01:698][506]LogModuleManager: Shutting down and abandoning module AudioFormatOgg (39)
[2015.04.09-19.51.01:698][506]LogModuleManager: Shutting down and abandoning module AudioFormatADPCM (38)
[2015.04.09-19.51.01:698][506]LogModuleManager: Shutting down and abandoning module LinuxTargetPlatform (37)
[2015.04.09-19.51.01:698][506]LogModuleManager: Shutting down and abandoning module LinuxServerTargetPlatform (36)
[2015.04.09-19.51.01:698][506]LogModuleManager: Shutting down and abandoning module LinuxNoEditorTargetPlatform (35)
[2015.04.09-19.51.01:698][506]LogModuleManager: Shutting down and abandoning module Messaging (34)
[2015.04.09-19.51.01:698][506]LogModuleManager: Shutting down and abandoning module IOSTargetPlatform (33)
[2015.04.09-19.51.01:698][506]LogModuleManager: Shutting down and abandoning module HTML5TargetPlatform (32)
[2015.04.09-19.51.01:698][506]LogModuleManager: Shutting down and abandoning module Android_PVRTCTargetPlatform (31)
[2015.04.09-19.51.01:698][506]LogModuleManager: Shutting down and abandoning module Android_ETC2TargetPlatform (30)
[2015.04.09-19.51.01:698][506]LogModuleManager: Shutting down and abandoning module Android_ETC1TargetPlatform (29)
[2015.04.09-19.51.01:698][506]LogModuleManager: Shutting down and abandoning module Android_ES31TargetPlatform (28)
[2015.04.09-19.51.01:698][506]LogModuleManager: Shutting down and abandoning module Android_DXTTargetPlatform (27)
[2015.04.09-19.51.01:698][506]LogModuleManager: Shutting down and abandoning module Android_ATCTargetPlatform (26)
[2015.04.09-19.51.01:698][506]LogModuleManager: Shutting down and abandoning module AndroidTargetPlatform (25)
[2015.04.09-19.51.01:698][506]LogModuleManager: Shutting down and abandoning module WindowsTargetPlatform (24)
[2015.04.09-19.51.01:698][506]LogModuleManager: Shutting down and abandoning module WindowsServerTargetPlatform (23)
[2015.04.09-19.51.01:698][506]LogModuleManager: Shutting down and abandoning module WindowsNoEditorTargetPlatform (22)
[2015.04.09-19.51.01:698][506]LogModuleManager: Shutting down and abandoning module WindowsClientTargetPlatform (21)
[2015.04.09-19.51.01:698][506]LogModuleManager: Shutting down and abandoning module TargetPlatform (20)
[2015.04.09-19.51.01:698][506]LogModuleManager: Shutting down and abandoning module InputCore (19)
[2015.04.09-19.51.01:698][506]LogModuleManager: Shutting down and abandoning module Settings (18)
[2015.04.09-19.51.01:698][506]LogModuleManager: Shutting down and abandoning module OnlineSubsystem (16)
[2015.04.09-19.51.01:699][506]LogModuleManager: Shutting down and abandoning module OculusRift (15)
[2015.04.09-19.51.01:699][506]LogModuleManager: Shutting down and abandoning module ExampleDeviceProfileSelector (14)
[2015.04.09-19.51.01:699][506]LogModuleManager: Shutting down and abandoning module TextureCompressor (13)
[2015.04.09-19.51.01:699][506]LogModuleManager: Shutting down and abandoning module ShaderCore (12)
[2015.04.09-19.51.01:699][506]LogModuleManager: Shutting down and abandoning module Landscape (11)
[2015.04.09-19.51.01:699][506]LogModuleManager: Shutting down and abandoning module SlateRHIRenderer (10)
[2015.04.09-19.51.01:700][506]LogModuleManager: Shutting down and abandoning module OpenGLDrv (9)
[2015.04.09-19.51.01:700][506]LogModuleManager: Shutting down and abandoning module D3D11RHI (8)
[2015.04.09-19.51.01:700][506]LogModuleManager: Shutting down and abandoning module Renderer (7)
[2015.04.09-19.51.01:700][506]LogModuleManager: Shutting down and abandoning module Engine (6)
[2015.04.09-19.51.01:700][506]LogModuleManager: Shutting down and abandoning module CoreUObject (5)
[2015.04.09-19.51.01:700][506]LogModuleManager: Shutting down and abandoning module NetworkFile (4)
[2015.04.09-19.51.01:700][506]LogModuleManager: Shutting down and abandoning module StreamingFile (3)
[2015.04.09-19.51.01:700][506]LogModuleManager: Shutting down and abandoning module SandboxFile (2)
[2015.04.09-19.51.01:700][506]LogModuleManager: Shutting down and abandoning module PakFile (1)
[2015.04.09-19.51.01:701][506]LogExit: Exiting.
[2015.04.09-19.51.01:722][506]Log file closed, 04/09/15 14:51:01
