Log file open, 04/16/15 13:06:16
LogInit:Display: Running engine for game: ImaginaryFriendDemo
LogInit: Version: 4.7.5-2503383+++depot+UE4-Releases+4.7
LogInit: API Version: 2455222
LogInit: Compiled (64-bit): Apr  6 2015 23:21:51
LogInit: Compiled with Visual C++: 18.00.21005.01
LogInit: Build Configuration: Development
LogInit: Branch Name: ++depot+UE4-Releases+4.7
LogInit: Command line:  
LogInit: Base directory: E:/Unreal/Epic Games/4.7/Engine/Binaries/Win64/
LogInit: Rocket: 1
[2015.04.16-18.06.16:942][  0]LogTaskGraph: Started task graph with 3 named threads and 6 total threads.
[2015.04.16-18.06.16:992][  0]LogOnline:Warning: No default platform service specified for OnlineSubsystem
[2015.04.16-18.06.17:000][  0]LogInit: Presizing for 0 objects not considered by GC, pre-allocating 0 bytes.
[2015.04.16-18.06.17:007][  0]LogInit: Object subsystem initialized
[2015.04.16-18.06.17:008][  0]LogConsoleResponse:Warning: Skipping Unknown console variable: 'TranslucentSortAxis = (X=0.000000,Y=-1.000000,Z=0.000000)'
[2015.04.16-18.06.17:008][  0]LogConsoleResponse:Warning:   Found in ini file 'E:/Unreal/Projects/ImaginaryFriendDemo/Saved/Config/Windows/Engine.ini', in section '[/Script/Engine.RendererSettings]'
[2015.04.16-18.06.17:008][  0]LogConsoleResponse:Warning: Skipping Unknown console variable: 'UIScaleRule = ShortestSide'
[2015.04.16-18.06.17:008][  0]LogConsoleResponse:Warning:   Found in ini file 'E:/Unreal/Projects/ImaginaryFriendDemo/Saved/Config/Windows/Engine.ini', in section '[/Script/Engine.RendererSettings]'
[2015.04.16-18.06.17:008][  0]LogConsoleResponse:Warning: Skipping Unknown console variable: 'UIScaleCurve = (EditorCurveData=(Keys=),ExternalCurve=None)'
[2015.04.16-18.06.17:008][  0]LogConsoleResponse:Warning:   Found in ini file 'E:/Unreal/Projects/ImaginaryFriendDemo/Saved/Config/Windows/Engine.ini', in section '[/Script/Engine.RendererSettings]'
[2015.04.16-18.06.17:008][  0]LogInit: Selected Device Profile: [Windows]
[2015.04.16-18.06.17:009][  0]LogInit: Applying CVar settings loaded from the selected device profile: [Windows]
[2015.04.16-18.06.17:012][  0]LogInit: Computer: COMPY
[2015.04.16-18.06.17:012][  0]LogInit: User: Nick
[2015.04.16-18.06.17:012][  0]LogInit: CPU Page size=4096, Cores=4
[2015.04.16-18.06.17:012][  0]LogInit: High frequency timer resolution =14.318180 MHz
[2015.04.16-18.06.17:012][  0]LogMemory: Memory total: Physical=15.9GB (16GB approx) Virtual=131072.0GB
[2015.04.16-18.06.17:012][  0]LogMemory: Platform Memory Stats for Windows
[2015.04.16-18.06.17:012][  0]LogMemory: Process Physical Memory: 46.01 MB used, 46.01 MB peak
[2015.04.16-18.06.17:012][  0]LogMemory: Process Virtual Memory: 26.26 MB used, 26.27 MB peak
[2015.04.16-18.06.17:012][  0]LogMemory: Physical Memory: 3683.66 MB used, 16259.70 MB total
[2015.04.16-18.06.17:012][  0]LogMemory: Virtual Memory: 285.90 MB used, 134217728.00 MB total
[2015.04.16-18.06.17:024][  0]LogD3D11RHI: Found D3D11 adapter 0: AMD Radeon HD 7900 Series (Feature Level 11_0)
[2015.04.16-18.06.17:024][  0]LogD3D11RHI: Adapter has 3051MB of dedicated video memory, 0MB of dedicated system memory, and 3840MB of shared system memory, 2 output[s]
[2015.04.16-18.06.17:027][  0]LogD3D11RHI: Found D3D11 adapter 1: Intel(R) HD Graphics 4600 (Feature Level 11_0)
[2015.04.16-18.06.17:027][  0]LogD3D11RHI: Adapter has 32MB of dedicated video memory, 0MB of dedicated system memory, and 1760MB of shared system memory, 0 output[s]
[2015.04.16-18.06.17:028][  0]LogD3D11RHI: Found D3D11 adapter 2: Microsoft Basic Render Driver (Feature Level 11_0)
[2015.04.16-18.06.17:028][  0]LogD3D11RHI: Adapter has 0MB of dedicated video memory, 0MB of dedicated system memory, and 256MB of shared system memory, 0 output[s]
[2015.04.16-18.06.17:028][  0]LogD3D11RHI: Chosen D3D11 Adapter Id = 0
[2015.04.16-18.06.17:031][  0]LogRHI: Texture pool is 1361 MB (70% of 1945 MB)
[2015.04.16-18.06.17:034][  0]LogD3D11RHI: Async texture creation disabled: no driver support
[2015.04.16-18.06.17:089][  0]LogTextLocalizationManager: The requested culture ('en_US') has no localization data; parent culture's ('en') localization data will be used.
[2015.04.16-18.06.17:129][  0]LogTextLocalizationManager:Warning: Loading localization resources contain conflicting entries for (Namespace:UICommands, Key:Save_ToolTip):
Resource: (E:/Unreal/Epic Games/4.7/Engine/Content/Localization/Editor/en/Editor.locres) Hash: (-29098895) String: (Saves the current level to disk)
Resource: (E:/Unreal/Epic Games/4.7/Engine/Content/Localization/Engine/en/Engine.locres) Hash: (-1280300587) String: (Save selected data to vlog file)
[2015.04.16-18.06.17:129][  0]LogTextLocalizationManager:Warning: Loading localization resources contain conflicting entries for (Namespace:ContentBrowser, Key:ImportAssetToolTip):
Resource: (E:/Unreal/Epic Games/4.7/Engine/Content/Localization/Editor/en/Editor.locres) Hash: (-630476809) String: (Import to {0}...)
Resource: (E:/Unreal/Epic Games/4.7/Engine/Content/Localization/Editor/en/Editor.locres) Hash: (1271782899) String: (Imports an asset from file to this folder.)
[2015.04.16-18.06.17:186][  0]LogContentStreaming: Texture pool size is 0.000000MB
[2015.04.16-18.06.20:725][  0]LogTargetPlatformManager:Display: Building Assets For Windows
[2015.04.16-18.06.22:899][  0]LogTargetPlatformManager:Display: Building Assets For Windows
[2015.04.16-18.06.23:070][  0]LogDerivedDataCache:Display: Max Cache Size: 512 MB
[2015.04.16-18.06.23:178][  0]LogDerivedDataCache: Loaded boot cache 0.11s 39MB C:/Users/Nick/AppData/Local/UnrealEngine/4.7/DerivedDataCache/Boot.ddc.
[2015.04.16-18.06.23:178][  0]LogDerivedDataCache:Display: Loaded Boot cache: C:/Users/Nick/AppData/Local/UnrealEngine/4.7/DerivedDataCache/Boot.ddc
[2015.04.16-18.06.23:178][  0]LogDerivedDataCache: FDerivedDataBackendGraph:  Pak pak cache file ../../../../../Projects/ImaginaryFriendDemo/DerivedDataCache/DDC.ddp not found, will not use a pak cache.
[2015.04.16-18.06.23:178][  0]LogDerivedDataCache: Unable to find inner node Pak for hierarchical cache Hierarchy.
[2015.04.16-18.06.23:318][  0]LogDerivedDataCache:Display: Pak cache opened for reading ../../../Engine/DerivedDataCache/Compressed.ddp.
[2015.04.16-18.06.23:332][  0]LogDerivedDataCache: Using Local data cache path C:/Users/Nick/AppData/Local/UnrealEngine/Common/DerivedDataCache: Writable
[2015.04.16-18.06.32:193][  0]LogMeshUtilities: No automatic mesh reduction module available
[2015.04.16-18.06.32:193][  0]LogMeshUtilities: No automatic mesh merging module available
[2015.04.16-18.06.38:231][  0]LogInit: WinSock: version 1.1 (2.2), MaxSocks=32767, MaxUdp=65467
[2015.04.16-18.06.38:925][  0]LogSlate:Warning: Failed to load font data from '../../../Engine/Content/Slate/Fonts/Roboto-Italic.ttf'
[2015.04.16-18.06.59:396][  0]UdpMessaging: Initializing bridge on interface 0.0.0.0:0 to multicast group 230.0.0.1:6666.
[2015.04.16-18.07.00:531][  0]SourceControl: Info Source control is disabled
[2015.04.16-18.07.00:539][  0]SourceControl: Info Source control is disabled
[2015.04.16-18.07.00:539][  0]SourceControl: Info Source control is disabled
[2015.04.16-18.07.00:539][  0]LogSourceControl: RunCommandInternalRaw: 'git version'
[2015.04.16-18.07.00:539][  0]LogSourceControl: RunCommandInternalRaw: ExecProcess ReturnCode=2 OutResults=''
[2015.04.16-18.07.00:545][  0]SourceControl: Info Source control is disabled
[2015.04.16-18.07.01:847][  0]LogObj: 24232 objects as part of root set at end of initial load.
[2015.04.16-18.07.01:847][  0]LogUObjectAllocator: 5137168 out of 0 bytes used by permanent object pool.
[2015.04.16-18.07.02:709][  0]LogEngine: Initializing Engine...
[2015.04.16-18.07.06:682][  0]LogInit: XAudio2 using 'Line Out (4- Scarlett 2i2 USB)' : 2 channels at 44.1 kHz using 16 bits per sample (channel mask 0x3)
[2015.04.16-18.07.06:691][  0]LogInit: FAudioDevice initialized.
[2015.04.16-18.07.07:696][  0]LogAIModule: Creating AISystem for world NewWorld
[2015.04.16-18.07.08:003][  0]LogDerivedDataCache: Saved boot cache 0.02s 39MB C:/Users/Nick/AppData/Local/UnrealEngine/4.7/DerivedDataCache/Boot.ddc.
[2015.04.16-18.07.08:006][  0]LogInit: Texture streaming: Enabled
[2015.04.16-18.07.08:656][  0]LogAnalytics: Creating configured Analytics provider AnalyticsET
[2015.04.16-18.07.08:656][  0]LogAnalytics: ET APIKey = Rocket.Release. APIServer = http://et2.epicgames.com/ET2/. AppVersion = 4.7.5-2503383+++depot+UE4-Releases+4.7
[2015.04.16-18.07.08:656][  0]LogAnalytics: ET APIKey = Rocket.Release. DataRouterUploadURL = https://datarouter-public-service-gamedev.ol.epicgames.net/datarouter/api/v1/public/data. AppVersion = 4.7.5-2503383+++depot+UE4-Releases+4.7
[2015.04.16-18.07.08:656][  0]LogAnalytics: SetUserId ae2fd81d40e74e933ac176aa65f19d69|a11a1d6788b14be38425ce267983457b|5433b200-1896-4b41-b217-14931c041df8
[2015.04.16-18.07.08:682][  0]LogAnalytics: AnalyticsET::StartSession [Rocket.Release]
[2015.04.16-18.07.08:939][  0]LogInit: Transaction tracking system initialized
[2015.04.16-18.07.10:306][  0]BlueprintLog: New page: Editor Load
[2015.04.16-18.07.10:522][  0]LogAssetRegistry: FAssetRegistry took 0.0409 seconds to start up
[2015.04.16-18.07.10:523][  0]LogDirectoryWatcher:Warning: Failed to begin reading directory changes for ../../../Engine/Plugins/Experimental/CharacterAI/Content/. Error: 0
[2015.04.16-18.07.20:574][  0]LogTargetPlatformManager:Display: Building Assets For Windows
[2015.04.16-18.07.22:154][  0]LogTargetPlatformManager:Display: Building Assets For Windows
[2015.04.16-18.07.23:424][  0]LogSlate:Warning: Failed to load font data from '../../../Engine/Content/Editor/Slate/Fonts/Roboto-Regular.ttf'
[2015.04.16-18.07.23:424][  0]LogSlate:Warning: Failed to load font data from '../../../Engine/Content/Editor/Slate/Fonts/Roboto-Bold.ttf'
[2015.04.16-18.07.23:513][  0]LogConsoleResponse:Display: 
[2015.04.16-18.07.28:177][  0]LogCook:Display: Done creating registry. It took  0.00s.
[2015.04.16-18.07.33:318][  0]SourceControl: Info Source control is disabled
[2015.04.16-18.07.33:481][  0]Cmd: MAP LOAD FILE="../../../../../Projects/ImaginaryFriendDemo/Content/ThirdPersonBP/Maps/ThirdPersonExampleMap.umap" TEMPLATE=0 SHOWPROGRESS=1 FEATURELEVEL=3
[2015.04.16-18.07.33:575][  0]LightingResults: New page: Lighting Build
[2015.04.16-18.07.34:108][  0]MapCheck: New page: Map Check
[2015.04.16-18.07.34:108][  0]LightingResults: New page: Lighting Build
[2015.04.16-18.07.34:690][  0]LogParticles: Destroying 0 GPU particle simulations for FXSystem 0x0000002410E9E520
[2015.04.16-18.07.43:987][  0]LogLinker:Warning: Asset '../../../Engine/Content/EngineMeshes/Humanoid.uasset' has been saved with empty engine version. The asset will be loaded but may be incompatible.
[2015.04.16-18.07.46:747][  0]LogAnimation:Warning: UAnimMontage::PostLoad: The actual sequence length for montage AM_Player_Death does not match the length stored in the asset, please resave the montage asset.
[2015.04.16-18.07.46:748][  0]LogAnimation:Warning: UAnimMontage::PostLoad: The actual sequence length for montage AM_Player_Sprint_Attack does not match the length stored in the asset, please resave the montage asset.
[2015.04.16-18.07.48:330][  0]LogEditorServer: Finished looking for orphan Actors (0.000 secs)
[2015.04.16-18.07.50:286][  0]LogAIModule: Creating AISystem for world ThirdPersonExampleMap
[2015.04.16-18.07.50:306][  0]Cmd: MAP CHECKDEP
[2015.04.16-18.07.50:323][  0]MapCheck: New page: ThirdPersonExampleMap - Apr 16, 2015, 8:07:50 AM
[2015.04.16-18.07.50:476][  0]MapCheck: Info Map check complete: 0 Error(s), 0 Warning(s), took 169.028ms to complete.
[2015.04.16-18.07.50:476][  0]LogFileHelpers: Loading map 'ThirdPersonExampleMap' took 17.085
[2015.04.16-18.07.52:540][  0]LogCollectionManager: Loaded 0 collections in 0.001446 seconds
[2015.04.16-18.07.52:587][  0]LogContentBrowser: Native class hierarchy populated in 0.0470 seconds. Added 1696 classes and 261 folders.
[2015.04.16-18.07.52:773][  0]LogContentBrowser:Verbose: The content browser source was changed by the sources view to '/Game'
[2015.04.16-18.07.52:849][  0]LogContentBrowser: Native class hierarchy updated for 'SceneOutliner' in 0.0010 seconds. Added 1 classes and 2 folders.
[2015.04.16-18.07.54:219][  0]LogCrashTracker: Crashtracker disabled due to settings.
[2015.04.16-18.07.54:291][  0]LogSlate:Warning: Failed to load font data from 'Veranda'
[2015.04.16-18.07.54:391][  0]LogUObjectGlobals:Warning: Failed to find object 'Class None.'
[2015.04.16-18.07.54:467][  0]LogLoad: Full Startup: 99.49 seconds (BP compile: 3.19 seconds)
[2015.04.16-18.07.55:641][  0]LogRenderer:Warning: Reallocating scene render targets to support 32x32 (Frame:2).
[2015.04.16-18.07.56:614][  0]LogRenderer:Warning: Reallocating scene render targets to support 1208x584 (Frame:4).
[2015.04.16-18.07.57:667][  4]LogAssetRegistry: Asset discovery search completed in 47.1854 seconds
[2015.04.16-18.19.18:785][419]LogEditorViewport: Clicking on Actor (LMB): StaticMeshActor (Floor)
[2015.04.16-18.19.32:002][868]LogEditorViewport: Clicking on Actor (LMB): ThirdPersonCharacter_C (ThirdPersonCharacter)
[2015.04.16-18.23.59:740][791]LogRenderer:Warning: Reallocating scene render targets to support 1208x744 (Frame:3661).
[2015.04.16-18.24.31:745][208]LogActorComponent: UnregisterComponent: (/Engine/Transient.CharMoveComp) Not registered. Aborting.
[2015.04.16-18.24.31:745][208]LogActorComponent: UnregisterComponent: (/Engine/Transient.CharacterMovementComponent_0) Not registered. Aborting.
[2015.04.16-18.24.31:745][208]LogActorComponent: UnregisterComponent: (/Engine/Transient.ProjectileMovementComponent_0__F50812FA) Not registered. Aborting.
[2015.04.16-18.24.48:833][646]LogSavePackage: Save=2028.760132ms
[2015.04.16-18.24.48:833][646]LogSavePackage: Moving '../../../../../Projects/ImaginaryFriendDemo/Saved/ThirdPersonExampleMap_Auto1F2A75E3A4F9D2E3EDD44808B73B3343C.tmp' to '../../../../../Projects/ImaginaryFriendDemo/Saved/Autosaves/Game/ThirdPersonBP/Maps/ThirdPersonExampleMap_Auto1.umap'
[2015.04.16-18.24.48:905][646]LogFileHelpers: Editor autosave (incl. sublevels) for '/Game/ThirdPersonBP/Maps/ThirdPersonExampleMap' took 2.647
[2015.04.16-18.24.48:905][646]LogFileHelpers: Editor autosave (incl. sublevels) for all levels took 2.647
[2015.04.16-18.24.48:949][646]OBJ SavePackage: Generating thumbnails for [1] asset(s) in package [/Game/Blueprints/Game/BP_Player_Character_Pawn] ([1] browsable assets)...
[2015.04.16-18.24.48:966][646]OBJ SavePackage:     Rendered thumbnail for [Blueprint /Game/Blueprints/Game/BP_Player_Character_Pawn.BP_Player_Character_Pawn]
[2015.04.16-18.24.48:966][646]OBJ SavePackage: Finished generating thumbnails for package [/Game/Blueprints/Game/BP_Player_Character_Pawn]
[2015.04.16-18.24.50:279][646]LogSavePackage: Save=1248.613281ms
[2015.04.16-18.24.50:281][646]LogSavePackage: Moving '../../../../../Projects/ImaginaryFriendDemo/Saved/BP_Player_Character_Pawn_Auto1D1CFC7B849BE823E68B40394FC720B9E.tmp' to '../../../../../Projects/ImaginaryFriendDemo/Saved/Autosaves/Game/Blueprints/Game/BP_Player_Character_Pawn_Auto1.uasset'
[2015.04.16-18.24.50:308][646]LogFileHelpers: Auto-saving content packages took 1.404
[2015.04.16-18.34.53:333][556]LogActorComponent: UnregisterComponent: (/Engine/Transient.CharMoveComp) Not registered. Aborting.
[2015.04.16-18.34.53:368][556]LogFileHelpers: Editor autosave (incl. sublevels) for '/Game/ThirdPersonBP/Maps/ThirdPersonExampleMap' took 0.035
[2015.04.16-18.34.53:409][556]OBJ SavePackage: Generating thumbnails for [1] asset(s) in package [/Game/Blueprints/Game/BP_Player_Character_Pawn] ([1] browsable assets)...
[2015.04.16-18.34.53:428][556]OBJ SavePackage:     Rendered thumbnail for [Blueprint /Game/Blueprints/Game/BP_Player_Character_Pawn.BP_Player_Character_Pawn]
[2015.04.16-18.34.53:428][556]OBJ SavePackage: Finished generating thumbnails for package [/Game/Blueprints/Game/BP_Player_Character_Pawn]
[2015.04.16-18.34.54:689][556]LogSavePackage: Save=1242.710815ms
[2015.04.16-18.34.54:689][556]LogSavePackage: Moving '../../../../../Projects/ImaginaryFriendDemo/Saved/BP_Player_Character_Pawn_Auto26D773ADC4D8EAFCDD86FDFB4961DDBFD.tmp' to '../../../../../Projects/ImaginaryFriendDemo/Saved/Autosaves/Game/Blueprints/Game/BP_Player_Character_Pawn_Auto2.uasset'
[2015.04.16-18.34.54:728][556]LogFileHelpers: Auto-saving content packages took 1.360
[2015.04.16-18.41.43:101][183]LogActorComponent: UnregisterComponent: (/Engine/Transient.CharMoveComp) Not registered. Aborting.
[2015.04.16-18.42.08:131][949]BlueprintLog: New page: Compile BP_Player_Character_Pawn
[2015.04.16-18.42.08:679][949]BlueprintEditorCompileResults: Info [2153.70] Compile of BP_Player_Character_Pawn successful! [in 547 ms]
[2015.04.16-18.42.17:635][ 11]BlueprintLog: New page: Compile BP_Player_Character_Pawn
[2015.04.16-18.42.18:186][ 11]BlueprintEditorCompileResults: Info [2163.21] Compile of BP_Player_Character_Pawn successful! [in 549 ms]
[2015.04.16-18.45.08:824][  9]LogSavePackage: Save=1967.934692ms
[2015.04.16-18.45.08:824][  9]LogSavePackage: Moving '../../../../../Projects/ImaginaryFriendDemo/Saved/ThirdPersonExampleMap_Auto34DAC9BB74062A301D069F7B044DBA00F.tmp' to '../../../../../Projects/ImaginaryFriendDemo/Saved/Autosaves/Game/ThirdPersonBP/Maps/ThirdPersonExampleMap_Auto3.umap'
[2015.04.16-18.45.08:939][  9]LogFileHelpers: Editor autosave (incl. sublevels) for '/Game/ThirdPersonBP/Maps/ThirdPersonExampleMap' took 2.228
[2015.04.16-18.45.08:939][  9]LogFileHelpers: Editor autosave (incl. sublevels) for all levels took 2.228
[2015.04.16-18.45.08:984][  9]OBJ SavePackage: Generating thumbnails for [1] asset(s) in package [/Game/Blueprints/Game/BP_Player_Character_Pawn] ([1] browsable assets)...
[2015.04.16-18.45.09:004][  9]OBJ SavePackage:     Rendered thumbnail for [Blueprint /Game/Blueprints/Game/BP_Player_Character_Pawn.BP_Player_Character_Pawn]
[2015.04.16-18.45.09:004][  9]OBJ SavePackage: Finished generating thumbnails for package [/Game/Blueprints/Game/BP_Player_Character_Pawn]
[2015.04.16-18.45.10:257][  9]LogSavePackage: Save=1234.132080ms
[2015.04.16-18.45.10:258][  9]LogSavePackage: Moving '../../../../../Projects/ImaginaryFriendDemo/Saved/BP_Player_Character_Pawn_Auto36A7A6BF746DC283F507CABB07EBD1AEB.tmp' to '../../../../../Projects/ImaginaryFriendDemo/Saved/Autosaves/Game/Blueprints/Game/BP_Player_Character_Pawn_Auto3.uasset'
[2015.04.16-18.45.10:263][  9]LogFileHelpers: Auto-saving content packages took 1.323
[2015.04.16-18.52.28:640][261]BlueprintLog: New page: Compile BP_Player_Character_Pawn
[2015.04.16-18.52.29:156][261]LogActorComponent: UnregisterComponent: (/Engine/Transient.CharMoveComp) Not registered. Aborting.
[2015.04.16-18.52.29:216][261]BlueprintEditorCompileResults: Info [2774.24] Compile of BP_Player_Character_Pawn successful! [in 575 ms]
[2015.04.16-18.55.12:748][260]LogSavePackage: Save=1760.394531ms
[2015.04.16-18.55.12:748][260]LogSavePackage: Moving '../../../../../Projects/ImaginaryFriendDemo/Saved/ThirdPersonExampleMap_Auto40529C9664ADECF9B8EA00B9B422762EB.tmp' to '../../../../../Projects/ImaginaryFriendDemo/Saved/Autosaves/Game/ThirdPersonBP/Maps/ThirdPersonExampleMap_Auto4.umap'
[2015.04.16-18.55.12:829][260]LogFileHelpers: Editor autosave (incl. sublevels) for '/Game/ThirdPersonBP/Maps/ThirdPersonExampleMap' took 2.040
[2015.04.16-18.55.12:829][260]LogFileHelpers: Editor autosave (incl. sublevels) for all levels took 2.040
[2015.04.16-18.55.12:869][260]OBJ SavePackage: Generating thumbnails for [1] asset(s) in package [/Game/Blueprints/Game/BP_Player_Character_Pawn] ([1] browsable assets)...
[2015.04.16-18.55.12:886][260]OBJ SavePackage:     Rendered thumbnail for [Blueprint /Game/Blueprints/Game/BP_Player_Character_Pawn.BP_Player_Character_Pawn]
[2015.04.16-18.55.12:886][260]OBJ SavePackage: Finished generating thumbnails for package [/Game/Blueprints/Game/BP_Player_Character_Pawn]
[2015.04.16-18.55.14:128][260]LogSavePackage: Save=1234.514893ms
[2015.04.16-18.55.14:128][260]LogSavePackage: Moving '../../../../../Projects/ImaginaryFriendDemo/Saved/BP_Player_Character_Pawn_Auto4952E93924E3A74F0EFCCEC89EABF2D0F.tmp' to '../../../../../Projects/ImaginaryFriendDemo/Saved/Autosaves/Game/Blueprints/Game/BP_Player_Character_Pawn_Auto4.uasset'
[2015.04.16-18.55.14:139][260]LogFileHelpers: Auto-saving content packages took 1.310
[2015.04.16-18.57.36:367][590]BlueprintLog: New page: Pre-PIE auto-recompile
[2015.04.16-18.57.36:373][590]LogPlayLevel: [PIE] Compiling AB_Player_Character before PIE...
[2015.04.16-18.57.36:734][590]LogActorComponent: UnregisterComponent: (/Engine/Transient.CharMoveComp) Not registered. Aborting.
[2015.04.16-18.57.36:769][590]LogPlayLevel: PIE:  Blueprint regeneration took 403 ms (1 blueprints)
[2015.04.16-18.57.36:769][590]PIE: New page: PIE session: ThirdPersonExampleMap (Apr 16, 2015, 8:57:36 AM)
[2015.04.16-18.57.36:789][590]LogPlayLevel: PIE: StaticDuplicateObject took: (0.018510s)
[2015.04.16-18.57.36:790][590]LogPlayLevel: PIE: World Init took: (0.000802s)
[2015.04.16-18.57.36:790][590]LogPlayLevel: PIE: Created PIE world by copying editor world from /Game/ThirdPersonBP/Maps/ThirdPersonExampleMap.ThirdPersonExampleMap to /Game/ThirdPersonBP/Maps/UEDPIE_0_ThirdPersonExampleMap.ThirdPersonExampleMap (0.019505s)
[2015.04.16-18.57.36:930][590]LogWorld: Game class is 'ThirdPersonGameMode_C'
[2015.04.16-18.57.37:057][590]LogAIModule: Creating AISystem for world ThirdPersonExampleMap
[2015.04.16-18.57.37:061][590]LogWorld: Bringing World /Game/ThirdPersonBP/Maps/UEDPIE_0_ThirdPersonExampleMap.ThirdPersonExampleMap up for play (max tick rate 0) at 2015.04.16-13.57.37
[2015.04.16-18.57.37:180][590]LogWorld: Bringing up level for play took: 0.122914
[2015.04.16-18.57.37:290][590]PIE: Info Play in editor start time for /Game/ThirdPersonBP/Maps/UEDPIE_0_ThirdPersonExampleMap 1.755
[2015.04.16-18.57.37:509][590]LogRenderer:Warning: Reallocating scene render targets to support 1296x760 (Frame:3720).
[2015.04.16-18.57.37:547][591]LogCharacterMovement:Warning: GetSimulationTimeStep() - Max iterations 8 hit while remaining time 0.090262 > MaxSimulationTimeStep (0.050) for 'BP_Player_Character_Pawn_C_35'
[2015.04.16-18.57.45:142][362]LogParticles: Destroying 0 GPU particle simulations for FXSystem 0x000000241656F060
[2015.04.16-18.57.48:850][795]LogPlayLevel: PIE:  No blueprints needed recompiling
[2015.04.16-18.57.48:850][795]PIE: New page: PIE session: ThirdPersonExampleMap (Apr 16, 2015, 8:57:48 AM)
[2015.04.16-18.57.48:866][795]LogPlayLevel: PIE: StaticDuplicateObject took: (0.016191s)
[2015.04.16-18.57.48:867][795]LogPlayLevel: PIE: World Init took: (0.000754s)
[2015.04.16-18.57.48:867][795]LogPlayLevel: PIE: Created PIE world by copying editor world from /Game/ThirdPersonBP/Maps/ThirdPersonExampleMap.ThirdPersonExampleMap to /Game/ThirdPersonBP/Maps/UEDPIE_0_ThirdPersonExampleMap.ThirdPersonExampleMap (0.017156s)
[2015.04.16-18.57.48:948][795]LogWorld: Game class is 'ThirdPersonGameMode_C'
[2015.04.16-18.57.48:949][795]LogAIModule: Creating AISystem for world ThirdPersonExampleMap
[2015.04.16-18.57.48:955][795]LogWorld: Bringing World /Game/ThirdPersonBP/Maps/UEDPIE_0_ThirdPersonExampleMap.ThirdPersonExampleMap up for play (max tick rate 0) at 2015.04.16-13.57.48
[2015.04.16-18.57.48:956][795]LogWorld: Bringing up level for play took: 0.004966
[2015.04.16-18.57.48:987][795]PIE: Info Play in editor start time for /Game/ThirdPersonBP/Maps/UEDPIE_0_ThirdPersonExampleMap -0.549
[2015.04.16-18.57.57:598][566]LogSelection:Warning: PIE object was selected: "BP_Player_Character_Pawn_C /Game/ThirdPersonBP/Maps/UEDPIE_0_ThirdPersonExampleMap.ThirdPersonExampleMap:PersistentLevel.BP_Player_Character_Pawn_C_36"
[2015.04.16-18.57.58:596][665]LogSelection:Warning: PIE object was selected: "BP_Player_Character_Pawn_C /Game/ThirdPersonBP/Maps/UEDPIE_0_ThirdPersonExampleMap.ThirdPersonExampleMap:PersistentLevel.BP_Player_Character_Pawn_C_4"
[2015.04.16-18.58.22:197][ 10]LogActorComponent: UnregisterComponent: (/Engine/Transient.CharMoveComp) Not registered. Aborting.
[2015.04.16-18.58.22:316][ 11]LogParticles: Destroying 0 GPU particle simulations for FXSystem 0x0000002416F8D080
[2015.04.16-18.58.37:550][455]LogPlayLevel: PIE:  No blueprints needed recompiling
[2015.04.16-18.58.37:550][455]PIE: New page: PIE session: ThirdPersonExampleMap (Apr 16, 2015, 8:58:37 AM)
[2015.04.16-18.58.37:571][455]LogPlayLevel: PIE: StaticDuplicateObject took: (0.019804s)
[2015.04.16-18.58.37:571][455]LogPlayLevel: PIE: World Init took: (0.000667s)
[2015.04.16-18.58.37:571][455]LogPlayLevel: PIE: Created PIE world by copying editor world from /Game/ThirdPersonBP/Maps/ThirdPersonExampleMap.ThirdPersonExampleMap to /Game/ThirdPersonBP/Maps/UEDPIE_0_ThirdPersonExampleMap.ThirdPersonExampleMap (0.020660s)
[2015.04.16-18.58.37:689][455]LogWorld: Game class is 'ThirdPersonGameMode_C'
[2015.04.16-18.58.37:691][455]LogAIModule: Creating AISystem for world ThirdPersonExampleMap
[2015.04.16-18.58.37:695][455]LogWorld: Bringing World /Game/ThirdPersonBP/Maps/UEDPIE_0_ThirdPersonExampleMap.ThirdPersonExampleMap up for play (max tick rate 0) at 2015.04.16-13.58.37
[2015.04.16-18.58.37:696][455]LogWorld: Bringing up level for play took: 0.004955
[2015.04.16-18.58.37:698][455]PIE: Info Play in editor start time for /Game/ThirdPersonBP/Maps/UEDPIE_0_ThirdPersonExampleMap 0.162
[2015.04.16-18.58.39:263][616]LogParticles: Destroying 0 GPU particle simulations for FXSystem 0x000000244C83C9A0
[2015.04.16-18.58.41:086][779]LogPlayLevel: PIE:  No blueprints needed recompiling
[2015.04.16-18.58.41:086][779]PIE: New page: PIE session: ThirdPersonExampleMap (Apr 16, 2015, 8:58:41 AM)
[2015.04.16-18.58.41:105][779]LogPlayLevel: PIE: StaticDuplicateObject took: (0.018437s)
[2015.04.16-18.58.41:106][779]LogPlayLevel: PIE: World Init took: (0.000633s)
[2015.04.16-18.58.41:106][779]LogPlayLevel: PIE: Created PIE world by copying editor world from /Game/ThirdPersonBP/Maps/ThirdPersonExampleMap.ThirdPersonExampleMap to /Game/ThirdPersonBP/Maps/UEDPIE_0_ThirdPersonExampleMap.ThirdPersonExampleMap (0.019306s)
[2015.04.16-18.58.41:184][779]LogWorld: Game class is 'ThirdPersonGameMode_C'
[2015.04.16-18.58.41:186][779]LogAIModule: Creating AISystem for world ThirdPersonExampleMap
[2015.04.16-18.58.41:190][779]LogWorld: Bringing World /Game/ThirdPersonBP/Maps/UEDPIE_0_ThirdPersonExampleMap.ThirdPersonExampleMap up for play (max tick rate 0) at 2015.04.16-13.58.41
[2015.04.16-18.58.41:191][779]LogWorld: Bringing up level for play took: 0.005124
[2015.04.16-18.58.41:203][779]PIE: Info Play in editor start time for /Game/ThirdPersonBP/Maps/UEDPIE_0_ThirdPersonExampleMap -0.332
[2015.04.16-18.58.49:862][795]LogSelection:Warning: PIE object was selected: "BP_Player_Character_Pawn_C /Game/ThirdPersonBP/Maps/UEDPIE_0_ThirdPersonExampleMap.ThirdPersonExampleMap:PersistentLevel.BP_Player_Character_Pawn_C_68"
[2015.04.16-18.59.05:842][184]LogSelection:Warning: PIE object was selected: "BP_Player_Character_Pawn_C /Game/ThirdPersonBP/Maps/UEDPIE_0_ThirdPersonExampleMap.ThirdPersonExampleMap:PersistentLevel.BP_Player_Character_Pawn_C_4"
[2015.04.16-18.59.07:056][303]LogSelection:Warning: PIE object was selected: "BP_Player_Character_Pawn_C /Game/ThirdPersonBP/Maps/UEDPIE_0_ThirdPersonExampleMap.ThirdPersonExampleMap:PersistentLevel.BP_Player_Character_Pawn_C_68"
[2015.04.16-19.01.52:775][265]LogParticles: Destroying 0 GPU particle simulations for FXSystem 0x0000002449520220
[2015.04.16-19.02.47:843][628]BlueprintLog: New page: Compile BP_Player_Character_Pawn
[2015.04.16-19.02.48:401][628]BlueprintEditorCompileResults: Info [3393.43] Compile of BP_Player_Character_Pawn successful! [in 558 ms]
[2015.04.16-19.02.50:768][899]BlueprintLog: New page: Pre-PIE auto-recompile
[2015.04.16-19.02.50:774][899]LogPlayLevel: [PIE] Compiling AB_Player_Character before PIE...
[2015.04.16-19.02.51:139][899]LogPlayLevel: PIE:  Blueprint regeneration took 370 ms (1 blueprints)
[2015.04.16-19.02.51:139][899]PIE: New page: PIE session: ThirdPersonExampleMap (Apr 16, 2015, 9:02:51 AM)
[2015.04.16-19.02.51:159][899]LogPlayLevel: PIE: StaticDuplicateObject took: (0.020085s)
[2015.04.16-19.02.51:160][899]LogPlayLevel: PIE: World Init took: (0.000758s)
[2015.04.16-19.02.51:160][899]LogPlayLevel: PIE: Created PIE world by copying editor world from /Game/ThirdPersonBP/Maps/ThirdPersonExampleMap.ThirdPersonExampleMap to /Game/ThirdPersonBP/Maps/UEDPIE_0_ThirdPersonExampleMap.ThirdPersonExampleMap (0.021003s)
[2015.04.16-19.02.51:243][899]LogWorld: Game class is 'ThirdPersonGameMode_C'
[2015.04.16-19.02.51:245][899]LogAIModule: Creating AISystem for world ThirdPersonExampleMap
[2015.04.16-19.02.51:249][899]LogWorld: Bringing World /Game/ThirdPersonBP/Maps/UEDPIE_0_ThirdPersonExampleMap.ThirdPersonExampleMap up for play (max tick rate 0) at 2015.04.16-14.02.51
[2015.04.16-19.02.51:251][899]LogWorld: Bringing up level for play took: 0.004911
[2015.04.16-19.02.51:262][899]PIE: Info Play in editor start time for /Game/ThirdPersonBP/Maps/UEDPIE_0_ThirdPersonExampleMap -0.273
[2015.04.16-19.02.51:381][900]LogCharacterMovement:Warning: GetSimulationTimeStep() - Max iterations 8 hit while remaining time 0.090263 > MaxSimulationTimeStep (0.050) for 'BP_Player_Character_Pawn_C_35'
[2015.04.16-19.02.55:025][287]LogParticles: Destroying 0 GPU particle simulations for FXSystem 0x000000244BCA7060
[2015.04.16-19.02.58:224][603]LogPlayLevel: PIE:  No blueprints needed recompiling
[2015.04.16-19.02.58:224][603]PIE: New page: PIE session: ThirdPersonExampleMap (Apr 16, 2015, 9:02:58 AM)
[2015.04.16-19.02.58:243][603]LogPlayLevel: PIE: StaticDuplicateObject took: (0.018087s)
[2015.04.16-19.02.58:244][603]LogPlayLevel: PIE: World Init took: (0.000755s)
[2015.04.16-19.02.58:244][603]LogPlayLevel: PIE: Created PIE world by copying editor world from /Game/ThirdPersonBP/Maps/ThirdPersonExampleMap.ThirdPersonExampleMap to /Game/ThirdPersonBP/Maps/UEDPIE_0_ThirdPersonExampleMap.ThirdPersonExampleMap (0.019069s)
[2015.04.16-19.02.58:327][603]LogWorld: Game class is 'ThirdPersonGameMode_C'
[2015.04.16-19.02.58:329][603]LogAIModule: Creating AISystem for world ThirdPersonExampleMap
[2015.04.16-19.02.58:334][603]LogWorld: Bringing World /Game/ThirdPersonBP/Maps/UEDPIE_0_ThirdPersonExampleMap.ThirdPersonExampleMap up for play (max tick rate 0) at 2015.04.16-14.02.58
[2015.04.16-19.02.58:335][603]LogWorld: Bringing up level for play took: 0.005451
[2015.04.16-19.02.58:362][603]PIE: Info Play in editor start time for /Game/ThirdPersonBP/Maps/UEDPIE_0_ThirdPersonExampleMap 0.826
[2015.04.16-19.03.18:246][867]LogActorComponent: UnregisterComponent: (/Engine/Transient.CharMoveComp) Not registered. Aborting.
[2015.04.16-19.03.18:271][867]LogParticles: Destroying 0 GPU particle simulations for FXSystem 0x0000002415C1B380
[2015.04.16-19.03.23:180][404]LogPlayLevel: PIE:  No blueprints needed recompiling
[2015.04.16-19.03.23:181][404]PIE: New page: PIE session: ThirdPersonExampleMap (Apr 16, 2015, 9:03:23 AM)
[2015.04.16-19.03.23:200][404]LogPlayLevel: PIE: StaticDuplicateObject took: (0.018648s)
[2015.04.16-19.03.23:200][404]LogPlayLevel: PIE: World Init took: (0.000765s)
[2015.04.16-19.03.23:200][404]LogPlayLevel: PIE: Created PIE world by copying editor world from /Game/ThirdPersonBP/Maps/ThirdPersonExampleMap.ThirdPersonExampleMap to /Game/ThirdPersonBP/Maps/UEDPIE_0_ThirdPersonExampleMap.ThirdPersonExampleMap (0.019614s)
[2015.04.16-19.03.23:280][404]LogWorld: Game class is 'ThirdPersonGameMode_C'
[2015.04.16-19.03.23:282][404]LogAIModule: Creating AISystem for world ThirdPersonExampleMap
[2015.04.16-19.03.23:287][404]LogWorld: Bringing World /Game/ThirdPersonBP/Maps/UEDPIE_0_ThirdPersonExampleMap.ThirdPersonExampleMap up for play (max tick rate 0) at 2015.04.16-14.03.23
[2015.04.16-19.03.23:288][404]LogWorld: Bringing up level for play took: 0.005444
[2015.04.16-19.03.23:301][404]PIE: Info Play in editor start time for /Game/ThirdPersonBP/Maps/UEDPIE_0_ThirdPersonExampleMap -0.234
[2015.04.16-19.03.41:578][917]LogParticles: Destroying 0 GPU particle simulations for FXSystem 0x0000002459568400
[2015.04.16-19.03.44:354][207]LogPlayLevel: PIE:  No blueprints needed recompiling
[2015.04.16-19.03.44:354][207]PIE: New page: PIE session: ThirdPersonExampleMap (Apr 16, 2015, 9:03:44 AM)
[2015.04.16-19.03.44:372][207]LogPlayLevel: PIE: StaticDuplicateObject took: (0.017655s)
[2015.04.16-19.03.44:373][207]LogPlayLevel: PIE: World Init took: (0.000738s)
[2015.04.16-19.03.44:373][207]LogPlayLevel: PIE: Created PIE world by copying editor world from /Game/ThirdPersonBP/Maps/ThirdPersonExampleMap.ThirdPersonExampleMap to /Game/ThirdPersonBP/Maps/UEDPIE_0_ThirdPersonExampleMap.ThirdPersonExampleMap (0.018546s)
[2015.04.16-19.03.44:455][207]LogWorld: Game class is 'ThirdPersonGameMode_C'
[2015.04.16-19.03.44:457][207]LogAIModule: Creating AISystem for world ThirdPersonExampleMap
[2015.04.16-19.03.44:461][207]LogWorld: Bringing World /Game/ThirdPersonBP/Maps/UEDPIE_0_ThirdPersonExampleMap.ThirdPersonExampleMap up for play (max tick rate 0) at 2015.04.16-14.03.44
[2015.04.16-19.03.44:463][207]LogWorld: Bringing up level for play took: 0.005218
[2015.04.16-19.03.44:479][207]PIE: Info Play in editor start time for /Game/ThirdPersonBP/Maps/UEDPIE_0_ThirdPersonExampleMap 0.943
[2015.04.16-19.04.03:126][720]LogParticles: Destroying 0 GPU particle simulations for FXSystem 0x0000002455E6A520
[2015.04.16-19.04.10:809][615]BlueprintLog: New page: Compile BP_Player_Character_Pawn
[2015.04.16-19.04.11:359][615]BlueprintEditorCompileResults: Info [3476.38] Compile of BP_Player_Character_Pawn successful! [in 550 ms]
[2015.04.16-19.04.12:050][689]BlueprintLog: New page: Pre-PIE auto-recompile
[2015.04.16-19.04.12:055][689]LogPlayLevel: [PIE] Compiling AB_Player_Character before PIE...
[2015.04.16-19.04.12:420][689]LogPlayLevel: PIE:  Blueprint regeneration took 370 ms (1 blueprints)
[2015.04.16-19.04.12:420][689]PIE: New page: PIE session: ThirdPersonExampleMap (Apr 16, 2015, 9:04:12 AM)
[2015.04.16-19.04.12:440][689]LogPlayLevel: PIE: StaticDuplicateObject took: (0.019025s)
[2015.04.16-19.04.12:440][689]LogPlayLevel: PIE: World Init took: (0.000722s)
[2015.04.16-19.04.12:441][689]LogPlayLevel: PIE: Created PIE world by copying editor world from /Game/ThirdPersonBP/Maps/ThirdPersonExampleMap.ThirdPersonExampleMap to /Game/ThirdPersonBP/Maps/UEDPIE_0_ThirdPersonExampleMap.ThirdPersonExampleMap (0.019941s)
[2015.04.16-19.04.12:523][689]LogWorld: Game class is 'ThirdPersonGameMode_C'
[2015.04.16-19.04.12:524][689]LogAIModule: Creating AISystem for world ThirdPersonExampleMap
[2015.04.16-19.04.12:529][689]LogWorld: Bringing World /Game/ThirdPersonBP/Maps/UEDPIE_0_ThirdPersonExampleMap.ThirdPersonExampleMap up for play (max tick rate 0) at 2015.04.16-14.04.12
[2015.04.16-19.04.12:530][689]LogWorld: Bringing up level for play took: 0.005133
[2015.04.16-19.04.12:543][689]PIE: Info Play in editor start time for /Game/ThirdPersonBP/Maps/UEDPIE_0_ThirdPersonExampleMap 1.007
[2015.04.16-19.04.12:654][690]LogCharacterMovement:Warning: GetSimulationTimeStep() - Max iterations 8 hit while remaining time 0.090262 > MaxSimulationTimeStep (0.050) for 'BP_Player_Character_Pawn_C_36'
[2015.04.16-19.04.24:082][904]LogActorComponent: UnregisterComponent: (/Engine/Transient.CharMoveComp) Not registered. Aborting.
[2015.04.16-19.04.24:195][905]LogParticles: Destroying 0 GPU particle simulations for FXSystem 0x00000024596EA480
[2015.04.16-19.08.08:454][493]LogEditorTransaction: Undo Move Node
[2015.04.16-19.08.09:243][526]LogEditorTransaction: Undo Edit Is Locked On
[2015.04.16-19.08.09:247][526]LogActorComponent: RegisterComponentWithWorld: (/Engine/Transient.World_2:PersistentLevel.BP_Player_Character_Pawn_C_20.CollisionCylinder) Trying to register component with IsPendingKill() == true. Aborting.
[2015.04.16-19.09.32:178][526]LogOutputDevice: === Handled error: ===

Ensure condition failed: &Owner == GetOwner() [File:D:\BuildFarm\buildmachine_++depot+UE4-Releases+4.7\Engine\Source\Runtime\Engine\Private\NavMovementComponent.cpp] [Line: 54]

Stack: 
UE4Editor-Core.dll!FWindowsPlatformStackWalk::StackWalkAndDump() (0x00007ffc72c69ed6) + 0 bytes [d:\buildfarm\buildmachine_++depot+ue4-releases+4.7\engine\source\runtime\core\private\windows\windowsplatformstackwalk.cpp:174]
UE4Editor-Core.dll!FDebug::EnsureFailed() (0x00007ffc72ad2ffd) + 0 bytes [d:\buildfarm\buildmachine_++depot+ue4-releases+4.7\engine\source\runtime\core\private\misc\outputdevice.cpp:279]
UE4Editor-Engine.dll!UNavMovementComponent::UpdateNavAgent() (0x00007ffc7036efab) + 0 bytes [d:\buildfarm\buildmachine_++depot+ue4-releases+4.7\engine\source\runtime\engine\private\navmovementcomponent.cpp:55]
UE4Editor-Engine.dll!APawn::PostRegisterAllComponents() (0x00007ffc703b376f) + 0 bytes [d:\buildfarm\buildmachine_++depot+ue4-releases+4.7\engine\source\runtime\engine\private\pawn.cpp:133]
UE4Editor-Engine.dll!AActor::IncrementalRegisterComponents() (0x00007ffc6feb7d97) + 12 bytes [d:\buildfarm\buildmachine_++depot+ue4-releases+4.7\engine\source\runtime\engine\private\actor.cpp:3286]
UE4Editor-Engine.dll!AActor::RegisterAllComponents() (0x00007ffc6fec959b) + 7 bytes [d:\buildfarm\buildmachine_++depot+ue4-releases+4.7\engine\source\runtime\engine\private\actor.cpp:3201]
UE4Editor-Engine.dll!AActor::PostEditChangeProperty() (0x00007ffc6fec2fca) + 0 bytes [d:\buildfarm\buildmachine_++depot+ue4-releases+4.7\engine\source\runtime\engine\private\actoreditor.cpp:63]
UE4Editor-CoreUObject.dll!UObject::PostEditUndo() (0x00007ffc7270c68e) + 0 bytes [d:\buildfarm\buildmachine_++depot+ue4-releases+4.7\engine\source\runtime\coreuobject\private\uobject\obj.cpp:375]
UE4Editor-UnrealEd.dll!FTransaction::Apply() (0x00007ffc6e599f53) + 12 bytes [d:\buildfarm\buildmachine_++depot+ue4-releases+4.7\engine\source\editor\unrealed\private\editortransaction.cpp:292]
UE4Editor-UnrealEd.dll!UTransBuffer::Undo() (0x00007ffc6e5ee9ca) + 0 bytes [d:\buildfarm\buildmachine_++depot+ue4-releases+4.7\engine\source\editor\unrealed\private\editortransaction.cpp:620]
UE4Editor-Kismet.dll!TBaseSPMethodDelegateInstance<0,FBlueprintEditor,0,TTypeWrapper<void> __cdecl(void)>::Execute() (0x00007ffc6d100751) + 32 bytes [d:\buildfarm\buildmachine_++depot+ue4-releases+4.7\engine\source\runtime\core\public\delegates\delegateinstancesimpl_variadics.inl:282]
UE4Editor-Kismet.dll!TBaseSPMethodDelegateInstance<0,FBlueprintEditor,0,void __cdecl(void)>::ExecuteIfSafe() (0x00007ffc6d1040d6) + 8 bytes [d:\buildfarm\buildmachine_++depot+ue4-releases+4.7\engine\source\runtime\core\public\delegates\delegateinstancesimpl_variadics.inl:388]
UE4Editor-Slate.dll!FUICommandList::ConditionalProcessCommandBindings() (0x00007ffc6f8f66d6) + 8 bytes [d:\buildfarm\buildmachine_++depot+ue4-releases+4.7\engine\source\runtime\slate\private\framework\commands\uicommandlist.cpp:192]
UE4Editor-Slate.dll!FUICommandList::ProcessCommandBindings() (0x00007ffc6f94317c) + 0 bytes [d:\buildfarm\buildmachine_++depot+ue4-releases+4.7\engine\source\runtime\slate\private\framework\commands\uicommandlist.cpp:136]
UE4Editor-UnrealEd.dll!FBaseToolkit::ProcessCommandBindings() (0x00007ffc6ee5396e) + 10 bytes [d:\buildfarm\buildmachine_++depot+ue4-releases+4.7\engine\source\editor\unrealed\private\toolkits\basetoolkit.cpp:77]
UE4Editor-UnrealEd.dll!SStandaloneAssetEditorToolkitHost::OnKeyDown() (0x00007ffc6ee504ab) + 83 bytes [d:\buildfarm\buildmachine_++depot+ue4-releases+4.7\engine\source\editor\unrealed\private\toolkits\sstandaloneasseteditortoolkithost.cpp:336]
UE4Editor-Slate.dll!<lambda_01b95f45d99b75c93c453dee9d82570e>::operator()() (0x00007ffc6f8dc872) + 38 bytes [d:\buildfarm\buildmachine_++depot+ue4-releases+4.7\engine\source\runtime\slate\private\framework\application\slateapplication.cpp:3581]
UE4Editor-Slate.dll!FEventRouter::Route<FReply,FEventRouter::FBubblePolicy,FKeyEvent,<lambda_01b95f45d99b75c93c453dee9d82570e> >() (0x00007ffc6f896e4d) + 21 bytes [d:\buildfarm\buildmachine_++depot+ue4-releases+4.7\engine\source\runtime\slate\private\framework\application\slateapplication.cpp:202]
UE4Editor-Slate.dll!FEventRouter::RouteAlongFocusPath<FEventRouter::FBubblePolicy,<lambda_01b95f45d99b75c93c453dee9d82570e>,FKeyEvent>() (0x00007ffc6f89894a) + 52 bytes [d:\buildfarm\buildmachine_++depot+ue4-releases+4.7\engine\source\runtime\slate\private\framework\application\slateapplication.cpp:184]
UE4Editor-Slate.dll!FSlateApplication::ProcessKeyDownEvent() (0x00007ffc6f943e6d) + 93 bytes [d:\buildfarm\buildmachine_++depot+ue4-releases+4.7\engine\source\runtime\slate\private\framework\application\slateapplication.cpp:3582]
UE4Editor-Slate.dll!FSlateApplication::OnKeyDown() (0x00007ffc6f933798) + 14 bytes [d:\buildfarm\buildmachine_++depot+ue4-releases+4.7\engine\source\runtime\slate\private\framework\application\slateapplication.cpp:3517]
UE4Editor-Core.dll!FWindowsApplication::ProcessDeferredMessage() (0x00007ffc72bc3650) + 0 bytes [d:\buildfarm\buildmachine_++depot+ue4-releases+4.7\engine\source\runtime\core\private\windows\windowsapplication.cpp:1229]
UE4Editor-Core.dll!FWindowsApplication::DeferMessage() (0x00007ffc72bb5d2e) + 74 bytes [d:\buildfarm\buildmachine_++depot+ue4-releases+4.7\engine\source\runtime\core\private\windows\windowsapplication.cpp:1669]
UE4Editor-Core.dll!FWindowsApplication::ProcessMessage() (0x00007ffc72bc4d50) + 41 bytes [d:\buildfarm\buildmachine_++depot+ue4-releases+4.7\engine\source\runtime\core\private\windows\windowsapplication.cpp:742]
UE4Editor-Core.dll!FWindowsApplication::AppWndProc() (0x00007ffc72bb3192) + 0 bytes [d:\buildfarm\buildmachine_++depot+ue4-releases+4.7\engine\source\runtime\core\private\windows\windowsapplication.cpp:604]
USER32.dll!UnknownFunction (0x00007ffc8eb72434) + 0 bytes [UnknownFile:0]
USER32.dll!UnknownFunction (0x00007ffc8eb72297) + 0 bytes [UnknownFile:0]
UE4Editor-Core.dll!FWindowsPlatformMisc::PumpMessages() (0x00007ffc72c63ec6) + 48 bytes [d:\buildfarm\buildmachine_++depot+ue4-releases+4.7\engine\source\runtime\core\private\windows\windowsplatformmisc.cpp:774]
UE4Editor.exe!FEngineLoop::Tick() (0x00007ff7264300a9) + 8 bytes [d:\buildfarm\buildmachine_++depot+ue4-releases+4.7\engine\source\runtime\launch\private\launchengineloop.cpp:2233]
UE4Editor.exe!GuardedMain() (0x00007ff72642267c) + 0 bytes [d:\buildfarm\buildmachine_++depot+ue4-releases+4.7\engine\source\runtime\launch\private\launch.cpp:142]
UE4Editor.exe!GuardedMainWrapper() (0x00007ff7264226ea) + 5 bytes [d:\buildfarm\buildmachine_++depot+ue4-releases+4.7\engine\source\runtime\launch\private\windows\launchwindows.cpp:126]
UE4Editor.exe!WinMain() (0x00007ff726432219) + 17 bytes [d:\buildfarm\buildmachine_++depot+ue4-releases+4.7\engine\source\runtime\launch\private\windows\launchwindows.cpp:202]
UE4Editor.exe!__tmainCRTStartup() (0x00007ff726433159) + 21 bytes [f:\dd\vctools\crt\crtw32\dllstuff\crtexe.c:618]
KERNEL32.DLL!UnknownFunction (0x00007ffc8e3a168d) + 0 bytes [UnknownFile:0]
ntdll.dll!UnknownFunction (0x00007ffc90784629) + 0 bytes [UnknownFile:0]
ntdll.dll!UnknownFunction (0x00007ffc90784629) + 0 bytes [UnknownFile:0]

