Log file open, 04/19/15 08:23:35
LogInit:Display: Running engine for game: ImaginaryFriendDemo
LogInit: Version: 4.7.5-2503383+++depot+UE4-Releases+4.7
LogInit: API Version: 2455222
LogInit: Compiled (64-bit): Apr  6 2015 23:21:51
LogInit: Compiled with Visual C++: 18.00.21005.01
LogInit: Build Configuration: Development
LogInit: Branch Name: ++depot+UE4-Releases+4.7
LogInit: Command line:  
LogInit: Base directory: E:/Unreal/Epic Games/4.7/Engine/Binaries/Win64/
LogInit: Rocket: 1
[2015.04.19-13.23.35:504][  0]LogTaskGraph: Started task graph with 3 named threads and 6 total threads.
[2015.04.19-13.23.35:554][  0]LogOnline:Warning: No default platform service specified for OnlineSubsystem
[2015.04.19-13.23.35:563][  0]LogInit: Presizing for 0 objects not considered by GC, pre-allocating 0 bytes.
[2015.04.19-13.23.35:570][  0]LogInit: Object subsystem initialized
[2015.04.19-13.23.35:571][  0]LogConsoleResponse:Warning: Skipping Unknown console variable: 'TranslucentSortAxis = (X=0.000000,Y=-1.000000,Z=0.000000)'
[2015.04.19-13.23.35:571][  0]LogConsoleResponse:Warning:   Found in ini file 'E:/Unreal/Projects/ImaginaryFriendDemo/Saved/Config/Windows/Engine.ini', in section '[/Script/Engine.RendererSettings]'
[2015.04.19-13.23.35:571][  0]LogConsoleResponse:Warning: Skipping Unknown console variable: 'UIScaleRule = ShortestSide'
[2015.04.19-13.23.35:571][  0]LogConsoleResponse:Warning:   Found in ini file 'E:/Unreal/Projects/ImaginaryFriendDemo/Saved/Config/Windows/Engine.ini', in section '[/Script/Engine.RendererSettings]'
[2015.04.19-13.23.35:571][  0]LogConsoleResponse:Warning: Skipping Unknown console variable: 'UIScaleCurve = (EditorCurveData=(Keys=),ExternalCurve=None)'
[2015.04.19-13.23.35:571][  0]LogConsoleResponse:Warning:   Found in ini file 'E:/Unreal/Projects/ImaginaryFriendDemo/Saved/Config/Windows/Engine.ini', in section '[/Script/Engine.RendererSettings]'
[2015.04.19-13.23.35:571][  0]LogInit: Selected Device Profile: [Windows]
[2015.04.19-13.23.35:571][  0]LogInit: Applying CVar settings loaded from the selected device profile: [Windows]
[2015.04.19-13.23.35:575][  0]LogInit: Computer: COMPY
[2015.04.19-13.23.35:575][  0]LogInit: User: Nick
[2015.04.19-13.23.35:575][  0]LogInit: CPU Page size=4096, Cores=4
[2015.04.19-13.23.35:575][  0]LogInit: High frequency timer resolution =14.318180 MHz
[2015.04.19-13.23.35:575][  0]LogMemory: Memory total: Physical=15.9GB (16GB approx) Virtual=131072.0GB
[2015.04.19-13.23.35:575][  0]LogMemory: Platform Memory Stats for Windows
[2015.04.19-13.23.35:575][  0]LogMemory: Process Physical Memory: 45.92 MB used, 45.92 MB peak
[2015.04.19-13.23.35:575][  0]LogMemory: Process Virtual Memory: 26.22 MB used, 26.23 MB peak
[2015.04.19-13.23.35:575][  0]LogMemory: Physical Memory: 2428.23 MB used, 16259.70 MB total
[2015.04.19-13.23.35:575][  0]LogMemory: Virtual Memory: 285.90 MB used, 134217728.00 MB total
[2015.04.19-13.23.35:586][  0]LogD3D11RHI: Found D3D11 adapter 0: AMD Radeon HD 7900 Series (Feature Level 11_0)
[2015.04.19-13.23.35:586][  0]LogD3D11RHI: Adapter has 3051MB of dedicated video memory, 0MB of dedicated system memory, and 3840MB of shared system memory, 2 output[s]
[2015.04.19-13.23.35:590][  0]LogD3D11RHI: Found D3D11 adapter 1: Intel(R) HD Graphics 4600 (Feature Level 11_0)
[2015.04.19-13.23.35:590][  0]LogD3D11RHI: Adapter has 32MB of dedicated video memory, 0MB of dedicated system memory, and 1760MB of shared system memory, 0 output[s]
[2015.04.19-13.23.35:591][  0]LogD3D11RHI: Found D3D11 adapter 2: Microsoft Basic Render Driver (Feature Level 11_0)
[2015.04.19-13.23.35:591][  0]LogD3D11RHI: Adapter has 0MB of dedicated video memory, 0MB of dedicated system memory, and 256MB of shared system memory, 0 output[s]
[2015.04.19-13.23.35:591][  0]LogD3D11RHI: Chosen D3D11 Adapter Id = 0
[2015.04.19-13.23.35:593][  0]LogRHI: Texture pool is 1361 MB (70% of 1945 MB)
[2015.04.19-13.23.35:596][  0]LogD3D11RHI: Async texture creation disabled: no driver support
[2015.04.19-13.23.35:645][  0]LogTextLocalizationManager: The requested culture ('en_US') has no localization data; parent culture's ('en') localization data will be used.
[2015.04.19-13.23.35:685][  0]LogTextLocalizationManager:Warning: Loading localization resources contain conflicting entries for (Namespace:UICommands, Key:Save_ToolTip):
Resource: (E:/Unreal/Epic Games/4.7/Engine/Content/Localization/Editor/en/Editor.locres) Hash: (-29098895) String: (Saves the current level to disk)
Resource: (E:/Unreal/Epic Games/4.7/Engine/Content/Localization/Engine/en/Engine.locres) Hash: (-1280300587) String: (Save selected data to vlog file)
[2015.04.19-13.23.35:685][  0]LogTextLocalizationManager:Warning: Loading localization resources contain conflicting entries for (Namespace:ContentBrowser, Key:ImportAssetToolTip):
Resource: (E:/Unreal/Epic Games/4.7/Engine/Content/Localization/Editor/en/Editor.locres) Hash: (-630476809) String: (Import to {0}...)
Resource: (E:/Unreal/Epic Games/4.7/Engine/Content/Localization/Editor/en/Editor.locres) Hash: (1271782899) String: (Imports an asset from file to this folder.)
[2015.04.19-13.23.35:738][  0]LogContentStreaming: Texture pool size is 0.000000MB
[2015.04.19-13.23.39:370][  0]LogTargetPlatformManager:Display: Building Assets For Windows
[2015.04.19-13.23.41:586][  0]LogTargetPlatformManager:Display: Building Assets For Windows
[2015.04.19-13.23.41:801][  0]LogDerivedDataCache:Display: Max Cache Size: 512 MB
[2015.04.19-13.23.41:903][  0]LogDerivedDataCache: Loaded boot cache 0.10s 39MB C:/Users/Nick/AppData/Local/UnrealEngine/4.7/DerivedDataCache/Boot.ddc.
[2015.04.19-13.23.41:903][  0]LogDerivedDataCache:Display: Loaded Boot cache: C:/Users/Nick/AppData/Local/UnrealEngine/4.7/DerivedDataCache/Boot.ddc
[2015.04.19-13.23.41:903][  0]LogDerivedDataCache: FDerivedDataBackendGraph:  Pak pak cache file ../../../../../Projects/ImaginaryFriendDemo/DerivedDataCache/DDC.ddp not found, will not use a pak cache.
[2015.04.19-13.23.41:903][  0]LogDerivedDataCache: Unable to find inner node Pak for hierarchical cache Hierarchy.
[2015.04.19-13.23.42:042][  0]LogDerivedDataCache:Display: Pak cache opened for reading ../../../Engine/DerivedDataCache/Compressed.ddp.
[2015.04.19-13.23.42:054][  0]LogDerivedDataCache: Using Local data cache path C:/Users/Nick/AppData/Local/UnrealEngine/Common/DerivedDataCache: Writable
[2015.04.19-13.23.51:819][  0]LogMeshUtilities: No automatic mesh reduction module available
[2015.04.19-13.23.51:819][  0]LogMeshUtilities: No automatic mesh merging module available
[2015.04.19-13.23.58:608][  0]LogInit: WinSock: version 1.1 (2.2), MaxSocks=32767, MaxUdp=65467
[2015.04.19-13.23.59:173][  0]LogSlate:Warning: Failed to load font data from '../../../Engine/Content/Slate/Fonts/Roboto-Italic.ttf'
[2015.04.19-13.24.21:306][  0]UdpMessaging: Initializing bridge on interface 0.0.0.0:0 to multicast group 230.0.0.1:6666.
[2015.04.19-13.24.22:492][  0]SourceControl: Info Source control is disabled
[2015.04.19-13.24.22:499][  0]SourceControl: Info Source control is disabled
[2015.04.19-13.24.22:499][  0]SourceControl: Info Source control is disabled
[2015.04.19-13.24.22:499][  0]LogSourceControl: RunCommandInternalRaw: 'git version'
[2015.04.19-13.24.22:499][  0]LogSourceControl: RunCommandInternalRaw: ExecProcess ReturnCode=2 OutResults=''
[2015.04.19-13.24.22:505][  0]SourceControl: Info Source control is disabled
[2015.04.19-13.24.23:856][  0]LogObj: 24232 objects as part of root set at end of initial load.
[2015.04.19-13.24.23:856][  0]LogUObjectAllocator: 5137168 out of 0 bytes used by permanent object pool.
[2015.04.19-13.24.24:795][  0]LogEngine: Initializing Engine...
[2015.04.19-13.24.27:730][  0]LogInit: XAudio2 using 'Line Out (4- Scarlett 2i2 USB)' : 2 channels at 44.1 kHz using 16 bits per sample (channel mask 0x3)
[2015.04.19-13.24.27:741][  0]LogInit: FAudioDevice initialized.
[2015.04.19-13.24.28:873][  0]LogAIModule: Creating AISystem for world NewWorld
[2015.04.19-13.24.29:187][  0]LogDerivedDataCache: Saved boot cache 0.02s 39MB C:/Users/Nick/AppData/Local/UnrealEngine/4.7/DerivedDataCache/Boot.ddc.
[2015.04.19-13.24.29:201][  0]LogInit: Texture streaming: Enabled
[2015.04.19-13.24.29:849][  0]LogAnalytics: Creating configured Analytics provider AnalyticsET
[2015.04.19-13.24.29:849][  0]LogAnalytics: ET APIKey = Rocket.Release. APIServer = http://et2.epicgames.com/ET2/. AppVersion = 4.7.5-2503383+++depot+UE4-Releases+4.7
[2015.04.19-13.24.29:849][  0]LogAnalytics: ET APIKey = Rocket.Release. DataRouterUploadURL = https://datarouter-public-service-gamedev.ol.epicgames.net/datarouter/api/v1/public/data. AppVersion = 4.7.5-2503383+++depot+UE4-Releases+4.7
[2015.04.19-13.24.29:849][  0]LogAnalytics: SetUserId ae2fd81d40e74e933ac176aa65f19d69|a11a1d6788b14be38425ce267983457b|5433b200-1896-4b41-b217-14931c041df8
[2015.04.19-13.24.29:883][  0]LogAnalytics: AnalyticsET::StartSession [Rocket.Release]
[2015.04.19-13.24.30:132][  0]LogInit: Transaction tracking system initialized
[2015.04.19-13.24.31:673][  0]BlueprintLog: New page: Editor Load
[2015.04.19-13.24.31:865][  0]LogAssetRegistry: FAssetRegistry took 0.0394 seconds to start up
[2015.04.19-13.24.31:865][  0]LogDirectoryWatcher:Warning: Failed to begin reading directory changes for ../../../Engine/Plugins/Experimental/CharacterAI/Content/. Error: 0
[2015.04.19-13.24.42:202][  0]LogTargetPlatformManager:Display: Building Assets For Windows
[2015.04.19-13.24.43:820][  0]LogTargetPlatformManager:Display: Building Assets For Windows
[2015.04.19-13.24.45:115][  0]LogSlate:Warning: Failed to load font data from '../../../Engine/Content/Editor/Slate/Fonts/Roboto-Regular.ttf'
[2015.04.19-13.24.45:116][  0]LogSlate:Warning: Failed to load font data from '../../../Engine/Content/Editor/Slate/Fonts/Roboto-Bold.ttf'
[2015.04.19-13.24.45:230][  0]LogConsoleResponse:Display: 
[2015.04.19-13.24.50:278][  0]LogCook:Display: Done creating registry. It took  0.00s.
[2015.04.19-13.24.55:869][  0]SourceControl: Info Source control is disabled
[2015.04.19-13.24.56:024][  0]Cmd: MAP LOAD FILE="../../../../../Projects/ImaginaryFriendDemo/Content/ThirdPersonBP/Maps/ThirdPersonExampleMap.umap" TEMPLATE=0 SHOWPROGRESS=1 FEATURELEVEL=3
[2015.04.19-13.24.56:077][  0]LightingResults: New page: Lighting Build
[2015.04.19-13.24.56:635][  0]MapCheck: New page: Map Check
[2015.04.19-13.24.56:635][  0]LightingResults: New page: Lighting Build
[2015.04.19-13.24.57:151][  0]LogParticles: Destroying 0 GPU particle simulations for FXSystem 0x00000061115EE520
[2015.04.19-13.25.05:948][  0]LogLinker:Warning: Asset '../../../Engine/Content/EngineMeshes/Humanoid.uasset' has been saved with empty engine version. The asset will be loaded but may be incompatible.
[2015.04.19-13.25.08:473][  0]LogAnimation:Warning: UAnimMontage::PostLoad: The actual sequence length for montage AM_Player_Death does not match the length stored in the asset, please resave the montage asset.
[2015.04.19-13.25.08:475][  0]LogAnimation:Warning: UAnimMontage::PostLoad: The actual sequence length for montage AM_Player_Sprint_Attack does not match the length stored in the asset, please resave the montage asset.
[2015.04.19-13.25.09:567][  0]LogSkinnedMeshComp:Warning: GetSocketByName(): No SkeletalMesh for CharacterMesh0
[2015.04.19-13.25.09:567][  0]LogSkinnedMeshComp:Warning: GetSocketByName(): No SkeletalMesh for CharacterMesh0
[2015.04.19-13.25.09:587][  0]LogSkinnedMeshComp:Warning: GetSocketByName(): No SkeletalMesh for CharacterMesh0
[2015.04.19-13.25.09:587][  0]LogSkinnedMeshComp:Warning: GetSocketByName(): No SkeletalMesh for CharacterMesh0
[2015.04.19-13.25.09:587][  0]LogSkinnedMeshComp:Warning: GetSocketByName(): No SkeletalMesh for CharacterMesh0
[2015.04.19-13.25.09:587][  0]LogSkinnedMeshComp:Warning: GetSocketByName(): No SkeletalMesh for CharacterMesh0
[2015.04.19-13.25.09:606][  0]LogSkinnedMeshComp:Warning: GetSocketByName(): No SkeletalMesh for CharacterMesh0
[2015.04.19-13.25.09:606][  0]LogSkinnedMeshComp:Warning: GetSocketByName(): No SkeletalMesh for CharacterMesh0
[2015.04.19-13.25.09:607][  0]LogSkinnedMeshComp:Warning: GetSocketByName(): No SkeletalMesh for CharacterMesh0
[2015.04.19-13.25.09:607][  0]LogSkinnedMeshComp:Warning: GetSocketByName(): No SkeletalMesh for CharacterMesh0
[2015.04.19-13.25.09:608][  0]LogSkinnedMeshComp:Warning: GetSocketByName(): No SkeletalMesh for CharacterMesh0
[2015.04.19-13.25.09:608][  0]LogSkinnedMeshComp:Warning: GetSocketByName(): No SkeletalMesh for CharacterMesh0
[2015.04.19-13.25.09:608][  0]LogSkinnedMeshComp:Warning: GetSocketByName(): No SkeletalMesh for CharacterMesh0
[2015.04.19-13.25.09:608][  0]LogSkinnedMeshComp:Warning: GetSocketByName(): No SkeletalMesh for CharacterMesh0
[2015.04.19-13.25.09:608][  0]LogSkinnedMeshComp:Warning: GetSocketByName(): No SkeletalMesh for CharacterMesh0
[2015.04.19-13.25.09:608][  0]LogSkinnedMeshComp:Warning: GetSocketByName(): No SkeletalMesh for CharacterMesh0
[2015.04.19-13.25.09:609][  0]LogSkinnedMeshComp:Warning: GetSocketByName(): No SkeletalMesh for CharacterMesh0
[2015.04.19-13.25.09:609][  0]LogSkinnedMeshComp:Warning: GetSocketByName(): No SkeletalMesh for CharacterMesh0
[2015.04.19-13.25.09:609][  0]LogSkinnedMeshComp:Warning: GetSocketByName(): No SkeletalMesh for CharacterMesh0
[2015.04.19-13.25.09:609][  0]LogSkinnedMeshComp:Warning: GetSocketByName(): No SkeletalMesh for CharacterMesh0
[2015.04.19-13.25.09:609][  0]LogSkinnedMeshComp:Warning: GetSocketByName(): No SkeletalMesh for CharacterMesh0
[2015.04.19-13.25.09:609][  0]LogSkinnedMeshComp:Warning: GetSocketByName(): No SkeletalMesh for CharacterMesh0
[2015.04.19-13.25.09:609][  0]LogSkinnedMeshComp:Warning: GetSocketByName(): No SkeletalMesh for CharacterMesh0
[2015.04.19-13.25.09:609][  0]LogSkinnedMeshComp:Warning: GetSocketByName(): No SkeletalMesh for CharacterMesh0
[2015.04.19-13.25.09:610][  0]LogSkinnedMeshComp:Warning: GetSocketByName(): No SkeletalMesh for CharacterMesh0
[2015.04.19-13.25.09:610][  0]LogSkinnedMeshComp:Warning: GetSocketByName(): No SkeletalMesh for CharacterMesh0
[2015.04.19-13.25.09:610][  0]LogSkinnedMeshComp:Warning: GetSocketByName(): No SkeletalMesh for CharacterMesh0
[2015.04.19-13.25.09:610][  0]LogSkinnedMeshComp:Warning: GetSocketByName(): No SkeletalMesh for CharacterMesh0
[2015.04.19-13.25.09:610][  0]LogSkinnedMeshComp:Warning: GetSocketByName(): No SkeletalMesh for CharacterMesh0
[2015.04.19-13.25.09:610][  0]LogSkinnedMeshComp:Warning: GetSocketByName(): No SkeletalMesh for CharacterMesh0
[2015.04.19-13.25.09:610][  0]LogSkinnedMeshComp:Warning: GetSocketByName(): No SkeletalMesh for CharacterMesh0
[2015.04.19-13.25.09:610][  0]LogSkinnedMeshComp:Warning: GetSocketByName(): No SkeletalMesh for CharacterMesh0
[2015.04.19-13.25.09:611][  0]LogSkinnedMeshComp:Warning: GetSocketByName(): No SkeletalMesh for CharacterMesh0
[2015.04.19-13.25.09:611][  0]LogSkinnedMeshComp:Warning: GetSocketByName(): No SkeletalMesh for CharacterMesh0
[2015.04.19-13.25.09:611][  0]LogSkinnedMeshComp:Warning: GetSocketByName(): No SkeletalMesh for CharacterMesh0
[2015.04.19-13.25.09:611][  0]LogSkinnedMeshComp:Warning: GetSocketByName(): No SkeletalMesh for CharacterMesh0
[2015.04.19-13.25.09:611][  0]LogSkinnedMeshComp:Warning: GetSocketByName(): No SkeletalMesh for CharacterMesh0
[2015.04.19-13.25.09:611][  0]LogSkinnedMeshComp:Warning: GetSocketByName(): No SkeletalMesh for CharacterMesh0
[2015.04.19-13.25.09:611][  0]LogSkinnedMeshComp:Warning: GetSocketByName(): No SkeletalMesh for CharacterMesh0
[2015.04.19-13.25.09:611][  0]LogSkinnedMeshComp:Warning: GetSocketByName(): No SkeletalMesh for CharacterMesh0
[2015.04.19-13.25.09:612][  0]LogSkinnedMeshComp:Warning: GetSocketByName(): No SkeletalMesh for CharacterMesh0
[2015.04.19-13.25.09:612][  0]LogSkinnedMeshComp:Warning: GetSocketByName(): No SkeletalMesh for CharacterMesh0
[2015.04.19-13.25.09:612][  0]LogSkinnedMeshComp:Warning: GetSocketByName(): No SkeletalMesh for CharacterMesh0
[2015.04.19-13.25.09:612][  0]LogSkinnedMeshComp:Warning: GetSocketByName(): No SkeletalMesh for CharacterMesh0
[2015.04.19-13.25.09:612][  0]LogSkinnedMeshComp:Warning: GetSocketByName(): No SkeletalMesh for CharacterMesh0
[2015.04.19-13.25.09:612][  0]LogSkinnedMeshComp:Warning: GetSocketByName(): No SkeletalMesh for CharacterMesh0
[2015.04.19-13.25.09:612][  0]LogSkinnedMeshComp:Warning: GetSocketByName(): No SkeletalMesh for CharacterMesh0
[2015.04.19-13.25.09:612][  0]LogSkinnedMeshComp:Warning: GetSocketByName(): No SkeletalMesh for CharacterMesh0
[2015.04.19-13.25.09:669][  0]LogSkinnedMeshComp:Warning: GetSocketByName(): No SkeletalMesh for CharacterMesh0
[2015.04.19-13.25.09:669][  0]LogSkinnedMeshComp:Warning: GetSocketByName(): No SkeletalMesh for CharacterMesh0
[2015.04.19-13.25.09:669][  0]LogSkinnedMeshComp:Warning: GetSocketByName(): No SkeletalMesh for CharacterMesh0
[2015.04.19-13.25.09:669][  0]LogSkinnedMeshComp:Warning: GetSocketByName(): No SkeletalMesh for CharacterMesh0
[2015.04.19-13.25.09:669][  0]LogSkinnedMeshComp:Warning: GetSocketByName(): No SkeletalMesh for CharacterMesh0
[2015.04.19-13.25.09:669][  0]LogSkinnedMeshComp:Warning: GetSocketByName(): No SkeletalMesh for CharacterMesh0
[2015.04.19-13.25.09:669][  0]LogSkinnedMeshComp:Warning: GetSocketByName(): No SkeletalMesh for CharacterMesh0
[2015.04.19-13.25.09:669][  0]LogSkinnedMeshComp:Warning: GetSocketByName(): No SkeletalMesh for CharacterMesh0
[2015.04.19-13.25.09:670][  0]LogSkinnedMeshComp:Warning: GetSocketByName(): No SkeletalMesh for CharacterMesh0
[2015.04.19-13.25.09:670][  0]LogSkinnedMeshComp:Warning: GetSocketByName(): No SkeletalMesh for CharacterMesh0
[2015.04.19-13.25.09:670][  0]LogSkinnedMeshComp:Warning: GetSocketByName(): No SkeletalMesh for CharacterMesh0
[2015.04.19-13.25.09:670][  0]LogSkinnedMeshComp:Warning: GetSocketByName(): No SkeletalMesh for CharacterMesh0
[2015.04.19-13.25.09:670][  0]LogSkinnedMeshComp:Warning: GetSocketByName(): No SkeletalMesh for CharacterMesh0
[2015.04.19-13.25.09:670][  0]LogSkinnedMeshComp:Warning: GetSocketByName(): No SkeletalMesh for CharacterMesh0
[2015.04.19-13.25.09:670][  0]LogSkinnedMeshComp:Warning: GetSocketByName(): No SkeletalMesh for CharacterMesh0
[2015.04.19-13.25.09:670][  0]LogSkinnedMeshComp:Warning: GetSocketByName(): No SkeletalMesh for CharacterMesh0
[2015.04.19-13.25.09:671][  0]LogSkinnedMeshComp:Warning: GetSocketByName(): No SkeletalMesh for CharacterMesh0
[2015.04.19-13.25.09:671][  0]LogSkinnedMeshComp:Warning: GetSocketByName(): No SkeletalMesh for CharacterMesh0
[2015.04.19-13.25.09:671][  0]LogSkinnedMeshComp:Warning: GetSocketByName(): No SkeletalMesh for CharacterMesh0
[2015.04.19-13.25.09:671][  0]LogSkinnedMeshComp:Warning: GetSocketByName(): No SkeletalMesh for CharacterMesh0
[2015.04.19-13.25.09:671][  0]LogSkinnedMeshComp:Warning: GetSocketByName(): No SkeletalMesh for CharacterMesh0
[2015.04.19-13.25.09:671][  0]LogSkinnedMeshComp:Warning: GetSocketByName(): No SkeletalMesh for CharacterMesh0
[2015.04.19-13.25.09:671][  0]LogSkinnedMeshComp:Warning: GetSocketByName(): No SkeletalMesh for CharacterMesh0
[2015.04.19-13.25.09:671][  0]LogSkinnedMeshComp:Warning: GetSocketByName(): No SkeletalMesh for CharacterMesh0
[2015.04.19-13.25.09:672][  0]LogSkinnedMeshComp:Warning: GetSocketByName(): No SkeletalMesh for CharacterMesh0
[2015.04.19-13.25.09:672][  0]LogSkinnedMeshComp:Warning: GetSocketByName(): No SkeletalMesh for CharacterMesh0
[2015.04.19-13.25.09:672][  0]LogSkinnedMeshComp:Warning: GetSocketByName(): No SkeletalMesh for CharacterMesh0
[2015.04.19-13.25.09:672][  0]LogSkinnedMeshComp:Warning: GetSocketByName(): No SkeletalMesh for CharacterMesh0
[2015.04.19-13.25.09:672][  0]LogSkinnedMeshComp:Warning: GetSocketByName(): No SkeletalMesh for CharacterMesh0
[2015.04.19-13.25.09:672][  0]LogSkinnedMeshComp:Warning: GetSocketByName(): No SkeletalMesh for CharacterMesh0
[2015.04.19-13.25.09:672][  0]LogSkinnedMeshComp:Warning: GetSocketByName(): No SkeletalMesh for CharacterMesh0
[2015.04.19-13.25.09:672][  0]LogSkinnedMeshComp:Warning: GetSocketByName(): No SkeletalMesh for CharacterMesh0
[2015.04.19-13.25.09:673][  0]LogSkinnedMeshComp:Warning: GetSocketByName(): No SkeletalMesh for CharacterMesh0
[2015.04.19-13.25.09:673][  0]LogSkinnedMeshComp:Warning: GetSocketByName(): No SkeletalMesh for CharacterMesh0
[2015.04.19-13.25.09:673][  0]LogSkinnedMeshComp:Warning: GetSocketByName(): No SkeletalMesh for CharacterMesh0
[2015.04.19-13.25.09:673][  0]LogSkinnedMeshComp:Warning: GetSocketByName(): No SkeletalMesh for CharacterMesh0
[2015.04.19-13.25.09:673][  0]LogSkinnedMeshComp:Warning: GetSocketByName(): No SkeletalMesh for CharacterMesh0
[2015.04.19-13.25.09:673][  0]LogSkinnedMeshComp:Warning: GetSocketByName(): No SkeletalMesh for CharacterMesh0
[2015.04.19-13.25.09:673][  0]LogSkinnedMeshComp:Warning: GetSocketByName(): No SkeletalMesh for CharacterMesh0
[2015.04.19-13.25.09:673][  0]LogSkinnedMeshComp:Warning: GetSocketByName(): No SkeletalMesh for CharacterMesh0
[2015.04.19-13.25.09:674][  0]LogSkinnedMeshComp:Warning: GetSocketByName(): No SkeletalMesh for CharacterMesh0
[2015.04.19-13.25.09:674][  0]LogSkinnedMeshComp:Warning: GetSocketByName(): No SkeletalMesh for CharacterMesh0
[2015.04.19-13.25.09:674][  0]LogSkinnedMeshComp:Warning: GetSocketByName(): No SkeletalMesh for CharacterMesh0
[2015.04.19-13.25.09:674][  0]LogSkinnedMeshComp:Warning: GetSocketByName(): No SkeletalMesh for CharacterMesh0
[2015.04.19-13.25.09:674][  0]LogSkinnedMeshComp:Warning: GetSocketByName(): No SkeletalMesh for CharacterMesh0
[2015.04.19-13.25.09:674][  0]LogSkinnedMeshComp:Warning: GetSocketByName(): No SkeletalMesh for CharacterMesh0
[2015.04.19-13.25.09:674][  0]LogSkinnedMeshComp:Warning: GetSocketByName(): No SkeletalMesh for CharacterMesh0
[2015.04.19-13.25.09:674][  0]LogSkinnedMeshComp:Warning: GetSocketByName(): No SkeletalMesh for CharacterMesh0
[2015.04.19-13.25.09:774][  0]LogEditorServer: Finished looking for orphan Actors (0.000 secs)
[2015.04.19-13.25.11:421][  0]LogAIModule: Creating AISystem for world ThirdPersonExampleMap
[2015.04.19-13.25.11:458][  0]Cmd: MAP CHECKDEP
[2015.04.19-13.25.11:475][  0]MapCheck: New page: ThirdPersonExampleMap - Apr 19, 2015, 3:25:11 AM
[2015.04.19-13.25.11:630][  0]MapCheck: Info Map check complete: 0 Error(s), 0 Warning(s), took 171.926ms to complete.
[2015.04.19-13.25.11:630][  0]LogFileHelpers: Loading map 'ThirdPersonExampleMap' took 15.696
[2015.04.19-13.25.13:642][  0]LogCollectionManager: Loaded 0 collections in 0.001396 seconds
[2015.04.19-13.25.13:690][  0]LogContentBrowser: Native class hierarchy populated in 0.0476 seconds. Added 1696 classes and 261 folders.
[2015.04.19-13.25.13:866][  0]LogContentBrowser:Verbose: The content browser source was changed by the sources view to '/Game'
[2015.04.19-13.25.13:935][  0]LogContentBrowser: Native class hierarchy updated for 'SceneOutliner' in 0.0011 seconds. Added 1 classes and 2 folders.
[2015.04.19-13.25.15:253][  0]LogCrashTracker: Crashtracker disabled due to settings.
[2015.04.19-13.25.15:326][  0]LogSlate:Warning: Failed to load font data from 'Veranda'
[2015.04.19-13.25.15:426][  0]LogUObjectGlobals:Warning: Failed to find object 'Class None.'
[2015.04.19-13.25.15:502][  0]LogLoad: Full Startup: 102.41 seconds (BP compile: 2.83 seconds)
[2015.04.19-13.25.16:776][  0]LogRenderer:Warning: Reallocating scene render targets to support 32x32 (Frame:2).
[2015.04.19-13.25.17:793][  0]LogRenderer:Warning: Reallocating scene render targets to support 1208x584 (Frame:4).
[2015.04.19-13.25.17:938][  1]LogSkinnedMeshComp:Warning: GetSocketByName(): No SkeletalMesh for SkeletalMeshComponent_2
[2015.04.19-13.25.17:938][  1]LogSkinnedMeshComp:Warning: GetSocketByName(): No SkeletalMesh for SkeletalMeshComponent_2
[2015.04.19-13.25.17:938][  1]LogSkinnedMeshComp:Warning: GetSocketByName(): No SkeletalMesh for SkeletalMeshComponent_2
[2015.04.19-13.25.17:938][  1]LogSkinnedMeshComp:Warning: GetSocketByName(): No SkeletalMesh for SkeletalMeshComponent_2
[2015.04.19-13.25.17:938][  1]LogSkinnedMeshComp:Warning: GetSocketByName(): No SkeletalMesh for SkeletalMeshComponent_2
[2015.04.19-13.25.17:938][  1]LogSkinnedMeshComp:Warning: GetSocketByName(): No SkeletalMesh for SkeletalMeshComponent_2
[2015.04.19-13.25.17:938][  1]LogSkinnedMeshComp:Warning: GetSocketByName(): No SkeletalMesh for SkeletalMeshComponent_2
[2015.04.19-13.25.17:938][  1]LogSkinnedMeshComp:Warning: GetSocketByName(): No SkeletalMesh for SkeletalMeshComponent_2
[2015.04.19-13.25.17:938][  1]LogSkinnedMeshComp:Warning: GetSocketByName(): No SkeletalMesh for SkeletalMeshComponent_2
[2015.04.19-13.25.17:938][  1]LogSkinnedMeshComp:Warning: GetSocketByName(): No SkeletalMesh for SkeletalMeshComponent_2
[2015.04.19-13.25.17:938][  1]LogSkinnedMeshComp:Warning: GetSocketByName(): No SkeletalMesh for SkeletalMeshComponent_2
[2015.04.19-13.25.17:938][  1]LogSkinnedMeshComp:Warning: GetSocketByName(): No SkeletalMesh for SkeletalMeshComponent_2
[2015.04.19-13.25.17:938][  1]LogSkinnedMeshComp:Warning: GetSocketByName(): No SkeletalMesh for SkeletalMeshComponent_2
[2015.04.19-13.25.17:938][  1]LogSkinnedMeshComp:Warning: GetSocketByName(): No SkeletalMesh for SkeletalMeshComponent_2
[2015.04.19-13.25.17:938][  1]LogSkinnedMeshComp:Warning: GetSocketByName(): No SkeletalMesh for SkeletalMeshComponent_2
[2015.04.19-13.25.17:938][  1]LogSkinnedMeshComp:Warning: GetSocketByName(): No SkeletalMesh for SkeletalMeshComponent_2
[2015.04.19-13.25.17:938][  1]LogSkinnedMeshComp:Warning: GetSocketByName(): No SkeletalMesh for SkeletalMeshComponent_2
[2015.04.19-13.25.17:938][  1]LogSkinnedMeshComp:Warning: GetSocketByName(): No SkeletalMesh for SkeletalMeshComponent_2
[2015.04.19-13.25.17:939][  1]LogSkinnedMeshComp:Warning: GetSocketByName(): No SkeletalMesh for SkeletalMeshComponent_2
[2015.04.19-13.25.17:939][  1]LogSkinnedMeshComp:Warning: GetSocketByName(): No SkeletalMesh for SkeletalMeshComponent_2
[2015.04.19-13.25.17:939][  1]LogSkinnedMeshComp:Warning: GetSocketByName(): No SkeletalMesh for SkeletalMeshComponent_2
[2015.04.19-13.25.17:939][  1]LogSkinnedMeshComp:Warning: GetSocketByName(): No SkeletalMesh for SkeletalMeshComponent_2
[2015.04.19-13.25.17:939][  1]LogSkinnedMeshComp:Warning: GetSocketByName(): No SkeletalMesh for SkeletalMeshComponent_2
[2015.04.19-13.25.17:939][  1]LogSkinnedMeshComp:Warning: GetSocketByName(): No SkeletalMesh for SkeletalMeshComponent_2
[2015.04.19-13.25.18:854][  4]LogAssetRegistry: Asset discovery search completed in 47.0291 seconds
[2015.04.19-13.39.18:118][801]LogSkinnedMeshComp:Warning: GetSocketByName(): No SkeletalMesh for CharacterMesh0
[2015.04.19-13.39.18:118][801]LogSkinnedMeshComp:Warning: GetSocketByName(): No SkeletalMesh for CharacterMesh0
[2015.04.19-13.39.18:118][801]LogSkinnedMeshComp:Warning: GetSocketByName(): No SkeletalMesh for CharacterMesh0
[2015.04.19-13.39.18:118][801]LogSkinnedMeshComp:Warning: GetSocketByName(): No SkeletalMesh for CharacterMesh0
[2015.04.19-13.39.18:119][801]LogSkinnedMeshComp:Warning: GetSocketByName(): No SkeletalMesh for CharacterMesh0
[2015.04.19-13.39.18:119][801]LogSkinnedMeshComp:Warning: GetSocketByName(): No SkeletalMesh for CharacterMesh0
[2015.04.19-13.39.18:119][801]LogSkinnedMeshComp:Warning: GetSocketByName(): No SkeletalMesh for CharacterMesh0
[2015.04.19-13.39.18:119][801]LogSkinnedMeshComp:Warning: GetSocketByName(): No SkeletalMesh for CharacterMesh0
[2015.04.19-13.39.18:119][801]LogPrimitiveComponent:Warning: CreateDynamicMaterialInstance on /Engine/Transient.World_2:PersistentLevel.BP_Player_Character_Pawn_Child_Enemy_C_84.CharacterMesh0: Material index 0 is invalid.
[2015.04.19-13.39.18:119][801]LogSkinnedMeshComp:Warning: GetSocketByName(): No SkeletalMesh for CharacterMesh0
[2015.04.19-13.39.18:119][801]LogSkinnedMeshComp:Warning: GetSocketByName(): No SkeletalMesh for CharacterMesh0
[2015.04.19-13.39.18:120][801]LogSkinnedMeshComp:Warning: GetSocketByName(): No SkeletalMesh for CharacterMesh0
[2015.04.19-13.39.18:120][801]LogSkinnedMeshComp:Warning: GetSocketByName(): No SkeletalMesh for CharacterMesh0
[2015.04.19-13.39.18:120][801]LogSkinnedMeshComp:Warning: GetSocketByName(): No SkeletalMesh for CharacterMesh0
[2015.04.19-13.39.18:120][801]LogSkinnedMeshComp:Warning: GetSocketByName(): No SkeletalMesh for CharacterMesh0
[2015.04.19-13.39.18:120][801]LogSkinnedMeshComp:Warning: GetSocketByName(): No SkeletalMesh for CharacterMesh0
[2015.04.19-13.39.18:120][801]LogSkinnedMeshComp:Warning: GetSocketByName(): No SkeletalMesh for CharacterMesh0
[2015.04.19-13.39.18:120][801]LogPrimitiveComponent:Warning: CreateDynamicMaterialInstance on /Engine/Transient.World_2:PersistentLevel.BP_Player_Character_Pawn_Child_Enemy_C_84.CharacterMesh0: Material index 0 is invalid.
[2015.04.19-13.39.19:974][983]LogSkinnedMeshComp:Warning: GetSocketByName(): No SkeletalMesh for CharacterMesh0
[2015.04.19-13.39.19:974][983]LogSkinnedMeshComp:Warning: GetSocketByName(): No SkeletalMesh for CharacterMesh0
[2015.04.19-13.39.19:974][983]LogSkinnedMeshComp:Warning: GetSocketByName(): No SkeletalMesh for CharacterMesh0
[2015.04.19-13.39.19:974][983]LogSkinnedMeshComp:Warning: GetSocketByName(): No SkeletalMesh for CharacterMesh0
[2015.04.19-13.39.19:978][984]LogSkinnedMeshComp:Warning: GetSocketByName(): No SkeletalMesh for CharacterMesh0
[2015.04.19-13.39.19:978][984]LogSkinnedMeshComp:Warning: GetSocketByName(): No SkeletalMesh for CharacterMesh0
[2015.04.19-13.39.19:978][984]LogSkinnedMeshComp:Warning: GetSocketByName(): No SkeletalMesh for CharacterMesh0
[2015.04.19-13.39.19:978][984]LogSkinnedMeshComp:Warning: GetSocketByName(): No SkeletalMesh for CharacterMesh0
[2015.04.19-13.39.19:978][984]LogSkinnedMeshComp:Warning: GetSocketByName(): No SkeletalMesh for CharacterMesh0
[2015.04.19-13.39.19:978][984]LogSkinnedMeshComp:Warning: GetSocketByName(): No SkeletalMesh for CharacterMesh0
[2015.04.19-13.39.19:978][984]LogSkinnedMeshComp:Warning: GetSocketByName(): No SkeletalMesh for CharacterMesh0
[2015.04.19-13.39.19:978][984]LogSkinnedMeshComp:Warning: GetSocketByName(): No SkeletalMesh for CharacterMesh0
[2015.04.19-13.39.19:979][984]LogPrimitiveComponent:Warning: CreateDynamicMaterialInstance on /Engine/Transient.World_2:PersistentLevel.BP_Player_Character_Pawn_Child_Enemy_C_99.CharacterMesh0: Material index 0 is invalid.
[2015.04.19-13.39.19:979][984]LogSkinnedMeshComp:Warning: GetSocketByName(): No SkeletalMesh for CharacterMesh0
[2015.04.19-13.39.19:979][984]LogSkinnedMeshComp:Warning: GetSocketByName(): No SkeletalMesh for CharacterMesh0
[2015.04.19-13.39.19:979][984]LogSkinnedMeshComp:Warning: GetSocketByName(): No SkeletalMesh for CharacterMesh0
[2015.04.19-13.39.19:979][984]LogSkinnedMeshComp:Warning: GetSocketByName(): No SkeletalMesh for CharacterMesh0
[2015.04.19-13.39.19:979][984]LogSkinnedMeshComp:Warning: GetSocketByName(): No SkeletalMesh for CharacterMesh0
[2015.04.19-13.39.19:979][984]LogSkinnedMeshComp:Warning: GetSocketByName(): No SkeletalMesh for CharacterMesh0
[2015.04.19-13.39.19:979][984]LogSkinnedMeshComp:Warning: GetSocketByName(): No SkeletalMesh for CharacterMesh0
[2015.04.19-13.39.19:979][984]LogSkinnedMeshComp:Warning: GetSocketByName(): No SkeletalMesh for CharacterMesh0
[2015.04.19-13.39.19:980][984]LogPrimitiveComponent:Warning: CreateDynamicMaterialInstance on /Engine/Transient.World_2:PersistentLevel.BP_Player_Character_Pawn_Child_Enemy_C_99.CharacterMesh0: Material index 0 is invalid.
[2015.04.19-13.39.20:139][997]LogRenderer:Warning: Reallocating scene render targets to support 1208x760 (Frame:878).
[2015.04.19-13.39.24:995][503]LogPlayLevel: PIE:  No blueprints needed recompiling
[2015.04.19-13.39.24:995][503]PIE: New page: PIE session: ThirdPersonExampleMap (Apr 19, 2015, 3:39:24 AM)
[2015.04.19-13.39.25:018][503]LogPlayLevel: PIE: StaticDuplicateObject took: (0.022281s)
[2015.04.19-13.39.25:019][503]LogPlayLevel: PIE: World Init took: (0.000699s)
[2015.04.19-13.39.25:019][503]LogPlayLevel: PIE: Created PIE world by copying editor world from /Game/ThirdPersonBP/Maps/ThirdPersonExampleMap.ThirdPersonExampleMap to /Game/ThirdPersonBP/Maps/UEDPIE_0_ThirdPersonExampleMap.ThirdPersonExampleMap (0.023185s)
[2015.04.19-13.39.25:086][503]LogWorld: Game class is 'ThirdPersonGameMode_C'
[2015.04.19-13.39.25:089][503]LogAIModule: Creating AISystem for world ThirdPersonExampleMap
[2015.04.19-13.39.25:093][503]LogSkinnedMeshComp:Warning: GetSocketByName(): No SkeletalMesh for CharacterMesh0
[2015.04.19-13.39.25:094][503]LogSkinnedMeshComp:Warning: GetSocketByName(): No SkeletalMesh for CharacterMesh0
[2015.04.19-13.39.25:094][503]LogSkinnedMeshComp:Warning: GetSocketByName(): No SkeletalMesh for CharacterMesh0
[2015.04.19-13.39.25:094][503]LogSkinnedMeshComp:Warning: GetSocketByName(): No SkeletalMesh for CharacterMesh0
[2015.04.19-13.39.25:094][503]LogSkinnedMeshComp:Warning: GetSocketByName(): No SkeletalMesh for CharacterMesh0
[2015.04.19-13.39.25:094][503]LogSkinnedMeshComp:Warning: GetSocketByName(): No SkeletalMesh for CharacterMesh0
[2015.04.19-13.39.25:094][503]LogSkinnedMeshComp:Warning: GetSocketByName(): No SkeletalMesh for CharacterMesh0
[2015.04.19-13.39.25:094][503]LogSkinnedMeshComp:Warning: GetSocketByName(): No SkeletalMesh for CharacterMesh0
[2015.04.19-13.39.25:094][503]LogSkinnedMeshComp:Warning: GetSocketByName(): No SkeletalMesh for CharacterMesh0
[2015.04.19-13.39.25:094][503]LogSkinnedMeshComp:Warning: GetSocketByName(): No SkeletalMesh for CharacterMesh0
[2015.04.19-13.39.25:094][503]LogSkinnedMeshComp:Warning: GetSocketByName(): No SkeletalMesh for CharacterMesh0
[2015.04.19-13.39.25:094][503]LogSkinnedMeshComp:Warning: GetSocketByName(): No SkeletalMesh for CharacterMesh0
[2015.04.19-13.39.25:094][503]LogSkinnedMeshComp:Warning: GetSocketByName(): No SkeletalMesh for CharacterMesh0
[2015.04.19-13.39.25:094][503]LogSkinnedMeshComp:Warning: GetSocketByName(): No SkeletalMesh for CharacterMesh0
[2015.04.19-13.39.25:094][503]LogSkinnedMeshComp:Warning: GetSocketByName(): No SkeletalMesh for CharacterMesh0
[2015.04.19-13.39.25:094][503]LogSkinnedMeshComp:Warning: GetSocketByName(): No SkeletalMesh for CharacterMesh0
[2015.04.19-13.39.25:095][503]LogSkinnedMeshComp:Warning: GetSocketByName(): No SkeletalMesh for CharacterMesh0
[2015.04.19-13.39.25:095][503]LogSkinnedMeshComp:Warning: GetSocketByName(): No SkeletalMesh for CharacterMesh0
[2015.04.19-13.39.25:095][503]LogSkinnedMeshComp:Warning: GetSocketByName(): No SkeletalMesh for CharacterMesh0
[2015.04.19-13.39.25:095][503]LogSkinnedMeshComp:Warning: GetSocketByName(): No SkeletalMesh for CharacterMesh0
[2015.04.19-13.39.25:095][503]LogSkinnedMeshComp:Warning: GetSocketByName(): No SkeletalMesh for CharacterMesh0
[2015.04.19-13.39.25:095][503]LogSkinnedMeshComp:Warning: GetSocketByName(): No SkeletalMesh for CharacterMesh0
[2015.04.19-13.39.25:096][503]LogSkinnedMeshComp:Warning: GetSocketByName(): No SkeletalMesh for CharacterMesh0
[2015.04.19-13.39.25:096][503]LogSkinnedMeshComp:Warning: GetSocketByName(): No SkeletalMesh for CharacterMesh0
[2015.04.19-13.39.25:096][503]LogSkinnedMeshComp:Warning: GetSocketByName(): No SkeletalMesh for CharacterMesh0
[2015.04.19-13.39.25:096][503]LogSkinnedMeshComp:Warning: GetSocketByName(): No SkeletalMesh for CharacterMesh0
[2015.04.19-13.39.25:096][503]LogSkinnedMeshComp:Warning: GetSocketByName(): No SkeletalMesh for CharacterMesh0
[2015.04.19-13.39.25:096][503]LogSkinnedMeshComp:Warning: GetSocketByName(): No SkeletalMesh for CharacterMesh0
[2015.04.19-13.39.25:096][503]LogSkinnedMeshComp:Warning: GetSocketByName(): No SkeletalMesh for CharacterMesh0
[2015.04.19-13.39.25:096][503]LogSkinnedMeshComp:Warning: GetSocketByName(): No SkeletalMesh for CharacterMesh0
[2015.04.19-13.39.25:096][503]LogSkinnedMeshComp:Warning: GetSocketByName(): No SkeletalMesh for CharacterMesh0
[2015.04.19-13.39.25:096][503]LogSkinnedMeshComp:Warning: GetSocketByName(): No SkeletalMesh for CharacterMesh0
[2015.04.19-13.39.25:097][503]LogSkinnedMeshComp:Warning: GetSocketByName(): No SkeletalMesh for CharacterMesh0
[2015.04.19-13.39.25:097][503]LogSkinnedMeshComp:Warning: GetSocketByName(): No SkeletalMesh for CharacterMesh0
[2015.04.19-13.39.25:097][503]LogSkinnedMeshComp:Warning: GetSocketByName(): No SkeletalMesh for CharacterMesh0
[2015.04.19-13.39.25:097][503]LogSkinnedMeshComp:Warning: GetSocketByName(): No SkeletalMesh for CharacterMesh0
[2015.04.19-13.39.25:097][503]LogSkinnedMeshComp:Warning: GetSocketByName(): No SkeletalMesh for CharacterMesh0
[2015.04.19-13.39.25:097][503]LogSkinnedMeshComp:Warning: GetSocketByName(): No SkeletalMesh for CharacterMesh0
[2015.04.19-13.39.25:097][503]LogSkinnedMeshComp:Warning: GetSocketByName(): No SkeletalMesh for CharacterMesh0
[2015.04.19-13.39.25:097][503]LogSkinnedMeshComp:Warning: GetSocketByName(): No SkeletalMesh for CharacterMesh0
[2015.04.19-13.39.25:097][503]LogSkinnedMeshComp:Warning: GetSocketByName(): No SkeletalMesh for CharacterMesh0
[2015.04.19-13.39.25:097][503]LogSkinnedMeshComp:Warning: GetSocketByName(): No SkeletalMesh for CharacterMesh0
[2015.04.19-13.39.25:097][503]LogSkinnedMeshComp:Warning: GetSocketByName(): No SkeletalMesh for CharacterMesh0
[2015.04.19-13.39.25:097][503]LogSkinnedMeshComp:Warning: GetSocketByName(): No SkeletalMesh for CharacterMesh0
[2015.04.19-13.39.25:097][503]LogSkinnedMeshComp:Warning: GetSocketByName(): No SkeletalMesh for CharacterMesh0
[2015.04.19-13.39.25:097][503]LogSkinnedMeshComp:Warning: GetSocketByName(): No SkeletalMesh for CharacterMesh0
[2015.04.19-13.39.25:098][503]LogSkinnedMeshComp:Warning: GetSocketByName(): No SkeletalMesh for CharacterMesh0
[2015.04.19-13.39.25:098][503]LogSkinnedMeshComp:Warning: GetSocketByName(): No SkeletalMesh for CharacterMesh0
[2015.04.19-13.39.25:098][503]LogWorld: Bringing World /Game/ThirdPersonBP/Maps/UEDPIE_0_ThirdPersonExampleMap.ThirdPersonExampleMap up for play (max tick rate 0) at 2015.04.19-08.39.25
[2015.04.19-13.39.25:099][503]LogSkinnedMeshComp:Warning: GetSocketByName(): No SkeletalMesh for CharacterMesh0
[2015.04.19-13.39.25:099][503]LogSkinnedMeshComp:Warning: GetSocketByName(): No SkeletalMesh for CharacterMesh0
[2015.04.19-13.39.25:099][503]LogSkinnedMeshComp:Warning: GetSocketByName(): No SkeletalMesh for CharacterMesh0
[2015.04.19-13.39.25:099][503]LogSkinnedMeshComp:Warning: GetSocketByName(): No SkeletalMesh for CharacterMesh0
[2015.04.19-13.39.25:100][503]LogSkinnedMeshComp:Warning: GetSocketByName(): No SkeletalMesh for CharacterMesh0
[2015.04.19-13.39.25:100][503]LogSkinnedMeshComp:Warning: GetSocketByName(): No SkeletalMesh for CharacterMesh0
[2015.04.19-13.39.25:100][503]LogSkinnedMeshComp:Warning: GetSocketByName(): No SkeletalMesh for CharacterMesh0
[2015.04.19-13.39.25:100][503]LogSkinnedMeshComp:Warning: GetSocketByName(): No SkeletalMesh for CharacterMesh0
[2015.04.19-13.39.25:100][503]LogSkinnedMeshComp:Warning: GetSocketByName(): No SkeletalMesh for CharacterMesh0
[2015.04.19-13.39.25:100][503]LogSkinnedMeshComp:Warning: GetSocketByName(): No SkeletalMesh for CharacterMesh0
[2015.04.19-13.39.25:100][503]LogSkinnedMeshComp:Warning: GetSocketByName(): No SkeletalMesh for CharacterMesh0
[2015.04.19-13.39.25:100][503]LogSkinnedMeshComp:Warning: GetSocketByName(): No SkeletalMesh for CharacterMesh0
[2015.04.19-13.39.25:100][503]LogSkinnedMeshComp:Warning: GetSocketByName(): No SkeletalMesh for CharacterMesh0
[2015.04.19-13.39.25:100][503]LogSkinnedMeshComp:Warning: GetSocketByName(): No SkeletalMesh for CharacterMesh0
[2015.04.19-13.39.25:100][503]LogSkinnedMeshComp:Warning: GetSocketByName(): No SkeletalMesh for CharacterMesh0
[2015.04.19-13.39.25:100][503]LogSkinnedMeshComp:Warning: GetSocketByName(): No SkeletalMesh for CharacterMesh0
[2015.04.19-13.39.25:101][503]LogSkinnedMeshComp:Warning: GetSocketByName(): No SkeletalMesh for CharacterMesh0
[2015.04.19-13.39.25:101][503]LogSkinnedMeshComp:Warning: GetSocketByName(): No SkeletalMesh for CharacterMesh0
[2015.04.19-13.39.25:101][503]LogSkinnedMeshComp:Warning: GetSocketByName(): No SkeletalMesh for CharacterMesh0
[2015.04.19-13.39.25:101][503]LogSkinnedMeshComp:Warning: GetSocketByName(): No SkeletalMesh for CharacterMesh0
[2015.04.19-13.39.25:101][503]LogSkinnedMeshComp:Warning: GetSocketByName(): No SkeletalMesh for CharacterMesh0
[2015.04.19-13.39.25:101][503]LogSkinnedMeshComp:Warning: GetSocketByName(): No SkeletalMesh for CharacterMesh0
[2015.04.19-13.39.25:101][503]LogSkinnedMeshComp:Warning: GetSocketByName(): No SkeletalMesh for CharacterMesh0
[2015.04.19-13.39.25:101][503]LogSkinnedMeshComp:Warning: GetSocketByName(): No SkeletalMesh for CharacterMesh0
[2015.04.19-13.39.25:101][503]LogWorld: Bringing up level for play took: 0.011839
[2015.04.19-13.39.25:119][503]PIE: Info Play in editor start time for /Game/ThirdPersonBP/Maps/UEDPIE_0_ThirdPersonExampleMap -0.141
[2015.04.19-13.39.25:143][503]LogRenderer:Warning: Reallocating scene render targets to support 1296x760 (Frame:1446).
[2015.04.19-13.39.29:439][954]LogBlueprintUserMessages: 427.563782
[2015.04.19-13.39.33:319][372]LogActorComponent: UnregisterComponent: (/Engine/Transient.CharMoveComp) Not registered. Aborting.
[2015.04.19-13.39.33:319][372]LogActorComponent: UnregisterComponent: (/Engine/Transient.CharacterMovementComponent_0) Not registered. Aborting.
[2015.04.19-13.39.33:319][372]LogActorComponent: UnregisterComponent: (/Engine/Transient.CharacterMovementComponent_1) Not registered. Aborting.
[2015.04.19-13.39.33:320][372]LogActorComponent: UnregisterComponent: (/Engine/Transient.ProjectileMovementComponent_0__F50812FA) Not registered. Aborting.
[2015.04.19-13.39.33:384][372]LogParticles: Destroying 0 GPU particle simulations for FXSystem 0x0000006110B499E0
[2015.04.19-13.39.33:448][372]LogSkinnedMeshComp:Warning: GetSocketByName(): No SkeletalMesh for CharacterMesh0
[2015.04.19-13.39.33:448][372]LogSkinnedMeshComp:Warning: GetSocketByName(): No SkeletalMesh for CharacterMesh0
[2015.04.19-13.39.33:448][372]LogSkinnedMeshComp:Warning: GetSocketByName(): No SkeletalMesh for CharacterMesh0
[2015.04.19-13.39.33:448][372]LogSkinnedMeshComp:Warning: GetSocketByName(): No SkeletalMesh for CharacterMesh0
[2015.04.19-13.39.33:474][373]LogSkinnedMeshComp:Warning: GetSocketByName(): No SkeletalMesh for CharacterMesh0
[2015.04.19-13.39.33:474][373]LogSkinnedMeshComp:Warning: GetSocketByName(): No SkeletalMesh for CharacterMesh0
[2015.04.19-13.39.33:474][373]LogSkinnedMeshComp:Warning: GetSocketByName(): No SkeletalMesh for CharacterMesh0
[2015.04.19-13.39.33:474][373]LogSkinnedMeshComp:Warning: GetSocketByName(): No SkeletalMesh for CharacterMesh0
[2015.04.19-13.39.33:474][373]LogSkinnedMeshComp:Warning: GetSocketByName(): No SkeletalMesh for CharacterMesh0
[2015.04.19-13.39.33:474][373]LogSkinnedMeshComp:Warning: GetSocketByName(): No SkeletalMesh for CharacterMesh0
[2015.04.19-13.39.33:474][373]LogSkinnedMeshComp:Warning: GetSocketByName(): No SkeletalMesh for CharacterMesh0
[2015.04.19-13.39.33:474][373]LogSkinnedMeshComp:Warning: GetSocketByName(): No SkeletalMesh for CharacterMesh0
[2015.04.19-13.39.33:475][373]LogPrimitiveComponent:Warning: CreateDynamicMaterialInstance on /Engine/Transient.World_2:PersistentLevel.BP_Player_Character_Pawn_Child_Enemy_C_114.CharacterMesh0: Material index 0 is invalid.
[2015.04.19-13.39.33:475][373]LogSkinnedMeshComp:Warning: GetSocketByName(): No SkeletalMesh for CharacterMesh0
[2015.04.19-13.39.33:475][373]LogSkinnedMeshComp:Warning: GetSocketByName(): No SkeletalMesh for CharacterMesh0
[2015.04.19-13.39.33:475][373]LogSkinnedMeshComp:Warning: GetSocketByName(): No SkeletalMesh for CharacterMesh0
[2015.04.19-13.39.33:475][373]LogSkinnedMeshComp:Warning: GetSocketByName(): No SkeletalMesh for CharacterMesh0
[2015.04.19-13.39.33:475][373]LogSkinnedMeshComp:Warning: GetSocketByName(): No SkeletalMesh for CharacterMesh0
[2015.04.19-13.39.33:475][373]LogSkinnedMeshComp:Warning: GetSocketByName(): No SkeletalMesh for CharacterMesh0
[2015.04.19-13.39.33:475][373]LogSkinnedMeshComp:Warning: GetSocketByName(): No SkeletalMesh for CharacterMesh0
[2015.04.19-13.39.33:475][373]LogSkinnedMeshComp:Warning: GetSocketByName(): No SkeletalMesh for CharacterMesh0
[2015.04.19-13.39.33:475][373]LogPrimitiveComponent:Warning: CreateDynamicMaterialInstance on /Engine/Transient.World_2:PersistentLevel.BP_Player_Character_Pawn_Child_Enemy_C_114.CharacterMesh0: Material index 0 is invalid.
[2015.04.19-13.39.36:251][620]LogSkinnedMeshComp:Warning: GetSocketByName(): No SkeletalMesh for CharacterMesh0
[2015.04.19-13.39.36:251][620]LogSkinnedMeshComp:Warning: GetSocketByName(): No SkeletalMesh for CharacterMesh0
[2015.04.19-13.39.36:251][620]LogSkinnedMeshComp:Warning: GetSocketByName(): No SkeletalMesh for CharacterMesh0
[2015.04.19-13.39.36:251][620]LogSkinnedMeshComp:Warning: GetSocketByName(): No SkeletalMesh for CharacterMesh0
[2015.04.19-13.39.36:681][621]Cmd: QUIT_EDITOR
[2015.04.19-13.39.36:874][621]LogExit: Preparing to exit.
[2015.04.19-13.39.37:815][621]LogExit: Editor shut down
[2015.04.19-13.39.37:815][621]LogExit: Transaction tracking system shut down
[2015.04.19-13.39.37:817][621]LogParticles: Destroying 0 GPU particle simulations for FXSystem 0x00000061247A87C0
[2015.04.19-13.39.37:818][621]LogParticles: Destroying 0 GPU particle simulations for FXSystem 0x0000006150A69580
[2015.04.19-13.39.37:818][621]LogParticles: Destroying 0 GPU particle simulations for FXSystem 0x000000614EADECA0
[2015.04.19-13.39.37:818][621]LogParticles: Destroying 0 GPU particle simulations for FXSystem 0x000000614EA7C0E0
[2015.04.19-13.39.38:084][621]LogExit: Object subsystem successfully closed.
[2015.04.19-13.39.38:127][621]LogModuleManager: Shutting down and abandoning module CrashTracker (177)
[2015.04.19-13.39.38:127][621]LogModuleManager: Shutting down and abandoning module SuperSearch (176)
[2015.04.19-13.39.38:127][621]LogModuleManager: Shutting down and abandoning module SceneOutliner (175)
[2015.04.19-13.39.38:127][621]LogModuleManager: Shutting down and abandoning module EditorWidgets (174)
[2015.04.19-13.39.38:127][621]LogModuleManager: Shutting down and abandoning module CollectionManager (173)
[2015.04.19-13.39.38:127][621]LogModuleManager: Shutting down and abandoning module StatsViewer (172)
[2015.04.19-13.39.38:127][621]LogModuleManager: Shutting down and abandoning module FoliageEdit (171)
[2015.04.19-13.39.38:127][621]LogModuleManager: Shutting down and abandoning module LandscapeEditor (170)
[2015.04.19-13.39.38:128][621]LogModuleManager: Shutting down and abandoning module MeshPaint (169)
[2015.04.19-13.39.38:128][621]LogModuleManager: Shutting down and abandoning module ActorPickerMode (168)
[2015.04.19-13.39.38:128][621]LogModuleManager: Shutting down and abandoning module GeometryMode (167)
[2015.04.19-13.39.38:128][621]LogModuleManager: Shutting down and abandoning module TextureAlignMode (166)
[2015.04.19-13.39.38:128][621]LogModuleManager: Shutting down and abandoning module BspMode (165)
[2015.04.19-13.39.38:128][621]LogModuleManager: Shutting down and abandoning module PlacementMode (164)
[2015.04.19-13.39.38:128][621]LogModuleManager: Shutting down and abandoning module AutomationWorker (163)
[2015.04.19-13.39.38:128][621]LogModuleManager: Shutting down and abandoning module CharacterAI (162)
[2015.04.19-13.39.38:128][621]LogModuleManager: Shutting down and abandoning module SmartSnapping (161)
[2015.04.19-13.39.38:128][621]LogModuleManager: Shutting down and abandoning module ViewportSnapping (160)
[2015.04.19-13.39.38:128][621]LogModuleManager: Shutting down and abandoning module LogVisualizer (159)
[2015.04.19-13.39.38:128][621]LogModuleManager: Shutting down and abandoning module GameProjectGeneration (158)
[2015.04.19-13.39.38:128][621]LogModuleManager: Shutting down and abandoning module IntroTutorials (157)
[2015.04.19-13.39.38:128][621]LogModuleManager: Shutting down and abandoning module EditorLiveStreaming (156)
[2015.04.19-13.39.38:128][621]LogModuleManager: Shutting down and abandoning module HardwareTargeting (155)
[2015.04.19-13.39.38:128][621]LogModuleManager: Shutting down and abandoning module DeviceProfileEditor (154)
[2015.04.19-13.39.38:128][621]LogModuleManager: Shutting down and abandoning module UndoHistory (153)
[2015.04.19-13.39.38:128][621]LogModuleManager: Shutting down and abandoning module GameplayTagsEditor (152)
[2015.04.19-13.39.38:128][621]LogModuleManager: Shutting down and abandoning module UserFeedback (151)
[2015.04.19-13.39.38:128][621]LogModuleManager: Shutting down and abandoning module XmlParser (150)
[2015.04.19-13.39.38:128][621]LogModuleManager: Shutting down and abandoning module Blutility (149)
[2015.04.19-13.39.38:128][621]LogModuleManager: Shutting down and abandoning module IOSPlatformEditor (148)
[2015.04.19-13.39.38:128][621]LogModuleManager: Shutting down and abandoning module IOSRuntimeSettings (147)
[2015.04.19-13.39.38:128][621]LogModuleManager: Shutting down and abandoning module AndroidDeviceDetection (146)
[2015.04.19-13.39.38:499][621]LogModuleManager: Shutting down and abandoning module AndroidPlatformEditor (145)
[2015.04.19-13.39.38:499][621]LogModuleManager: Shutting down and abandoning module AndroidRuntimeSettings (144)
[2015.04.19-13.39.38:499][621]LogModuleManager: Shutting down and abandoning module ProjectTargetPlatformEditor (143)
[2015.04.19-13.39.38:499][621]LogModuleManager: Shutting down and abandoning module ProjectSettingsViewer (142)
[2015.04.19-13.39.38:499][621]LogModuleManager: Shutting down and abandoning module InputBindingEditor (141)
[2015.04.19-13.39.38:499][621]LogModuleManager: Shutting down and abandoning module EditorSettingsViewer (140)
[2015.04.19-13.39.38:499][621]LogModuleManager: Shutting down and abandoning module SettingsEditor (139)
[2015.04.19-13.39.38:499][621]LogModuleManager: Shutting down and abandoning module ProjectLauncher (138)
[2015.04.19-13.39.38:499][621]LogModuleManager: Shutting down and abandoning module SessionFrontend (137)
[2015.04.19-13.39.38:499][621]LogModuleManager: Shutting down and abandoning module ProfilerClient (136)
[2015.04.19-13.39.38:499][621]LogModuleManager: Shutting down and abandoning module TargetDeviceServices (135)
[2015.04.19-13.39.38:499][621]LogModuleManager: Shutting down and abandoning module DeviceManager (134)
[2015.04.19-13.39.38:499][621]LogModuleManager: Shutting down and abandoning module AutomationController (133)
[2015.04.19-13.39.38:499][621]LogModuleManager: Shutting down and abandoning module AutomationWindow (132)
[2015.04.19-13.39.38:499][621]LogModuleManager: Shutting down and abandoning module Layers (131)
[2015.04.19-13.39.38:499][621]LogModuleManager: Shutting down and abandoning module ComponentVisualizers (130)
[2015.04.19-13.39.38:499][621]LogModuleManager: Shutting down and abandoning module DetailCustomizations (129)
[2015.04.19-13.39.38:499][621]LogModuleManager: Shutting down and abandoning module PackagesDialog (128)
[2015.04.19-13.39.38:499][621]LogModuleManager: Shutting down and abandoning module AssetRegistry (127)
[2015.04.19-13.39.38:631][621]LogModuleManager: Shutting down and abandoning module Persona (126)
[2015.04.19-13.39.38:631][621]LogModuleManager: Shutting down and abandoning module SlateReflector (125)
[2015.04.19-13.39.38:631][621]LogModuleManager: Shutting down and abandoning module LevelEditor (124)
[2015.04.19-13.39.38:632][621]LogModuleManager: Shutting down and abandoning module Kismet (123)
[2015.04.19-13.39.38:632][621]LogModuleManager: Shutting down and abandoning module GraphEditor (122)
[2015.04.19-13.39.38:632][621]LogModuleManager: Shutting down and abandoning module ClassViewer (121)
[2015.04.19-13.39.38:632][621]LogModuleManager: Shutting down and abandoning module Toolbox (120)
[2015.04.19-13.39.38:632][621]LogModuleManager: Shutting down and abandoning module ModuleUI (119)
[2015.04.19-13.39.38:632][621]LogModuleManager: Shutting down and abandoning module MovieSceneTools (118)
[2015.04.19-13.39.38:632][621]LogModuleManager: Shutting down and abandoning module OutputLog (117)
[2015.04.19-13.39.38:632][621]LogModuleManager: Shutting down and abandoning module GammaUI (116)
[2015.04.19-13.39.38:632][621]LogModuleManager: Shutting down and abandoning module Documentation (115)
[2015.04.19-13.39.38:632][621]LogModuleManager: Shutting down and abandoning module GameLiveStreaming (114)
[2015.04.19-13.39.38:632][621]LogModuleManager: Shutting down and abandoning module StreamingPauseRendering (113)
[2015.04.19-13.39.38:632][621]LogModuleManager: Shutting down and abandoning module HTTP (112)
[2015.04.19-13.39.38:632][621]LogModuleManager: Shutting down and abandoning module AnalyticsET (111)
[2015.04.19-13.39.38:632][621]LogModuleManager: Shutting down and abandoning module Analytics (110)
[2015.04.19-13.39.38:632][621]LogModuleManager: Shutting down and abandoning module AITestSuite (109)
[2015.04.19-13.39.38:632][621]LogModuleManager: Shutting down and abandoning module GameplayDebugger (108)
[2015.04.19-13.39.38:632][621]LogModuleManager: Shutting down and abandoning module AIModule (107)
[2015.04.19-13.39.38:632][621]LogModuleManager: Shutting down and abandoning module ProfilerService (106)
[2015.04.19-13.39.38:826][621]LogModuleManager: Shutting down and abandoning module TaskGraph (105)
[2015.04.19-13.39.38:826][621]LogModuleManager: Shutting down and abandoning module SlateRemote (104)
[2015.04.19-13.39.38:826][621]LogModuleManager: Shutting down and abandoning module ScriptEditorPlugin (103)
[2015.04.19-13.39.38:826][621]LogModuleManager: Shutting down and abandoning module CustomMeshComponent (102)
[2015.04.19-13.39.38:826][621]LogModuleManager: Shutting down and abandoning module CableComponent (101)
[2015.04.19-13.39.38:826][621]LogModuleManager: Shutting down and abandoning module MessagingDebugger (100)
[2015.04.19-13.39.38:826][621]LogModuleManager: Shutting down and abandoning module MediaPlayerEditor (99)
[2015.04.19-13.39.38:826][621]LogModuleManager: Shutting down and abandoning module SpeedTreeImporter (98)
[2015.04.19-13.39.38:826][621]LogModuleManager: Shutting down and abandoning module PluginsEditor (97)
[2015.04.19-13.39.38:826][621]LogModuleManager: Shutting down and abandoning module MainFrame (96)
[2015.04.19-13.39.38:826][621]LogModuleManager: Shutting down and abandoning module EpicSurvey (95)
[2015.04.19-13.39.38:826][621]LogModuleManager: Shutting down and abandoning module DesktopPlatform (94)
[2015.04.19-13.39.38:826][621]LogModuleManager: Shutting down and abandoning module DirectoryWatcher (93)
[2015.04.19-13.39.38:827][621]LogModuleManager: Shutting down and abandoning module HotReload (92)
[2015.04.19-13.39.38:827][621]LogModuleManager: Shutting down and abandoning module VisualStudioSourceCodeAccess (91)
[2015.04.19-13.39.38:827][621]LogModuleManager: Shutting down and abandoning module UObjectPlugin (90)
[2015.04.19-13.39.38:827][621]LogModuleManager: Shutting down and abandoning module SubversionSourceControl (89)
[2015.04.19-13.39.38:827][621]LogModuleManager: Shutting down and abandoning module PerforceSourceControl (88)
[2015.04.19-13.39.38:827][621]LogModuleManager: Shutting down and abandoning module SourceControl (87)
[2015.04.19-13.39.38:827][621]LogModuleManager: Shutting down and abandoning module GitSourceControl (86)
[2015.04.19-13.39.38:827][621]LogModuleManager: Shutting down and abandoning module BlankPlugin (85)
[2015.04.19-13.39.38:827][621]LogModuleManager: Shutting down and abandoning module PaperTiledImporter (84)
[2015.04.19-13.39.38:827][621]LogModuleManager: Shutting down and abandoning module PaperJsonImporter (83)
[2015.04.19-13.39.38:827][621]LogModuleManager: Shutting down and abandoning module ContentBrowser (82)
[2015.04.19-13.39.38:828][621]LogModuleManager: Shutting down and abandoning module Paper2DEditor (81)
[2015.04.19-13.39.38:828][621]LogModuleManager: Shutting down and abandoning module ScriptPlugin (80)
[2015.04.19-13.39.38:828][621]LogModuleManager: Shutting down and abandoning module UdpMessaging (79)
[2015.04.19-13.39.38:929][621]LogModuleManager: Shutting down and abandoning module Paper2D (78)
[2015.04.19-13.39.38:929][621]LogModuleManager: Shutting down and abandoning module WindowsMoviePlayer (77)
[2015.04.19-13.39.38:931][621]LogModuleManager: Shutting down and abandoning module Media (76)
[2015.04.19-13.39.38:931][621]LogModuleManager: Shutting down and abandoning module WmfMedia (75)
[2015.04.19-13.39.38:931][621]LogModuleManager: Shutting down and abandoning module OnlineBlueprintSupport (74)
[2015.04.19-13.39.38:931][621]LogModuleManager: Shutting down and abandoning module PropertyEditor (73)
[2015.04.19-13.39.38:931][621]LogModuleManager: Shutting down and abandoning module BehaviorTreeEditor (72)
[2015.04.19-13.39.38:931][621]LogModuleManager: Shutting down and abandoning module FunctionalTesting (71)
[2015.04.19-13.39.38:931][621]LogModuleManager: Shutting down and abandoning module CollisionAnalyzer (70)
[2015.04.19-13.39.38:931][621]LogModuleManager: Shutting down and abandoning module WorkspaceMenuStructure (69)
[2015.04.19-13.39.38:931][621]LogModuleManager: Shutting down and abandoning module MessageLog (68)
[2015.04.19-13.39.38:931][621]LogModuleManager: Shutting down and abandoning module Sequencer (67)
[2015.04.19-13.39.38:931][621]LogModuleManager: Shutting down and abandoning module AssetTools (66)
[2015.04.19-13.39.38:931][621]LogModuleManager: Shutting down and abandoning module UMGEditor (65)
[2015.04.19-13.39.38:931][621]LogModuleManager: Shutting down and abandoning module UMG (64)
[2015.04.19-13.39.38:931][621]LogModuleManager: Shutting down and abandoning module Slate (63)
[2015.04.19-13.39.38:931][621]LogModuleManager: Shutting down and abandoning module EditorStyle (62)
[2015.04.19-13.39.38:934][621]LogModuleManager: Shutting down and abandoning module SessionServices (61)
[2015.04.19-13.39.38:934][621]LogModuleManager: Shutting down and abandoning module SourceCodeAccess (60)
[2015.04.19-13.39.38:934][621]LogModuleManager: Shutting down and abandoning module HeadMountedDisplay (59)
[2015.04.19-13.39.38:934][621]LogModuleManager: Shutting down and abandoning module XAudio2 (58)
[2015.04.19-13.39.38:934][621]LogModuleManager: Shutting down and abandoning module Networking (56)
[2015.04.19-13.39.38:934][621]LogModuleManager: Shutting down and abandoning module Core (55)
[2015.04.19-13.39.38:934][621]LogModuleManager: Shutting down and abandoning module KismetCompiler (54)
[2015.04.19-13.39.38:934][621]LogModuleManager: Shutting down and abandoning module PhysXFormats (53)
[2015.04.19-13.39.38:934][621]LogModuleManager: Shutting down and abandoning module MeshUtilities (52)
[2015.04.19-13.39.38:934][621]LogModuleManager: Shutting down and abandoning module DerivedDataCache (51)
[2015.04.19-13.39.38:965][621]LogDerivedDataCache: Shutdown
[2015.04.19-13.39.38:965][621]LogModuleManager: Shutting down and abandoning module ShaderFormatOpenGL (50)
[2015.04.19-13.39.38:965][621]LogModuleManager: Shutting down and abandoning module ShaderFormatD3D (49)
[2015.04.19-13.39.38:965][621]LogModuleManager: Shutting down and abandoning module MetalShaderFormat (48)
[2015.04.19-13.39.38:965][621]LogModuleManager: Shutting down and abandoning module TextureFormatUncompressed (47)
[2015.04.19-13.39.38:965][621]LogModuleManager: Shutting down and abandoning module TextureFormatPVR (46)
[2015.04.19-13.39.38:965][621]LogModuleManager: Shutting down and abandoning module TextureFormatIntelISPCTexComp (45)
[2015.04.19-13.39.38:965][621]LogModuleManager: Shutting down and abandoning module TextureFormatDXT (44)
[2015.04.19-13.39.38:965][621]LogModuleManager: Shutting down and abandoning module ImageWrapper (43)
[2015.04.19-13.39.38:965][621]LogModuleManager: Shutting down and abandoning module TextureFormatASTC (42)
[2015.04.19-13.39.38:965][621]LogModuleManager: Shutting down and abandoning module TextureFormatAndroid (41)
[2015.04.19-13.39.38:965][621]LogModuleManager: Shutting down and abandoning module AudioFormatOpus (40)
[2015.04.19-13.39.38:965][621]LogModuleManager: Shutting down and abandoning module AudioFormatOgg (39)
[2015.04.19-13.39.38:965][621]LogModuleManager: Shutting down and abandoning module AudioFormatADPCM (38)
[2015.04.19-13.39.38:965][621]LogModuleManager: Shutting down and abandoning module LinuxTargetPlatform (37)
[2015.04.19-13.39.38:965][621]LogModuleManager: Shutting down and abandoning module LinuxServerTargetPlatform (36)
[2015.04.19-13.39.38:965][621]LogModuleManager: Shutting down and abandoning module LinuxNoEditorTargetPlatform (35)
[2015.04.19-13.39.38:965][621]LogModuleManager: Shutting down and abandoning module Messaging (34)
[2015.04.19-13.39.38:965][621]LogModuleManager: Shutting down and abandoning module IOSTargetPlatform (33)
[2015.04.19-13.39.38:965][621]LogModuleManager: Shutting down and abandoning module HTML5TargetPlatform (32)
[2015.04.19-13.39.38:965][621]LogModuleManager: Shutting down and abandoning module Android_PVRTCTargetPlatform (31)
[2015.04.19-13.39.38:965][621]LogModuleManager: Shutting down and abandoning module Android_ETC2TargetPlatform (30)
[2015.04.19-13.39.38:965][621]LogModuleManager: Shutting down and abandoning module Android_ETC1TargetPlatform (29)
[2015.04.19-13.39.38:965][621]LogModuleManager: Shutting down and abandoning module Android_ES31TargetPlatform (28)
[2015.04.19-13.39.38:965][621]LogModuleManager: Shutting down and abandoning module Android_DXTTargetPlatform (27)
[2015.04.19-13.39.38:965][621]LogModuleManager: Shutting down and abandoning module Android_ATCTargetPlatform (26)
[2015.04.19-13.39.38:965][621]LogModuleManager: Shutting down and abandoning module AndroidTargetPlatform (25)
[2015.04.19-13.39.38:965][621]LogModuleManager: Shutting down and abandoning module WindowsTargetPlatform (24)
[2015.04.19-13.39.38:965][621]LogModuleManager: Shutting down and abandoning module WindowsServerTargetPlatform (23)
[2015.04.19-13.39.38:965][621]LogModuleManager: Shutting down and abandoning module WindowsNoEditorTargetPlatform (22)
[2015.04.19-13.39.38:965][621]LogModuleManager: Shutting down and abandoning module WindowsClientTargetPlatform (21)
[2015.04.19-13.39.38:965][621]LogModuleManager: Shutting down and abandoning module TargetPlatform (20)
[2015.04.19-13.39.38:965][621]LogModuleManager: Shutting down and abandoning module InputCore (19)
[2015.04.19-13.39.38:965][621]LogModuleManager: Shutting down and abandoning module Settings (18)
[2015.04.19-13.39.38:965][621]LogModuleManager: Shutting down and abandoning module OnlineSubsystem (16)
[2015.04.19-13.39.38:965][621]LogModuleManager: Shutting down and abandoning module OculusRift (15)
[2015.04.19-13.39.38:965][621]LogModuleManager: Shutting down and abandoning module ExampleDeviceProfileSelector (14)
[2015.04.19-13.39.38:965][621]LogModuleManager: Shutting down and abandoning module TextureCompressor (13)
[2015.04.19-13.39.38:965][621]LogModuleManager: Shutting down and abandoning module ShaderCore (12)
[2015.04.19-13.39.38:965][621]LogModuleManager: Shutting down and abandoning module Landscape (11)
[2015.04.19-13.39.38:965][621]LogModuleManager: Shutting down and abandoning module SlateRHIRenderer (10)
[2015.04.19-13.39.38:966][621]LogModuleManager: Shutting down and abandoning module OpenGLDrv (9)
[2015.04.19-13.39.38:966][621]LogModuleManager: Shutting down and abandoning module D3D11RHI (8)
[2015.04.19-13.39.38:966][621]LogModuleManager: Shutting down and abandoning module Renderer (7)
[2015.04.19-13.39.38:966][621]LogModuleManager: Shutting down and abandoning module Engine (6)
[2015.04.19-13.39.38:966][621]LogModuleManager: Shutting down and abandoning module CoreUObject (5)
[2015.04.19-13.39.38:966][621]LogModuleManager: Shutting down and abandoning module NetworkFile (4)
[2015.04.19-13.39.38:966][621]LogModuleManager: Shutting down and abandoning module StreamingFile (3)
[2015.04.19-13.39.38:966][621]LogModuleManager: Shutting down and abandoning module SandboxFile (2)
[2015.04.19-13.39.38:966][621]LogModuleManager: Shutting down and abandoning module PakFile (1)
[2015.04.19-13.39.38:967][621]LogExit: Exiting.
[2015.04.19-13.39.38:970][621]Log file closed, 04/19/15 08:39:38
