Log file open, 04/19/15 17:12:09
LogInit:Display: Running engine for game: ImaginaryFriendDemo
LogInit: Version: 4.7.5-2503383+++depot+UE4-Releases+4.7
LogInit: API Version: 2455222
LogInit: Compiled (64-bit): Apr  6 2015 23:21:51
LogInit: Compiled with Visual C++: 18.00.21005.01
LogInit: Build Configuration: Development
LogInit: Branch Name: ++depot+UE4-Releases+4.7
LogInit: Command line:  
LogInit: Base directory: E:/Unreal/Epic Games/4.7/Engine/Binaries/Win64/
LogInit: Rocket: 1
[2015.04.19-22.12.09:386][  0]LogTaskGraph: Started task graph with 3 named threads and 6 total threads.
[2015.04.19-22.12.09:437][  0]LogOnline:Warning: No default platform service specified for OnlineSubsystem
[2015.04.19-22.12.09:446][  0]LogInit: Presizing for 0 objects not considered by GC, pre-allocating 0 bytes.
[2015.04.19-22.12.09:453][  0]LogInit: Object subsystem initialized
[2015.04.19-22.12.09:454][  0]LogConsoleResponse:Warning: Skipping Unknown console variable: 'TranslucentSortAxis = (X=0.000000,Y=-1.000000,Z=0.000000)'
[2015.04.19-22.12.09:454][  0]LogConsoleResponse:Warning:   Found in ini file 'E:/Unreal/Projects/ImaginaryFriendDemo/Saved/Config/Windows/Engine.ini', in section '[/Script/Engine.RendererSettings]'
[2015.04.19-22.12.09:454][  0]LogConsoleResponse:Warning: Skipping Unknown console variable: 'UIScaleRule = ShortestSide'
[2015.04.19-22.12.09:454][  0]LogConsoleResponse:Warning:   Found in ini file 'E:/Unreal/Projects/ImaginaryFriendDemo/Saved/Config/Windows/Engine.ini', in section '[/Script/Engine.RendererSettings]'
[2015.04.19-22.12.09:454][  0]LogConsoleResponse:Warning: Skipping Unknown console variable: 'UIScaleCurve = (EditorCurveData=(Keys=),ExternalCurve=None)'
[2015.04.19-22.12.09:454][  0]LogConsoleResponse:Warning:   Found in ini file 'E:/Unreal/Projects/ImaginaryFriendDemo/Saved/Config/Windows/Engine.ini', in section '[/Script/Engine.RendererSettings]'
[2015.04.19-22.12.09:455][  0]LogInit: Selected Device Profile: [Windows]
[2015.04.19-22.12.09:455][  0]LogInit: Applying CVar settings loaded from the selected device profile: [Windows]
[2015.04.19-22.12.09:458][  0]LogInit: Computer: COMPY
[2015.04.19-22.12.09:458][  0]LogInit: User: Nick
[2015.04.19-22.12.09:458][  0]LogInit: CPU Page size=4096, Cores=4
[2015.04.19-22.12.09:458][  0]LogInit: High frequency timer resolution =14.318180 MHz
[2015.04.19-22.12.09:459][  0]LogMemory: Memory total: Physical=15.9GB (16GB approx) Virtual=131072.0GB
[2015.04.19-22.12.09:459][  0]LogMemory: Platform Memory Stats for Windows
[2015.04.19-22.12.09:459][  0]LogMemory: Process Physical Memory: 45.98 MB used, 45.98 MB peak
[2015.04.19-22.12.09:459][  0]LogMemory: Process Virtual Memory: 26.23 MB used, 26.24 MB peak
[2015.04.19-22.12.09:459][  0]LogMemory: Physical Memory: 2744.04 MB used, 16259.70 MB total
[2015.04.19-22.12.09:459][  0]LogMemory: Virtual Memory: 285.90 MB used, 134217728.00 MB total
[2015.04.19-22.12.09:472][  0]LogD3D11RHI: Found D3D11 adapter 0: AMD Radeon HD 7900 Series (Feature Level 11_0)
[2015.04.19-22.12.09:472][  0]LogD3D11RHI: Adapter has 3051MB of dedicated video memory, 0MB of dedicated system memory, and 3840MB of shared system memory, 2 output[s]
[2015.04.19-22.12.09:476][  0]LogD3D11RHI: Found D3D11 adapter 1: Intel(R) HD Graphics 4600 (Feature Level 11_0)
[2015.04.19-22.12.09:476][  0]LogD3D11RHI: Adapter has 32MB of dedicated video memory, 0MB of dedicated system memory, and 1760MB of shared system memory, 0 output[s]
[2015.04.19-22.12.09:477][  0]LogD3D11RHI: Found D3D11 adapter 2: Microsoft Basic Render Driver (Feature Level 11_0)
[2015.04.19-22.12.09:477][  0]LogD3D11RHI: Adapter has 0MB of dedicated video memory, 0MB of dedicated system memory, and 256MB of shared system memory, 0 output[s]
[2015.04.19-22.12.09:477][  0]LogD3D11RHI: Chosen D3D11 Adapter Id = 0
[2015.04.19-22.12.09:480][  0]LogRHI: Texture pool is 1361 MB (70% of 1945 MB)
[2015.04.19-22.12.09:483][  0]LogD3D11RHI: Async texture creation disabled: no driver support
[2015.04.19-22.12.09:582][  0]LogTextLocalizationManager: The requested culture ('en_US') has no localization data; parent culture's ('en') localization data will be used.
[2015.04.19-22.12.09:626][  0]LogTextLocalizationManager:Warning: Loading localization resources contain conflicting entries for (Namespace:UICommands, Key:Save_ToolTip):
Resource: (E:/Unreal/Epic Games/4.7/Engine/Content/Localization/Editor/en/Editor.locres) Hash: (-29098895) String: (Saves the current level to disk)
Resource: (E:/Unreal/Epic Games/4.7/Engine/Content/Localization/Engine/en/Engine.locres) Hash: (-1280300587) String: (Save selected data to vlog file)
[2015.04.19-22.12.09:626][  0]LogTextLocalizationManager:Warning: Loading localization resources contain conflicting entries for (Namespace:ContentBrowser, Key:ImportAssetToolTip):
Resource: (E:/Unreal/Epic Games/4.7/Engine/Content/Localization/Editor/en/Editor.locres) Hash: (-630476809) String: (Import to {0}...)
Resource: (E:/Unreal/Epic Games/4.7/Engine/Content/Localization/Editor/en/Editor.locres) Hash: (1271782899) String: (Imports an asset from file to this folder.)
[2015.04.19-22.12.09:685][  0]LogContentStreaming: Texture pool size is 0.000000MB
[2015.04.19-22.12.13:693][  0]LogTargetPlatformManager:Display: Building Assets For Windows
[2015.04.19-22.12.16:074][  0]LogTargetPlatformManager:Display: Building Assets For Windows
[2015.04.19-22.12.16:278][  0]LogDerivedDataCache:Display: Max Cache Size: 512 MB
[2015.04.19-22.12.16:597][  0]LogDerivedDataCache: Loaded boot cache 0.12s 39MB C:/Users/Nick/AppData/Local/UnrealEngine/4.7/DerivedDataCache/Boot.ddc.
[2015.04.19-22.12.16:597][  0]LogDerivedDataCache:Display: Loaded Boot cache: C:/Users/Nick/AppData/Local/UnrealEngine/4.7/DerivedDataCache/Boot.ddc
[2015.04.19-22.12.16:597][  0]LogDerivedDataCache: FDerivedDataBackendGraph:  Pak pak cache file ../../../../../Projects/ImaginaryFriendDemo/DerivedDataCache/DDC.ddp not found, will not use a pak cache.
[2015.04.19-22.12.16:597][  0]LogDerivedDataCache: Unable to find inner node Pak for hierarchical cache Hierarchy.
[2015.04.19-22.12.16:750][  0]LogDerivedDataCache:Display: Pak cache opened for reading ../../../Engine/DerivedDataCache/Compressed.ddp.
[2015.04.19-22.12.16:761][  0]LogDerivedDataCache: Using Local data cache path C:/Users/Nick/AppData/Local/UnrealEngine/Common/DerivedDataCache: Writable
[2015.04.19-22.12.26:851][  0]LogMeshUtilities: No automatic mesh reduction module available
[2015.04.19-22.12.26:851][  0]LogMeshUtilities: No automatic mesh merging module available
[2015.04.19-22.12.33:138][  0]LogInit: WinSock: version 1.1 (2.2), MaxSocks=32767, MaxUdp=65467
[2015.04.19-22.12.33:596][  0]LogSlate:Warning: Failed to load font data from '../../../Engine/Content/Slate/Fonts/Roboto-Italic.ttf'
[2015.04.19-22.12.55:672][  0]UdpMessaging: Initializing bridge on interface 0.0.0.0:0 to multicast group 230.0.0.1:6666.
[2015.04.19-22.12.56:842][  0]SourceControl: Info Source control is disabled
[2015.04.19-22.12.56:864][  0]SourceControl: Info Source control is disabled
[2015.04.19-22.12.56:864][  0]SourceControl: Info Source control is disabled
[2015.04.19-22.12.56:864][  0]LogSourceControl: RunCommandInternalRaw: 'git version'
[2015.04.19-22.12.56:865][  0]LogSourceControl: RunCommandInternalRaw: ExecProcess ReturnCode=2 OutResults=''
[2015.04.19-22.12.56:871][  0]SourceControl: Info Source control is disabled
[2015.04.19-22.12.58:263][  0]LogObj: 24232 objects as part of root set at end of initial load.
[2015.04.19-22.12.58:263][  0]LogUObjectAllocator: 5137176 out of 0 bytes used by permanent object pool.
[2015.04.19-22.12.59:201][  0]LogEngine: Initializing Engine...
[2015.04.19-22.13.02:431][  0]LogInit: XAudio2 using 'Line Out (4- Scarlett 2i2 USB)' : 2 channels at 44.1 kHz using 16 bits per sample (channel mask 0x3)
[2015.04.19-22.13.02:447][  0]LogInit: FAudioDevice initialized.
[2015.04.19-22.13.03:555][  0]LogAIModule: Creating AISystem for world NewWorld
[2015.04.19-22.13.03:886][  0]LogDerivedDataCache: Saved boot cache 0.02s 39MB C:/Users/Nick/AppData/Local/UnrealEngine/4.7/DerivedDataCache/Boot.ddc.
[2015.04.19-22.13.03:890][  0]LogInit: Texture streaming: Enabled
[2015.04.19-22.13.04:631][  0]LogAnalytics: Creating configured Analytics provider AnalyticsET
[2015.04.19-22.13.04:631][  0]LogAnalytics: ET APIKey = Rocket.Release. APIServer = http://et2.epicgames.com/ET2/. AppVersion = 4.7.5-2503383+++depot+UE4-Releases+4.7
[2015.04.19-22.13.04:631][  0]LogAnalytics: ET APIKey = Rocket.Release. DataRouterUploadURL = https://datarouter-public-service-gamedev.ol.epicgames.net/datarouter/api/v1/public/data. AppVersion = 4.7.5-2503383+++depot+UE4-Releases+4.7
[2015.04.19-22.13.04:632][  0]LogAnalytics: SetUserId ae2fd81d40e74e933ac176aa65f19d69|a11a1d6788b14be38425ce267983457b|5433b200-1896-4b41-b217-14931c041df8
[2015.04.19-22.13.04:657][  0]LogAnalytics: AnalyticsET::StartSession [Rocket.Release]
[2015.04.19-22.13.04:988][  0]LogInit: Transaction tracking system initialized
[2015.04.19-22.13.06:505][  0]BlueprintLog: New page: Editor Load
[2015.04.19-22.13.06:701][  0]LogAssetRegistry: FAssetRegistry took 0.0447 seconds to start up
[2015.04.19-22.13.06:702][  0]LogDirectoryWatcher:Warning: Failed to begin reading directory changes for ../../../Engine/Plugins/Experimental/CharacterAI/Content/. Error: 0
[2015.04.19-22.13.17:108][  0]LogTargetPlatformManager:Display: Building Assets For Windows
[2015.04.19-22.13.18:823][  0]LogTargetPlatformManager:Display: Building Assets For Windows
[2015.04.19-22.13.20:105][  0]LogSlate:Warning: Failed to load font data from '../../../Engine/Content/Editor/Slate/Fonts/Roboto-Regular.ttf'
[2015.04.19-22.13.20:105][  0]LogSlate:Warning: Failed to load font data from '../../../Engine/Content/Editor/Slate/Fonts/Roboto-Bold.ttf'
[2015.04.19-22.13.20:220][  0]LogConsoleResponse:Display: 
[2015.04.19-22.13.25:168][  0]LogCook:Display: Done creating registry. It took  0.00s.
[2015.04.19-22.13.30:359][  0]SourceControl: Info Source control is disabled
[2015.04.19-22.13.30:573][  0]Cmd: MAP LOAD FILE="../../../../../Projects/ImaginaryFriendDemo/Content/ThirdPersonBP/Maps/ThirdPersonExampleMap.umap" TEMPLATE=0 SHOWPROGRESS=1 FEATURELEVEL=3
[2015.04.19-22.13.30:733][  0]LightingResults: New page: Lighting Build
[2015.04.19-22.13.31:399][  0]MapCheck: New page: Map Check
[2015.04.19-22.13.31:399][  0]LightingResults: New page: Lighting Build
[2015.04.19-22.13.32:024][  0]LogParticles: Destroying 0 GPU particle simulations for FXSystem 0x0000009A99D82520
[2015.04.19-22.13.43:046][  0]LogLinker:Warning: Asset '../../../Engine/Content/EngineMeshes/Humanoid.uasset' has been saved with empty engine version. The asset will be loaded but may be incompatible.
[2015.04.19-22.13.46:238][  0]LogAnimation:Warning: UAnimMontage::PostLoad: The actual sequence length for montage AM_Player_Death does not match the length stored in the asset, please resave the montage asset.
[2015.04.19-22.13.46:240][  0]LogAnimation:Warning: UAnimMontage::PostLoad: The actual sequence length for montage AM_Player_Sprint_Attack does not match the length stored in the asset, please resave the montage asset.
[2015.04.19-22.13.47:703][  0]LogSkinnedMeshComp:Warning: GetSocketByName(): No SkeletalMesh for CharacterMesh0
[2015.04.19-22.13.47:703][  0]LogSkinnedMeshComp:Warning: GetSocketByName(): No SkeletalMesh for CharacterMesh0
[2015.04.19-22.13.47:718][  0]LogSkinnedMeshComp:Warning: GetSocketByName(): No SkeletalMesh for CharacterMesh0
[2015.04.19-22.13.47:718][  0]LogSkinnedMeshComp:Warning: GetSocketByName(): No SkeletalMesh for CharacterMesh0
[2015.04.19-22.13.47:718][  0]LogSkinnedMeshComp:Warning: GetSocketByName(): No SkeletalMesh for CharacterMesh0
[2015.04.19-22.13.47:718][  0]LogSkinnedMeshComp:Warning: GetSocketByName(): No SkeletalMesh for CharacterMesh0
[2015.04.19-22.13.47:737][  0]LogSkinnedMeshComp:Warning: GetSocketByName(): No SkeletalMesh for CharacterMesh0
[2015.04.19-22.13.47:737][  0]LogSkinnedMeshComp:Warning: GetSocketByName(): No SkeletalMesh for CharacterMesh0
[2015.04.19-22.13.47:739][  0]LogSkinnedMeshComp:Warning: GetSocketByName(): No SkeletalMesh for CharacterMesh0
[2015.04.19-22.13.47:739][  0]LogSkinnedMeshComp:Warning: GetSocketByName(): No SkeletalMesh for CharacterMesh0
[2015.04.19-22.13.47:739][  0]LogSkinnedMeshComp:Warning: GetSocketByName(): No SkeletalMesh for CharacterMesh0
[2015.04.19-22.13.47:739][  0]LogSkinnedMeshComp:Warning: GetSocketByName(): No SkeletalMesh for CharacterMesh0
[2015.04.19-22.13.47:739][  0]LogSkinnedMeshComp:Warning: GetSocketByName(): No SkeletalMesh for CharacterMesh0
[2015.04.19-22.13.47:739][  0]LogSkinnedMeshComp:Warning: GetSocketByName(): No SkeletalMesh for CharacterMesh0
[2015.04.19-22.13.47:739][  0]LogSkinnedMeshComp:Warning: GetSocketByName(): No SkeletalMesh for CharacterMesh0
[2015.04.19-22.13.47:739][  0]LogSkinnedMeshComp:Warning: GetSocketByName(): No SkeletalMesh for CharacterMesh0
[2015.04.19-22.13.47:740][  0]LogSkinnedMeshComp:Warning: GetSocketByName(): No SkeletalMesh for CharacterMesh0
[2015.04.19-22.13.47:740][  0]LogSkinnedMeshComp:Warning: GetSocketByName(): No SkeletalMesh for CharacterMesh0
[2015.04.19-22.13.47:741][  0]LogSkinnedMeshComp:Warning: GetSocketByName(): No SkeletalMesh for CharacterMesh0
[2015.04.19-22.13.47:741][  0]LogSkinnedMeshComp:Warning: GetSocketByName(): No SkeletalMesh for CharacterMesh0
[2015.04.19-22.13.47:741][  0]LogSkinnedMeshComp:Warning: GetSocketByName(): No SkeletalMesh for CharacterMesh0
[2015.04.19-22.13.47:741][  0]LogSkinnedMeshComp:Warning: GetSocketByName(): No SkeletalMesh for CharacterMesh0
[2015.04.19-22.13.47:741][  0]LogSkinnedMeshComp:Warning: GetSocketByName(): No SkeletalMesh for CharacterMesh0
[2015.04.19-22.13.47:741][  0]LogSkinnedMeshComp:Warning: GetSocketByName(): No SkeletalMesh for CharacterMesh0
[2015.04.19-22.13.47:742][  0]LogSkinnedMeshComp:Warning: GetSocketByName(): No SkeletalMesh for CharacterMesh0
[2015.04.19-22.13.47:742][  0]LogSkinnedMeshComp:Warning: GetSocketByName(): No SkeletalMesh for CharacterMesh0
[2015.04.19-22.13.47:742][  0]LogSkinnedMeshComp:Warning: GetSocketByName(): No SkeletalMesh for CharacterMesh0
[2015.04.19-22.13.47:742][  0]LogSkinnedMeshComp:Warning: GetSocketByName(): No SkeletalMesh for CharacterMesh0
[2015.04.19-22.13.47:742][  0]LogSkinnedMeshComp:Warning: GetSocketByName(): No SkeletalMesh for CharacterMesh0
[2015.04.19-22.13.47:742][  0]LogSkinnedMeshComp:Warning: GetSocketByName(): No SkeletalMesh for CharacterMesh0
[2015.04.19-22.13.47:742][  0]LogSkinnedMeshComp:Warning: GetSocketByName(): No SkeletalMesh for CharacterMesh0
[2015.04.19-22.13.47:742][  0]LogSkinnedMeshComp:Warning: GetSocketByName(): No SkeletalMesh for CharacterMesh0
[2015.04.19-22.13.47:743][  0]LogSkinnedMeshComp:Warning: GetSocketByName(): No SkeletalMesh for CharacterMesh0
[2015.04.19-22.13.47:743][  0]LogSkinnedMeshComp:Warning: GetSocketByName(): No SkeletalMesh for CharacterMesh0
[2015.04.19-22.13.47:743][  0]LogSkinnedMeshComp:Warning: GetSocketByName(): No SkeletalMesh for CharacterMesh0
[2015.04.19-22.13.47:743][  0]LogSkinnedMeshComp:Warning: GetSocketByName(): No SkeletalMesh for CharacterMesh0
[2015.04.19-22.13.47:743][  0]LogSkinnedMeshComp:Warning: GetSocketByName(): No SkeletalMesh for CharacterMesh0
[2015.04.19-22.13.47:743][  0]LogSkinnedMeshComp:Warning: GetSocketByName(): No SkeletalMesh for CharacterMesh0
[2015.04.19-22.13.47:743][  0]LogSkinnedMeshComp:Warning: GetSocketByName(): No SkeletalMesh for CharacterMesh0
[2015.04.19-22.13.47:743][  0]LogSkinnedMeshComp:Warning: GetSocketByName(): No SkeletalMesh for CharacterMesh0
[2015.04.19-22.13.47:745][  0]LogSkinnedMeshComp:Warning: GetSocketByName(): No SkeletalMesh for CharacterMesh0
[2015.04.19-22.13.47:745][  0]LogSkinnedMeshComp:Warning: GetSocketByName(): No SkeletalMesh for CharacterMesh0
[2015.04.19-22.13.47:745][  0]LogSkinnedMeshComp:Warning: GetSocketByName(): No SkeletalMesh for CharacterMesh0
[2015.04.19-22.13.47:745][  0]LogSkinnedMeshComp:Warning: GetSocketByName(): No SkeletalMesh for CharacterMesh0
[2015.04.19-22.13.47:745][  0]LogSkinnedMeshComp:Warning: GetSocketByName(): No SkeletalMesh for CharacterMesh0
[2015.04.19-22.13.47:745][  0]LogSkinnedMeshComp:Warning: GetSocketByName(): No SkeletalMesh for CharacterMesh0
[2015.04.19-22.13.47:745][  0]LogSkinnedMeshComp:Warning: GetSocketByName(): No SkeletalMesh for CharacterMesh0
[2015.04.19-22.13.47:745][  0]LogSkinnedMeshComp:Warning: GetSocketByName(): No SkeletalMesh for CharacterMesh0
[2015.04.19-22.13.47:746][  0]LogSkinnedMeshComp:Warning: GetSocketByName(): No SkeletalMesh for CharacterMesh0
[2015.04.19-22.13.47:746][  0]LogSkinnedMeshComp:Warning: GetSocketByName(): No SkeletalMesh for CharacterMesh0
[2015.04.19-22.13.47:746][  0]LogSkinnedMeshComp:Warning: GetSocketByName(): No SkeletalMesh for CharacterMesh0
[2015.04.19-22.13.47:746][  0]LogSkinnedMeshComp:Warning: GetSocketByName(): No SkeletalMesh for CharacterMesh0
[2015.04.19-22.13.47:746][  0]LogSkinnedMeshComp:Warning: GetSocketByName(): No SkeletalMesh for CharacterMesh0
[2015.04.19-22.13.47:746][  0]LogSkinnedMeshComp:Warning: GetSocketByName(): No SkeletalMesh for CharacterMesh0
[2015.04.19-22.13.47:746][  0]LogSkinnedMeshComp:Warning: GetSocketByName(): No SkeletalMesh for CharacterMesh0
[2015.04.19-22.13.47:746][  0]LogSkinnedMeshComp:Warning: GetSocketByName(): No SkeletalMesh for CharacterMesh0
[2015.04.19-22.13.47:748][  0]LogSkinnedMeshComp:Warning: GetSocketByName(): No SkeletalMesh for CharacterMesh0
[2015.04.19-22.13.47:748][  0]LogSkinnedMeshComp:Warning: GetSocketByName(): No SkeletalMesh for CharacterMesh0
[2015.04.19-22.13.47:748][  0]LogSkinnedMeshComp:Warning: GetSocketByName(): No SkeletalMesh for CharacterMesh0
[2015.04.19-22.13.47:748][  0]LogSkinnedMeshComp:Warning: GetSocketByName(): No SkeletalMesh for CharacterMesh0
[2015.04.19-22.13.47:748][  0]LogSkinnedMeshComp:Warning: GetSocketByName(): No SkeletalMesh for CharacterMesh0
[2015.04.19-22.13.47:748][  0]LogSkinnedMeshComp:Warning: GetSocketByName(): No SkeletalMesh for CharacterMesh0
[2015.04.19-22.13.47:748][  0]LogSkinnedMeshComp:Warning: GetSocketByName(): No SkeletalMesh for CharacterMesh0
[2015.04.19-22.13.47:748][  0]LogSkinnedMeshComp:Warning: GetSocketByName(): No SkeletalMesh for CharacterMesh0
[2015.04.19-22.13.47:749][  0]LogSkinnedMeshComp:Warning: GetSocketByName(): No SkeletalMesh for CharacterMesh0
[2015.04.19-22.13.47:749][  0]LogSkinnedMeshComp:Warning: GetSocketByName(): No SkeletalMesh for CharacterMesh0
[2015.04.19-22.13.47:749][  0]LogSkinnedMeshComp:Warning: GetSocketByName(): No SkeletalMesh for CharacterMesh0
[2015.04.19-22.13.47:749][  0]LogSkinnedMeshComp:Warning: GetSocketByName(): No SkeletalMesh for CharacterMesh0
[2015.04.19-22.13.47:749][  0]LogSkinnedMeshComp:Warning: GetSocketByName(): No SkeletalMesh for CharacterMesh0
[2015.04.19-22.13.47:749][  0]LogSkinnedMeshComp:Warning: GetSocketByName(): No SkeletalMesh for CharacterMesh0
[2015.04.19-22.13.47:749][  0]LogSkinnedMeshComp:Warning: GetSocketByName(): No SkeletalMesh for CharacterMesh0
[2015.04.19-22.13.47:749][  0]LogSkinnedMeshComp:Warning: GetSocketByName(): No SkeletalMesh for CharacterMesh0
[2015.04.19-22.13.47:750][  0]LogSkinnedMeshComp:Warning: GetSocketByName(): No SkeletalMesh for CharacterMesh0
[2015.04.19-22.13.47:750][  0]LogSkinnedMeshComp:Warning: GetSocketByName(): No SkeletalMesh for CharacterMesh0
[2015.04.19-22.13.47:750][  0]LogSkinnedMeshComp:Warning: GetSocketByName(): No SkeletalMesh for CharacterMesh0
[2015.04.19-22.13.47:750][  0]LogSkinnedMeshComp:Warning: GetSocketByName(): No SkeletalMesh for CharacterMesh0
[2015.04.19-22.13.47:750][  0]LogSkinnedMeshComp:Warning: GetSocketByName(): No SkeletalMesh for CharacterMesh0
[2015.04.19-22.13.47:750][  0]LogSkinnedMeshComp:Warning: GetSocketByName(): No SkeletalMesh for CharacterMesh0
[2015.04.19-22.13.47:750][  0]LogSkinnedMeshComp:Warning: GetSocketByName(): No SkeletalMesh for CharacterMesh0
[2015.04.19-22.13.47:750][  0]LogSkinnedMeshComp:Warning: GetSocketByName(): No SkeletalMesh for CharacterMesh0
[2015.04.19-22.13.47:751][  0]LogSkinnedMeshComp:Warning: GetSocketByName(): No SkeletalMesh for CharacterMesh0
[2015.04.19-22.13.47:751][  0]LogSkinnedMeshComp:Warning: GetSocketByName(): No SkeletalMesh for CharacterMesh0
[2015.04.19-22.13.47:752][  0]LogSkinnedMeshComp:Warning: GetSocketByName(): No SkeletalMesh for CharacterMesh0
[2015.04.19-22.13.47:752][  0]LogSkinnedMeshComp:Warning: GetSocketByName(): No SkeletalMesh for CharacterMesh0
[2015.04.19-22.13.47:752][  0]LogSkinnedMeshComp:Warning: GetSocketByName(): No SkeletalMesh for CharacterMesh0
[2015.04.19-22.13.47:752][  0]LogSkinnedMeshComp:Warning: GetSocketByName(): No SkeletalMesh for CharacterMesh0
[2015.04.19-22.13.47:752][  0]LogSkinnedMeshComp:Warning: GetSocketByName(): No SkeletalMesh for CharacterMesh0
[2015.04.19-22.13.47:752][  0]LogSkinnedMeshComp:Warning: GetSocketByName(): No SkeletalMesh for CharacterMesh0
[2015.04.19-22.13.47:869][  0]LogSkinnedMeshComp:Warning: GetSocketByName(): No SkeletalMesh for CharacterMesh0
[2015.04.19-22.13.47:869][  0]LogSkinnedMeshComp:Warning: GetSocketByName(): No SkeletalMesh for CharacterMesh0
[2015.04.19-22.13.47:869][  0]LogSkinnedMeshComp:Warning: GetSocketByName(): No SkeletalMesh for CharacterMesh0
[2015.04.19-22.13.47:869][  0]LogSkinnedMeshComp:Warning: GetSocketByName(): No SkeletalMesh for CharacterMesh0
[2015.04.19-22.13.47:869][  0]LogSkinnedMeshComp:Warning: GetSocketByName(): No SkeletalMesh for CharacterMesh0
[2015.04.19-22.13.47:869][  0]LogSkinnedMeshComp:Warning: GetSocketByName(): No SkeletalMesh for CharacterMesh0
[2015.04.19-22.13.47:869][  0]LogSkinnedMeshComp:Warning: GetSocketByName(): No SkeletalMesh for CharacterMesh0
[2015.04.19-22.13.47:870][  0]LogSkinnedMeshComp:Warning: GetSocketByName(): No SkeletalMesh for CharacterMesh0
[2015.04.19-22.13.47:871][  0]LogSkinnedMeshComp:Warning: GetSocketByName(): No SkeletalMesh for CharacterMesh0
[2015.04.19-22.13.47:871][  0]LogSkinnedMeshComp:Warning: GetSocketByName(): No SkeletalMesh for CharacterMesh0
[2015.04.19-22.13.47:871][  0]LogSkinnedMeshComp:Warning: GetSocketByName(): No SkeletalMesh for CharacterMesh0
[2015.04.19-22.13.47:871][  0]LogSkinnedMeshComp:Warning: GetSocketByName(): No SkeletalMesh for CharacterMesh0
[2015.04.19-22.13.47:871][  0]LogSkinnedMeshComp:Warning: GetSocketByName(): No SkeletalMesh for CharacterMesh0
[2015.04.19-22.13.47:871][  0]LogSkinnedMeshComp:Warning: GetSocketByName(): No SkeletalMesh for CharacterMesh0
[2015.04.19-22.13.47:871][  0]LogSkinnedMeshComp:Warning: GetSocketByName(): No SkeletalMesh for CharacterMesh0
[2015.04.19-22.13.47:871][  0]LogSkinnedMeshComp:Warning: GetSocketByName(): No SkeletalMesh for CharacterMesh0
[2015.04.19-22.13.47:873][  0]LogSkinnedMeshComp:Warning: GetSocketByName(): No SkeletalMesh for CharacterMesh0
[2015.04.19-22.13.47:873][  0]LogSkinnedMeshComp:Warning: GetSocketByName(): No SkeletalMesh for CharacterMesh0
[2015.04.19-22.13.47:873][  0]LogSkinnedMeshComp:Warning: GetSocketByName(): No SkeletalMesh for CharacterMesh0
[2015.04.19-22.13.47:873][  0]LogSkinnedMeshComp:Warning: GetSocketByName(): No SkeletalMesh for CharacterMesh0
[2015.04.19-22.13.47:873][  0]LogSkinnedMeshComp:Warning: GetSocketByName(): No SkeletalMesh for CharacterMesh0
[2015.04.19-22.13.47:873][  0]LogSkinnedMeshComp:Warning: GetSocketByName(): No SkeletalMesh for CharacterMesh0
[2015.04.19-22.13.47:873][  0]LogSkinnedMeshComp:Warning: GetSocketByName(): No SkeletalMesh for CharacterMesh0
[2015.04.19-22.13.47:874][  0]LogSkinnedMeshComp:Warning: GetSocketByName(): No SkeletalMesh for CharacterMesh0
[2015.04.19-22.13.47:875][  0]LogSkinnedMeshComp:Warning: GetSocketByName(): No SkeletalMesh for CharacterMesh0
[2015.04.19-22.13.47:875][  0]LogSkinnedMeshComp:Warning: GetSocketByName(): No SkeletalMesh for CharacterMesh0
[2015.04.19-22.13.47:875][  0]LogSkinnedMeshComp:Warning: GetSocketByName(): No SkeletalMesh for CharacterMesh0
[2015.04.19-22.13.47:875][  0]LogSkinnedMeshComp:Warning: GetSocketByName(): No SkeletalMesh for CharacterMesh0
[2015.04.19-22.13.47:875][  0]LogSkinnedMeshComp:Warning: GetSocketByName(): No SkeletalMesh for CharacterMesh0
[2015.04.19-22.13.47:875][  0]LogSkinnedMeshComp:Warning: GetSocketByName(): No SkeletalMesh for CharacterMesh0
[2015.04.19-22.13.47:875][  0]LogSkinnedMeshComp:Warning: GetSocketByName(): No SkeletalMesh for CharacterMesh0
[2015.04.19-22.13.47:875][  0]LogSkinnedMeshComp:Warning: GetSocketByName(): No SkeletalMesh for CharacterMesh0
[2015.04.19-22.13.47:877][  0]LogSkinnedMeshComp:Warning: GetSocketByName(): No SkeletalMesh for CharacterMesh0
[2015.04.19-22.13.47:877][  0]LogSkinnedMeshComp:Warning: GetSocketByName(): No SkeletalMesh for CharacterMesh0
[2015.04.19-22.13.47:877][  0]LogSkinnedMeshComp:Warning: GetSocketByName(): No SkeletalMesh for CharacterMesh0
[2015.04.19-22.13.47:877][  0]LogSkinnedMeshComp:Warning: GetSocketByName(): No SkeletalMesh for CharacterMesh0
[2015.04.19-22.13.47:877][  0]LogSkinnedMeshComp:Warning: GetSocketByName(): No SkeletalMesh for CharacterMesh0
[2015.04.19-22.13.47:877][  0]LogSkinnedMeshComp:Warning: GetSocketByName(): No SkeletalMesh for CharacterMesh0
[2015.04.19-22.13.47:877][  0]LogSkinnedMeshComp:Warning: GetSocketByName(): No SkeletalMesh for CharacterMesh0
[2015.04.19-22.13.47:877][  0]LogSkinnedMeshComp:Warning: GetSocketByName(): No SkeletalMesh for CharacterMesh0
[2015.04.19-22.13.47:878][  0]LogSkinnedMeshComp:Warning: GetSocketByName(): No SkeletalMesh for CharacterMesh0
[2015.04.19-22.13.47:878][  0]LogSkinnedMeshComp:Warning: GetSocketByName(): No SkeletalMesh for CharacterMesh0
[2015.04.19-22.13.47:878][  0]LogSkinnedMeshComp:Warning: GetSocketByName(): No SkeletalMesh for CharacterMesh0
[2015.04.19-22.13.47:879][  0]LogSkinnedMeshComp:Warning: GetSocketByName(): No SkeletalMesh for CharacterMesh0
[2015.04.19-22.13.47:879][  0]LogSkinnedMeshComp:Warning: GetSocketByName(): No SkeletalMesh for CharacterMesh0
[2015.04.19-22.13.47:879][  0]LogSkinnedMeshComp:Warning: GetSocketByName(): No SkeletalMesh for CharacterMesh0
[2015.04.19-22.13.47:879][  0]LogSkinnedMeshComp:Warning: GetSocketByName(): No SkeletalMesh for CharacterMesh0
[2015.04.19-22.13.47:879][  0]LogSkinnedMeshComp:Warning: GetSocketByName(): No SkeletalMesh for CharacterMesh0
[2015.04.19-22.13.47:880][  0]LogSkinnedMeshComp:Warning: GetSocketByName(): No SkeletalMesh for CharacterMesh0
[2015.04.19-22.13.47:880][  0]LogSkinnedMeshComp:Warning: GetSocketByName(): No SkeletalMesh for CharacterMesh0
[2015.04.19-22.13.47:880][  0]LogSkinnedMeshComp:Warning: GetSocketByName(): No SkeletalMesh for CharacterMesh0
[2015.04.19-22.13.47:880][  0]LogSkinnedMeshComp:Warning: GetSocketByName(): No SkeletalMesh for CharacterMesh0
[2015.04.19-22.13.47:881][  0]LogSkinnedMeshComp:Warning: GetSocketByName(): No SkeletalMesh for CharacterMesh0
[2015.04.19-22.13.47:881][  0]LogSkinnedMeshComp:Warning: GetSocketByName(): No SkeletalMesh for CharacterMesh0
[2015.04.19-22.13.47:881][  0]LogSkinnedMeshComp:Warning: GetSocketByName(): No SkeletalMesh for CharacterMesh0
[2015.04.19-22.13.47:881][  0]LogSkinnedMeshComp:Warning: GetSocketByName(): No SkeletalMesh for CharacterMesh0
[2015.04.19-22.13.47:882][  0]LogSkinnedMeshComp:Warning: GetSocketByName(): No SkeletalMesh for CharacterMesh0
[2015.04.19-22.13.47:882][  0]LogSkinnedMeshComp:Warning: GetSocketByName(): No SkeletalMesh for CharacterMesh0
[2015.04.19-22.13.47:882][  0]LogSkinnedMeshComp:Warning: GetSocketByName(): No SkeletalMesh for CharacterMesh0
[2015.04.19-22.13.47:882][  0]LogSkinnedMeshComp:Warning: GetSocketByName(): No SkeletalMesh for CharacterMesh0
[2015.04.19-22.13.47:882][  0]LogSkinnedMeshComp:Warning: GetSocketByName(): No SkeletalMesh for CharacterMesh0
[2015.04.19-22.13.47:882][  0]LogSkinnedMeshComp:Warning: GetSocketByName(): No SkeletalMesh for CharacterMesh0
[2015.04.19-22.13.47:882][  0]LogSkinnedMeshComp:Warning: GetSocketByName(): No SkeletalMesh for CharacterMesh0
[2015.04.19-22.13.47:882][  0]LogSkinnedMeshComp:Warning: GetSocketByName(): No SkeletalMesh for CharacterMesh0
[2015.04.19-22.13.47:884][  0]LogSkinnedMeshComp:Warning: GetSocketByName(): No SkeletalMesh for CharacterMesh0
[2015.04.19-22.13.47:884][  0]LogSkinnedMeshComp:Warning: GetSocketByName(): No SkeletalMesh for CharacterMesh0
[2015.04.19-22.13.47:884][  0]LogSkinnedMeshComp:Warning: GetSocketByName(): No SkeletalMesh for CharacterMesh0
[2015.04.19-22.13.47:884][  0]LogSkinnedMeshComp:Warning: GetSocketByName(): No SkeletalMesh for CharacterMesh0
[2015.04.19-22.13.47:884][  0]LogSkinnedMeshComp:Warning: GetSocketByName(): No SkeletalMesh for CharacterMesh0
[2015.04.19-22.13.47:884][  0]LogSkinnedMeshComp:Warning: GetSocketByName(): No SkeletalMesh for CharacterMesh0
[2015.04.19-22.13.47:884][  0]LogSkinnedMeshComp:Warning: GetSocketByName(): No SkeletalMesh for CharacterMesh0
[2015.04.19-22.13.47:885][  0]LogSkinnedMeshComp:Warning: GetSocketByName(): No SkeletalMesh for CharacterMesh0
[2015.04.19-22.13.47:886][  0]LogSkinnedMeshComp:Warning: GetSocketByName(): No SkeletalMesh for CharacterMesh0
[2015.04.19-22.13.47:886][  0]LogSkinnedMeshComp:Warning: GetSocketByName(): No SkeletalMesh for CharacterMesh0
[2015.04.19-22.13.47:886][  0]LogSkinnedMeshComp:Warning: GetSocketByName(): No SkeletalMesh for CharacterMesh0
[2015.04.19-22.13.47:886][  0]LogSkinnedMeshComp:Warning: GetSocketByName(): No SkeletalMesh for CharacterMesh0
[2015.04.19-22.13.47:887][  0]LogSkinnedMeshComp:Warning: GetSocketByName(): No SkeletalMesh for CharacterMesh0
[2015.04.19-22.13.47:887][  0]LogSkinnedMeshComp:Warning: GetSocketByName(): No SkeletalMesh for CharacterMesh0
[2015.04.19-22.13.47:887][  0]LogSkinnedMeshComp:Warning: GetSocketByName(): No SkeletalMesh for CharacterMesh0
[2015.04.19-22.13.47:887][  0]LogSkinnedMeshComp:Warning: GetSocketByName(): No SkeletalMesh for CharacterMesh0
[2015.04.19-22.13.47:888][  0]LogSkinnedMeshComp:Warning: GetSocketByName(): No SkeletalMesh for CharacterMesh0
[2015.04.19-22.13.47:888][  0]LogSkinnedMeshComp:Warning: GetSocketByName(): No SkeletalMesh for CharacterMesh0
[2015.04.19-22.13.47:888][  0]LogSkinnedMeshComp:Warning: GetSocketByName(): No SkeletalMesh for CharacterMesh0
[2015.04.19-22.13.47:888][  0]LogSkinnedMeshComp:Warning: GetSocketByName(): No SkeletalMesh for CharacterMesh0
[2015.04.19-22.13.47:888][  0]LogSkinnedMeshComp:Warning: GetSocketByName(): No SkeletalMesh for CharacterMesh0
[2015.04.19-22.13.47:888][  0]LogSkinnedMeshComp:Warning: GetSocketByName(): No SkeletalMesh for CharacterMesh0
[2015.04.19-22.13.47:888][  0]LogSkinnedMeshComp:Warning: GetSocketByName(): No SkeletalMesh for CharacterMesh0
[2015.04.19-22.13.47:888][  0]LogSkinnedMeshComp:Warning: GetSocketByName(): No SkeletalMesh for CharacterMesh0
[2015.04.19-22.13.47:955][  0]LogEditorServer: Finished looking for orphan Actors (0.000 secs)
[2015.04.19-22.13.50:019][  0]LogAIModule: Creating AISystem for world ThirdPersonExampleMap
[2015.04.19-22.13.50:056][  0]Cmd: MAP CHECKDEP
[2015.04.19-22.13.50:073][  0]MapCheck: New page: ThirdPersonExampleMap - Apr 19, 2015, 12:13:50 PM
[2015.04.19-22.13.50:226][  0]MapCheck: Info Map check complete: 0 Error(s), 0 Warning(s), took 169.458ms to complete.
[2015.04.19-22.13.50:226][  0]LogFileHelpers: Loading map 'ThirdPersonExampleMap' took 19.785
[2015.04.19-22.13.52:331][  0]LogCollectionManager: Loaded 0 collections in 0.001390 seconds
[2015.04.19-22.13.52:380][  0]LogContentBrowser: Native class hierarchy populated in 0.0478 seconds. Added 1696 classes and 261 folders.
[2015.04.19-22.13.52:547][  0]LogContentBrowser:Verbose: The content browser source was changed by the sources view to '/Game'
[2015.04.19-22.13.52:641][  0]LogContentBrowser: Native class hierarchy updated for 'SceneOutliner' in 0.0012 seconds. Added 1 classes and 2 folders.
[2015.04.19-22.13.54:185][  0]LogCrashTracker: Crashtracker disabled due to settings.
[2015.04.19-22.13.54:258][  0]LogSlate:Warning: Failed to load font data from 'Veranda'
[2015.04.19-22.13.54:325][  0]LogUObjectGlobals:Warning: Failed to find object 'Class None.'
[2015.04.19-22.13.54:400][  0]LogLoad: Full Startup: 111.68 seconds (BP compile: 3.60 seconds)
[2015.04.19-22.13.55:885][  0]LogRenderer:Warning: Reallocating scene render targets to support 32x32 (Frame:2).
[2015.04.19-22.13.57:165][  0]LogRenderer:Warning: Reallocating scene render targets to support 1208x584 (Frame:4).
[2015.04.19-22.13.57:320][  1]LogSkinnedMeshComp:Warning: GetSocketByName(): No SkeletalMesh for SkeletalMeshComponent_2
[2015.04.19-22.13.57:320][  1]LogSkinnedMeshComp:Warning: GetSocketByName(): No SkeletalMesh for SkeletalMeshComponent_2
[2015.04.19-22.13.57:320][  1]LogSkinnedMeshComp:Warning: GetSocketByName(): No SkeletalMesh for SkeletalMeshComponent_2
[2015.04.19-22.13.57:320][  1]LogSkinnedMeshComp:Warning: GetSocketByName(): No SkeletalMesh for SkeletalMeshComponent_2
[2015.04.19-22.13.57:320][  1]LogSkinnedMeshComp:Warning: GetSocketByName(): No SkeletalMesh for SkeletalMeshComponent_2
[2015.04.19-22.13.57:320][  1]LogSkinnedMeshComp:Warning: GetSocketByName(): No SkeletalMesh for SkeletalMeshComponent_2
[2015.04.19-22.13.57:320][  1]LogSkinnedMeshComp:Warning: GetSocketByName(): No SkeletalMesh for SkeletalMeshComponent_2
[2015.04.19-22.13.57:320][  1]LogSkinnedMeshComp:Warning: GetSocketByName(): No SkeletalMesh for SkeletalMeshComponent_2
[2015.04.19-22.13.57:320][  1]LogSkinnedMeshComp:Warning: GetSocketByName(): No SkeletalMesh for SkeletalMeshComponent_2
[2015.04.19-22.13.57:320][  1]LogSkinnedMeshComp:Warning: GetSocketByName(): No SkeletalMesh for SkeletalMeshComponent_2
[2015.04.19-22.13.57:320][  1]LogSkinnedMeshComp:Warning: GetSocketByName(): No SkeletalMesh for SkeletalMeshComponent_2
[2015.04.19-22.13.57:320][  1]LogSkinnedMeshComp:Warning: GetSocketByName(): No SkeletalMesh for SkeletalMeshComponent_2
[2015.04.19-22.13.57:320][  1]LogSkinnedMeshComp:Warning: GetSocketByName(): No SkeletalMesh for SkeletalMeshComponent_2
[2015.04.19-22.13.57:320][  1]LogSkinnedMeshComp:Warning: GetSocketByName(): No SkeletalMesh for SkeletalMeshComponent_2
[2015.04.19-22.13.57:320][  1]LogSkinnedMeshComp:Warning: GetSocketByName(): No SkeletalMesh for SkeletalMeshComponent_2
[2015.04.19-22.13.57:320][  1]LogSkinnedMeshComp:Warning: GetSocketByName(): No SkeletalMesh for SkeletalMeshComponent_2
[2015.04.19-22.13.57:321][  1]LogSkinnedMeshComp:Warning: GetSocketByName(): No SkeletalMesh for SkeletalMeshComponent_2
[2015.04.19-22.13.57:321][  1]LogSkinnedMeshComp:Warning: GetSocketByName(): No SkeletalMesh for SkeletalMeshComponent_2
[2015.04.19-22.13.57:321][  1]LogSkinnedMeshComp:Warning: GetSocketByName(): No SkeletalMesh for SkeletalMeshComponent_2
[2015.04.19-22.13.57:321][  1]LogSkinnedMeshComp:Warning: GetSocketByName(): No SkeletalMesh for SkeletalMeshComponent_2
[2015.04.19-22.13.57:321][  1]LogSkinnedMeshComp:Warning: GetSocketByName(): No SkeletalMesh for SkeletalMeshComponent_2
[2015.04.19-22.13.57:321][  1]LogSkinnedMeshComp:Warning: GetSocketByName(): No SkeletalMesh for SkeletalMeshComponent_2
[2015.04.19-22.13.57:321][  1]LogSkinnedMeshComp:Warning: GetSocketByName(): No SkeletalMesh for SkeletalMeshComponent_2
[2015.04.19-22.13.57:321][  1]LogSkinnedMeshComp:Warning: GetSocketByName(): No SkeletalMesh for SkeletalMeshComponent_2
[2015.04.19-22.13.58:229][  4]LogAssetRegistry: Asset discovery search completed in 51.5718 seconds
[2015.04.19-22.14.46:864][744]LogEditorViewport: Clicking on Actor (LMB): BP_Player_Character_Pawn_Enemy_C (BP_Player_Character_Pawn_Enemy10)
[2015.04.19-22.15.23:982][322]LogPlayLevel: PIE:  No blueprints needed recompiling
[2015.04.19-22.15.23:982][322]PIE: New page: PIE session: ThirdPersonExampleMap (Apr 19, 2015, 12:15:23 PM)
[2015.04.19-22.15.24:008][322]LogPlayLevel: PIE: StaticDuplicateObject took: (0.025660s)
[2015.04.19-22.15.24:010][322]LogPlayLevel: PIE: World Init took: (0.001186s)
[2015.04.19-22.15.24:010][322]LogPlayLevel: PIE: Created PIE world by copying editor world from /Game/ThirdPersonBP/Maps/ThirdPersonExampleMap.ThirdPersonExampleMap to /Game/ThirdPersonBP/Maps/UEDPIE_0_ThirdPersonExampleMap.ThirdPersonExampleMap (0.027206s)
[2015.04.19-22.15.24:149][322]LogWorld: Game class is 'ThirdPersonGameMode_C'
[2015.04.19-22.15.24:233][322]LogAIModule: Creating AISystem for world ThirdPersonExampleMap
[2015.04.19-22.15.24:237][322]LogSkinnedMeshComp:Warning: GetSocketByName(): No SkeletalMesh for CharacterMesh0
[2015.04.19-22.15.24:237][322]LogSkinnedMeshComp:Warning: GetSocketByName(): No SkeletalMesh for CharacterMesh0
[2015.04.19-22.15.24:237][322]LogSkinnedMeshComp:Warning: GetSocketByName(): No SkeletalMesh for CharacterMesh0
[2015.04.19-22.15.24:237][322]LogSkinnedMeshComp:Warning: GetSocketByName(): No SkeletalMesh for CharacterMesh0
[2015.04.19-22.15.24:237][322]LogSkinnedMeshComp:Warning: GetSocketByName(): No SkeletalMesh for CharacterMesh0
[2015.04.19-22.15.24:237][322]LogSkinnedMeshComp:Warning: GetSocketByName(): No SkeletalMesh for CharacterMesh0
[2015.04.19-22.15.24:237][322]LogSkinnedMeshComp:Warning: GetSocketByName(): No SkeletalMesh for CharacterMesh0
[2015.04.19-22.15.24:237][322]LogSkinnedMeshComp:Warning: GetSocketByName(): No SkeletalMesh for CharacterMesh0
[2015.04.19-22.15.24:238][322]LogSkinnedMeshComp:Warning: GetSocketByName(): No SkeletalMesh for CharacterMesh0
[2015.04.19-22.15.24:238][322]LogSkinnedMeshComp:Warning: GetSocketByName(): No SkeletalMesh for CharacterMesh0
[2015.04.19-22.15.24:238][322]LogSkinnedMeshComp:Warning: GetSocketByName(): No SkeletalMesh for CharacterMesh0
[2015.04.19-22.15.24:238][322]LogSkinnedMeshComp:Warning: GetSocketByName(): No SkeletalMesh for CharacterMesh0
[2015.04.19-22.15.24:238][322]LogSkinnedMeshComp:Warning: GetSocketByName(): No SkeletalMesh for CharacterMesh0
[2015.04.19-22.15.24:238][322]LogSkinnedMeshComp:Warning: GetSocketByName(): No SkeletalMesh for CharacterMesh0
[2015.04.19-22.15.24:238][322]LogSkinnedMeshComp:Warning: GetSocketByName(): No SkeletalMesh for CharacterMesh0
[2015.04.19-22.15.24:238][322]LogSkinnedMeshComp:Warning: GetSocketByName(): No SkeletalMesh for CharacterMesh0
[2015.04.19-22.15.24:238][322]LogSkinnedMeshComp:Warning: GetSocketByName(): No SkeletalMesh for CharacterMesh0
[2015.04.19-22.15.24:238][322]LogSkinnedMeshComp:Warning: GetSocketByName(): No SkeletalMesh for CharacterMesh0
[2015.04.19-22.15.24:238][322]LogSkinnedMeshComp:Warning: GetSocketByName(): No SkeletalMesh for CharacterMesh0
[2015.04.19-22.15.24:238][322]LogSkinnedMeshComp:Warning: GetSocketByName(): No SkeletalMesh for CharacterMesh0
[2015.04.19-22.15.24:238][322]LogSkinnedMeshComp:Warning: GetSocketByName(): No SkeletalMesh for CharacterMesh0
[2015.04.19-22.15.24:238][322]LogSkinnedMeshComp:Warning: GetSocketByName(): No SkeletalMesh for CharacterMesh0
[2015.04.19-22.15.24:238][322]LogSkinnedMeshComp:Warning: GetSocketByName(): No SkeletalMesh for CharacterMesh0
[2015.04.19-22.15.24:238][322]LogSkinnedMeshComp:Warning: GetSocketByName(): No SkeletalMesh for CharacterMesh0
[2015.04.19-22.15.24:239][322]LogSkinnedMeshComp:Warning: GetSocketByName(): No SkeletalMesh for CharacterMesh0
[2015.04.19-22.15.24:239][322]LogSkinnedMeshComp:Warning: GetSocketByName(): No SkeletalMesh for CharacterMesh0
[2015.04.19-22.15.24:239][322]LogSkinnedMeshComp:Warning: GetSocketByName(): No SkeletalMesh for CharacterMesh0
[2015.04.19-22.15.24:239][322]LogSkinnedMeshComp:Warning: GetSocketByName(): No SkeletalMesh for CharacterMesh0
[2015.04.19-22.15.24:239][322]LogSkinnedMeshComp:Warning: GetSocketByName(): No SkeletalMesh for CharacterMesh0
[2015.04.19-22.15.24:239][322]LogSkinnedMeshComp:Warning: GetSocketByName(): No SkeletalMesh for CharacterMesh0
[2015.04.19-22.15.24:239][322]LogSkinnedMeshComp:Warning: GetSocketByName(): No SkeletalMesh for CharacterMesh0
[2015.04.19-22.15.24:239][322]LogSkinnedMeshComp:Warning: GetSocketByName(): No SkeletalMesh for CharacterMesh0
[2015.04.19-22.15.24:239][322]LogSkinnedMeshComp:Warning: GetSocketByName(): No SkeletalMesh for CharacterMesh0
[2015.04.19-22.15.24:239][322]LogSkinnedMeshComp:Warning: GetSocketByName(): No SkeletalMesh for CharacterMesh0
[2015.04.19-22.15.24:239][322]LogSkinnedMeshComp:Warning: GetSocketByName(): No SkeletalMesh for CharacterMesh0
[2015.04.19-22.15.24:239][322]LogSkinnedMeshComp:Warning: GetSocketByName(): No SkeletalMesh for CharacterMesh0
[2015.04.19-22.15.24:240][322]LogSkinnedMeshComp:Warning: GetSocketByName(): No SkeletalMesh for CharacterMesh0
[2015.04.19-22.15.24:240][322]LogSkinnedMeshComp:Warning: GetSocketByName(): No SkeletalMesh for CharacterMesh0
[2015.04.19-22.15.24:240][322]LogSkinnedMeshComp:Warning: GetSocketByName(): No SkeletalMesh for CharacterMesh0
[2015.04.19-22.15.24:240][322]LogSkinnedMeshComp:Warning: GetSocketByName(): No SkeletalMesh for CharacterMesh0
[2015.04.19-22.15.24:240][322]LogSkinnedMeshComp:Warning: GetSocketByName(): No SkeletalMesh for CharacterMesh0
[2015.04.19-22.15.24:240][322]LogSkinnedMeshComp:Warning: GetSocketByName(): No SkeletalMesh for CharacterMesh0
[2015.04.19-22.15.24:240][322]LogSkinnedMeshComp:Warning: GetSocketByName(): No SkeletalMesh for CharacterMesh0
[2015.04.19-22.15.24:240][322]LogSkinnedMeshComp:Warning: GetSocketByName(): No SkeletalMesh for CharacterMesh0
[2015.04.19-22.15.24:240][322]LogSkinnedMeshComp:Warning: GetSocketByName(): No SkeletalMesh for CharacterMesh0
[2015.04.19-22.15.24:240][322]LogSkinnedMeshComp:Warning: GetSocketByName(): No SkeletalMesh for CharacterMesh0
[2015.04.19-22.15.24:240][322]LogSkinnedMeshComp:Warning: GetSocketByName(): No SkeletalMesh for CharacterMesh0
[2015.04.19-22.15.24:240][322]LogSkinnedMeshComp:Warning: GetSocketByName(): No SkeletalMesh for CharacterMesh0
[2015.04.19-22.15.24:241][322]LogSkinnedMeshComp:Warning: GetSocketByName(): No SkeletalMesh for CharacterMesh0
[2015.04.19-22.15.24:241][322]LogSkinnedMeshComp:Warning: GetSocketByName(): No SkeletalMesh for CharacterMesh0
[2015.04.19-22.15.24:241][322]LogSkinnedMeshComp:Warning: GetSocketByName(): No SkeletalMesh for CharacterMesh0
[2015.04.19-22.15.24:241][322]LogSkinnedMeshComp:Warning: GetSocketByName(): No SkeletalMesh for CharacterMesh0
[2015.04.19-22.15.24:241][322]LogSkinnedMeshComp:Warning: GetSocketByName(): No SkeletalMesh for CharacterMesh0
[2015.04.19-22.15.24:241][322]LogSkinnedMeshComp:Warning: GetSocketByName(): No SkeletalMesh for CharacterMesh0
[2015.04.19-22.15.24:241][322]LogSkinnedMeshComp:Warning: GetSocketByName(): No SkeletalMesh for CharacterMesh0
[2015.04.19-22.15.24:241][322]LogSkinnedMeshComp:Warning: GetSocketByName(): No SkeletalMesh for CharacterMesh0
[2015.04.19-22.15.24:241][322]LogSkinnedMeshComp:Warning: GetSocketByName(): No SkeletalMesh for CharacterMesh0
[2015.04.19-22.15.24:241][322]LogSkinnedMeshComp:Warning: GetSocketByName(): No SkeletalMesh for CharacterMesh0
[2015.04.19-22.15.24:241][322]LogSkinnedMeshComp:Warning: GetSocketByName(): No SkeletalMesh for CharacterMesh0
[2015.04.19-22.15.24:241][322]LogSkinnedMeshComp:Warning: GetSocketByName(): No SkeletalMesh for CharacterMesh0
[2015.04.19-22.15.24:241][322]LogSkinnedMeshComp:Warning: GetSocketByName(): No SkeletalMesh for CharacterMesh0
[2015.04.19-22.15.24:241][322]LogSkinnedMeshComp:Warning: GetSocketByName(): No SkeletalMesh for CharacterMesh0
[2015.04.19-22.15.24:241][322]LogSkinnedMeshComp:Warning: GetSocketByName(): No SkeletalMesh for CharacterMesh0
[2015.04.19-22.15.24:241][322]LogSkinnedMeshComp:Warning: GetSocketByName(): No SkeletalMesh for CharacterMesh0
[2015.04.19-22.15.24:242][322]LogSkinnedMeshComp:Warning: GetSocketByName(): No SkeletalMesh for CharacterMesh0
[2015.04.19-22.15.24:242][322]LogSkinnedMeshComp:Warning: GetSocketByName(): No SkeletalMesh for CharacterMesh0
[2015.04.19-22.15.24:242][322]LogSkinnedMeshComp:Warning: GetSocketByName(): No SkeletalMesh for CharacterMesh0
[2015.04.19-22.15.24:242][322]LogSkinnedMeshComp:Warning: GetSocketByName(): No SkeletalMesh for CharacterMesh0
[2015.04.19-22.15.24:242][322]LogSkinnedMeshComp:Warning: GetSocketByName(): No SkeletalMesh for CharacterMesh0
[2015.04.19-22.15.24:242][322]LogSkinnedMeshComp:Warning: GetSocketByName(): No SkeletalMesh for CharacterMesh0
[2015.04.19-22.15.24:242][322]LogSkinnedMeshComp:Warning: GetSocketByName(): No SkeletalMesh for CharacterMesh0
[2015.04.19-22.15.24:242][322]LogSkinnedMeshComp:Warning: GetSocketByName(): No SkeletalMesh for CharacterMesh0
[2015.04.19-22.15.24:242][322]LogSkinnedMeshComp:Warning: GetSocketByName(): No SkeletalMesh for CharacterMesh0
[2015.04.19-22.15.24:242][322]LogSkinnedMeshComp:Warning: GetSocketByName(): No SkeletalMesh for CharacterMesh0
[2015.04.19-22.15.24:242][322]LogSkinnedMeshComp:Warning: GetSocketByName(): No SkeletalMesh for CharacterMesh0
[2015.04.19-22.15.24:242][322]LogSkinnedMeshComp:Warning: GetSocketByName(): No SkeletalMesh for CharacterMesh0
[2015.04.19-22.15.24:242][322]LogSkinnedMeshComp:Warning: GetSocketByName(): No SkeletalMesh for CharacterMesh0
[2015.04.19-22.15.24:242][322]LogSkinnedMeshComp:Warning: GetSocketByName(): No SkeletalMesh for CharacterMesh0
[2015.04.19-22.15.24:242][322]LogSkinnedMeshComp:Warning: GetSocketByName(): No SkeletalMesh for CharacterMesh0
[2015.04.19-22.15.24:242][322]LogSkinnedMeshComp:Warning: GetSocketByName(): No SkeletalMesh for CharacterMesh0
[2015.04.19-22.15.24:243][322]LogSkinnedMeshComp:Warning: GetSocketByName(): No SkeletalMesh for CharacterMesh0
[2015.04.19-22.15.24:243][322]LogSkinnedMeshComp:Warning: GetSocketByName(): No SkeletalMesh for CharacterMesh0
[2015.04.19-22.15.24:243][322]LogSkinnedMeshComp:Warning: GetSocketByName(): No SkeletalMesh for CharacterMesh0
[2015.04.19-22.15.24:243][322]LogSkinnedMeshComp:Warning: GetSocketByName(): No SkeletalMesh for CharacterMesh0
[2015.04.19-22.15.24:243][322]LogSkinnedMeshComp:Warning: GetSocketByName(): No SkeletalMesh for CharacterMesh0
[2015.04.19-22.15.24:243][322]LogSkinnedMeshComp:Warning: GetSocketByName(): No SkeletalMesh for CharacterMesh0
[2015.04.19-22.15.24:243][322]LogSkinnedMeshComp:Warning: GetSocketByName(): No SkeletalMesh for CharacterMesh0
[2015.04.19-22.15.24:243][322]LogSkinnedMeshComp:Warning: GetSocketByName(): No SkeletalMesh for CharacterMesh0
[2015.04.19-22.15.24:243][322]LogWorld: Bringing World /Game/ThirdPersonBP/Maps/UEDPIE_0_ThirdPersonExampleMap.ThirdPersonExampleMap up for play (max tick rate 0) at 2015.04.19-17.15.24
[2015.04.19-22.15.24:355][322]LogSkinnedMeshComp:Warning: GetSocketByName(): No SkeletalMesh for CharacterMesh0
[2015.04.19-22.15.24:355][322]LogSkinnedMeshComp:Warning: GetSocketByName(): No SkeletalMesh for CharacterMesh0
[2015.04.19-22.15.24:355][322]LogSkinnedMeshComp:Warning: GetSocketByName(): No SkeletalMesh for CharacterMesh0
[2015.04.19-22.15.24:355][322]LogSkinnedMeshComp:Warning: GetSocketByName(): No SkeletalMesh for CharacterMesh0
[2015.04.19-22.15.24:367][322]LogSkinnedMeshComp:Warning: GetSocketByName(): No SkeletalMesh for CharacterMesh0
[2015.04.19-22.15.24:367][322]LogSkinnedMeshComp:Warning: GetSocketByName(): No SkeletalMesh for CharacterMesh0
[2015.04.19-22.15.24:367][322]LogSkinnedMeshComp:Warning: GetSocketByName(): No SkeletalMesh for CharacterMesh0
[2015.04.19-22.15.24:367][322]LogSkinnedMeshComp:Warning: GetSocketByName(): No SkeletalMesh for CharacterMesh0
[2015.04.19-22.15.24:367][322]LogSkinnedMeshComp:Warning: GetSocketByName(): No SkeletalMesh for CharacterMesh0
[2015.04.19-22.15.24:367][322]LogSkinnedMeshComp:Warning: GetSocketByName(): No SkeletalMesh for CharacterMesh0
[2015.04.19-22.15.24:367][322]LogSkinnedMeshComp:Warning: GetSocketByName(): No SkeletalMesh for CharacterMesh0
[2015.04.19-22.15.24:367][322]LogSkinnedMeshComp:Warning: GetSocketByName(): No SkeletalMesh for CharacterMesh0
[2015.04.19-22.15.24:368][322]LogSkinnedMeshComp:Warning: GetSocketByName(): No SkeletalMesh for CharacterMesh0
[2015.04.19-22.15.24:368][322]LogSkinnedMeshComp:Warning: GetSocketByName(): No SkeletalMesh for CharacterMesh0
[2015.04.19-22.15.24:368][322]LogSkinnedMeshComp:Warning: GetSocketByName(): No SkeletalMesh for CharacterMesh0
[2015.04.19-22.15.24:368][322]LogSkinnedMeshComp:Warning: GetSocketByName(): No SkeletalMesh for CharacterMesh0
[2015.04.19-22.15.24:368][322]LogSkinnedMeshComp:Warning: GetSocketByName(): No SkeletalMesh for CharacterMesh0
[2015.04.19-22.15.24:368][322]LogSkinnedMeshComp:Warning: GetSocketByName(): No SkeletalMesh for CharacterMesh0
[2015.04.19-22.15.24:368][322]LogSkinnedMeshComp:Warning: GetSocketByName(): No SkeletalMesh for CharacterMesh0
[2015.04.19-22.15.24:368][322]LogSkinnedMeshComp:Warning: GetSocketByName(): No SkeletalMesh for CharacterMesh0
[2015.04.19-22.15.24:368][322]LogSkinnedMeshComp:Warning: GetSocketByName(): No SkeletalMesh for CharacterMesh0
[2015.04.19-22.15.24:368][322]LogSkinnedMeshComp:Warning: GetSocketByName(): No SkeletalMesh for CharacterMesh0
[2015.04.19-22.15.24:368][322]LogSkinnedMeshComp:Warning: GetSocketByName(): No SkeletalMesh for CharacterMesh0
[2015.04.19-22.15.24:368][322]LogSkinnedMeshComp:Warning: GetSocketByName(): No SkeletalMesh for CharacterMesh0
[2015.04.19-22.15.24:369][322]LogSkinnedMeshComp:Warning: GetSocketByName(): No SkeletalMesh for CharacterMesh0
[2015.04.19-22.15.24:369][322]LogSkinnedMeshComp:Warning: GetSocketByName(): No SkeletalMesh for CharacterMesh0
[2015.04.19-22.15.24:369][322]LogSkinnedMeshComp:Warning: GetSocketByName(): No SkeletalMesh for CharacterMesh0
[2015.04.19-22.15.24:369][322]LogSkinnedMeshComp:Warning: GetSocketByName(): No SkeletalMesh for CharacterMesh0
[2015.04.19-22.15.24:369][322]LogSkinnedMeshComp:Warning: GetSocketByName(): No SkeletalMesh for CharacterMesh0
[2015.04.19-22.15.24:369][322]LogSkinnedMeshComp:Warning: GetSocketByName(): No SkeletalMesh for CharacterMesh0
[2015.04.19-22.15.24:369][322]LogSkinnedMeshComp:Warning: GetSocketByName(): No SkeletalMesh for CharacterMesh0
[2015.04.19-22.15.24:369][322]LogSkinnedMeshComp:Warning: GetSocketByName(): No SkeletalMesh for CharacterMesh0
[2015.04.19-22.15.24:369][322]LogSkinnedMeshComp:Warning: GetSocketByName(): No SkeletalMesh for CharacterMesh0
[2015.04.19-22.15.24:369][322]LogSkinnedMeshComp:Warning: GetSocketByName(): No SkeletalMesh for CharacterMesh0
[2015.04.19-22.15.24:369][322]LogSkinnedMeshComp:Warning: GetSocketByName(): No SkeletalMesh for CharacterMesh0
[2015.04.19-22.15.24:369][322]LogSkinnedMeshComp:Warning: GetSocketByName(): No SkeletalMesh for CharacterMesh0
[2015.04.19-22.15.24:370][322]LogSkinnedMeshComp:Warning: GetSocketByName(): No SkeletalMesh for CharacterMesh0
[2015.04.19-22.15.24:370][322]LogSkinnedMeshComp:Warning: GetSocketByName(): No SkeletalMesh for CharacterMesh0
[2015.04.19-22.15.24:370][322]LogSkinnedMeshComp:Warning: GetSocketByName(): No SkeletalMesh for CharacterMesh0
[2015.04.19-22.15.24:370][322]LogSkinnedMeshComp:Warning: GetSocketByName(): No SkeletalMesh for CharacterMesh0
[2015.04.19-22.15.24:401][322]LogSkinnedMeshComp:Warning: GetSocketByName(): No SkeletalMesh for CharacterMesh0
[2015.04.19-22.15.24:401][322]LogSkinnedMeshComp:Warning: GetSocketByName(): No SkeletalMesh for CharacterMesh0
[2015.04.19-22.15.24:401][322]LogSkinnedMeshComp:Warning: GetSocketByName(): No SkeletalMesh for CharacterMesh0
[2015.04.19-22.15.24:401][322]LogSkinnedMeshComp:Warning: GetSocketByName(): No SkeletalMesh for CharacterMesh0
[2015.04.19-22.15.24:413][322]LogWorld: Bringing up level for play took: 0.180004
[2015.04.19-22.15.24:525][322]PIE: Info Play in editor start time for /Game/ThirdPersonBP/Maps/UEDPIE_0_ThirdPersonExampleMap 0.265
[2015.04.19-22.15.57:450][175]LogActorComponent: UnregisterComponent: (/Engine/Transient.CharMoveComp) Not registered. Aborting.
[2015.04.19-22.15.57:450][175]LogActorComponent: UnregisterComponent: (/Engine/Transient.CharacterMovementComponent_0) Not registered. Aborting.
[2015.04.19-22.15.57:450][175]LogActorComponent: UnregisterComponent: (/Engine/Transient.CharacterMovementComponent_1) Not registered. Aborting.
[2015.04.19-22.15.57:450][175]LogActorComponent: UnregisterComponent: (/Engine/Transient.ProjectileMovementComponent_0__F50812FA) Not registered. Aborting.
[2015.04.19-22.15.57:508][175]LogParticles: Destroying 0 GPU particle simulations for FXSystem 0x0000009A992A8220
[2015.04.19-22.15.58:170][203]LogSkinnedMeshComp:Warning: GetSocketByName(): No SkeletalMesh for SkeletalMeshComponent_5
[2015.04.19-22.15.58:170][203]LogSkinnedMeshComp:Warning: GetSocketByName(): No SkeletalMesh for SkeletalMeshComponent_5
[2015.04.19-22.15.58:170][203]LogSkinnedMeshComp:Warning: GetSocketByName(): No SkeletalMesh for SkeletalMeshComponent_5
[2015.04.19-22.15.58:170][203]LogSkinnedMeshComp:Warning: GetSocketByName(): No SkeletalMesh for SkeletalMeshComponent_5
[2015.04.19-22.15.58:171][203]LogSkinnedMeshComp:Warning: GetSocketByName(): No SkeletalMesh for SkeletalMeshComponent_5
[2015.04.19-22.15.58:171][203]LogSkinnedMeshComp:Warning: GetSocketByName(): No SkeletalMesh for SkeletalMeshComponent_5
[2015.04.19-22.15.58:171][203]LogSkinnedMeshComp:Warning: GetSocketByName(): No SkeletalMesh for SkeletalMeshComponent_5
[2015.04.19-22.15.58:171][203]LogSkinnedMeshComp:Warning: GetSocketByName(): No SkeletalMesh for SkeletalMeshComponent_5
[2015.04.19-22.15.58:171][203]LogSkinnedMeshComp:Warning: GetSocketByName(): No SkeletalMesh for SkeletalMeshComponent_5
[2015.04.19-22.15.58:171][203]LogSkinnedMeshComp:Warning: GetSocketByName(): No SkeletalMesh for SkeletalMeshComponent_5
[2015.04.19-22.15.58:171][203]LogSkinnedMeshComp:Warning: GetSocketByName(): No SkeletalMesh for SkeletalMeshComponent_5
[2015.04.19-22.15.58:171][203]LogSkinnedMeshComp:Warning: GetSocketByName(): No SkeletalMesh for SkeletalMeshComponent_5
[2015.04.19-22.15.58:171][203]LogSkinnedMeshComp:Warning: GetSocketByName(): No SkeletalMesh for SkeletalMeshComponent_5
[2015.04.19-22.15.58:171][203]LogSkinnedMeshComp:Warning: GetSocketByName(): No SkeletalMesh for SkeletalMeshComponent_5
[2015.04.19-22.15.58:171][203]LogSkinnedMeshComp:Warning: GetSocketByName(): No SkeletalMesh for SkeletalMeshComponent_5
[2015.04.19-22.15.58:171][203]LogSkinnedMeshComp:Warning: GetSocketByName(): No SkeletalMesh for SkeletalMeshComponent_5
[2015.04.19-22.15.58:171][203]LogSkinnedMeshComp:Warning: GetSocketByName(): No SkeletalMesh for SkeletalMeshComponent_5
[2015.04.19-22.15.58:171][203]LogSkinnedMeshComp:Warning: GetSocketByName(): No SkeletalMesh for SkeletalMeshComponent_5
[2015.04.19-22.15.58:171][203]LogSkinnedMeshComp:Warning: GetSocketByName(): No SkeletalMesh for SkeletalMeshComponent_5
[2015.04.19-22.15.58:171][203]LogSkinnedMeshComp:Warning: GetSocketByName(): No SkeletalMesh for SkeletalMeshComponent_5
[2015.04.19-22.15.58:171][203]LogSkinnedMeshComp:Warning: GetSocketByName(): No SkeletalMesh for SkeletalMeshComponent_5
[2015.04.19-22.15.58:171][203]LogSkinnedMeshComp:Warning: GetSocketByName(): No SkeletalMesh for SkeletalMeshComponent_5
[2015.04.19-22.15.58:171][203]LogSkinnedMeshComp:Warning: GetSocketByName(): No SkeletalMesh for SkeletalMeshComponent_5
[2015.04.19-22.15.58:171][203]LogSkinnedMeshComp:Warning: GetSocketByName(): No SkeletalMesh for SkeletalMeshComponent_5
[2015.04.19-22.16.02:396][378]LogActorComponent: UnregisterComponent: (/Engine/Transient.CharMoveComp) Not registered. Aborting.
[2015.04.19-22.16.02:396][378]LogActorComponent: UnregisterComponent: (/Engine/Transient.ProjectileMovementComponent_0__F50812FA) Not registered. Aborting.
[2015.04.19-22.16.02:396][378]LogActorComponent: UnregisterComponent: (/Engine/Transient.CharacterMovementComponent_2) Not registered. Aborting.
[2015.04.19-22.16.02:396][378]LogActorComponent: UnregisterComponent: (/Engine/Transient.CharacterMovementComponent_3) Not registered. Aborting.
[2015.04.19-22.16.08:306][378]LogSkinnedMeshComp:Warning: GetSocketByName(): No SkeletalMesh for CharacterMesh0
[2015.04.19-22.16.08:307][378]LogSkinnedMeshComp:Warning: GetSocketByName(): No SkeletalMesh for CharacterMesh0
[2015.04.19-22.16.08:307][378]LogSkinnedMeshComp:Warning: GetSocketByName(): No SkeletalMesh for CharacterMesh0
[2015.04.19-22.16.08:307][378]LogSkinnedMeshComp:Warning: GetSocketByName(): No SkeletalMesh for CharacterMesh0
[2015.04.19-22.16.08:309][378]LogSkinnedMeshComp:Warning: GetSocketByName(): No SkeletalMesh for CharacterMesh0
[2015.04.19-22.16.08:309][378]LogSkinnedMeshComp:Warning: GetSocketByName(): No SkeletalMesh for CharacterMesh0
[2015.04.19-22.16.08:309][378]LogSkinnedMeshComp:Warning: GetSocketByName(): No SkeletalMesh for CharacterMesh0
[2015.04.19-22.16.08:309][378]LogSkinnedMeshComp:Warning: GetSocketByName(): No SkeletalMesh for CharacterMesh0
[2015.04.19-22.16.08:310][378]LogSkinnedMeshComp:Warning: GetSocketByName(): No SkeletalMesh for CharacterMesh0
[2015.04.19-22.16.08:310][378]LogSkinnedMeshComp:Warning: GetSocketByName(): No SkeletalMesh for CharacterMesh0
[2015.04.19-22.16.08:310][378]LogSkinnedMeshComp:Warning: GetSocketByName(): No SkeletalMesh for CharacterMesh0
[2015.04.19-22.16.08:310][378]LogSkinnedMeshComp:Warning: GetSocketByName(): No SkeletalMesh for CharacterMesh0
[2015.04.19-22.16.08:311][378]LogSkinnedMeshComp:Warning: GetSocketByName(): No SkeletalMesh for CharacterMesh0
[2015.04.19-22.16.08:311][378]LogSkinnedMeshComp:Warning: GetSocketByName(): No SkeletalMesh for CharacterMesh0
[2015.04.19-22.16.08:311][378]LogSkinnedMeshComp:Warning: GetSocketByName(): No SkeletalMesh for CharacterMesh0
[2015.04.19-22.16.08:311][378]LogSkinnedMeshComp:Warning: GetSocketByName(): No SkeletalMesh for CharacterMesh0
[2015.04.19-22.16.08:312][378]LogSkinnedMeshComp:Warning: GetSocketByName(): No SkeletalMesh for CharacterMesh0
[2015.04.19-22.16.08:312][378]LogSkinnedMeshComp:Warning: GetSocketByName(): No SkeletalMesh for CharacterMesh0
[2015.04.19-22.16.08:312][378]LogSkinnedMeshComp:Warning: GetSocketByName(): No SkeletalMesh for CharacterMesh0
[2015.04.19-22.16.08:312][378]LogSkinnedMeshComp:Warning: GetSocketByName(): No SkeletalMesh for CharacterMesh0
[2015.04.19-22.16.08:312][378]LogSkinnedMeshComp:Warning: GetSocketByName(): No SkeletalMesh for CharacterMesh0
[2015.04.19-22.16.08:312][378]LogSkinnedMeshComp:Warning: GetSocketByName(): No SkeletalMesh for CharacterMesh0
[2015.04.19-22.16.08:312][378]LogSkinnedMeshComp:Warning: GetSocketByName(): No SkeletalMesh for CharacterMesh0
[2015.04.19-22.16.08:312][378]LogSkinnedMeshComp:Warning: GetSocketByName(): No SkeletalMesh for CharacterMesh0
[2015.04.19-22.16.08:313][378]LogSkinnedMeshComp:Warning: GetSocketByName(): No SkeletalMesh for CharacterMesh0
[2015.04.19-22.16.08:313][378]LogSkinnedMeshComp:Warning: GetSocketByName(): No SkeletalMesh for CharacterMesh0
[2015.04.19-22.16.08:313][378]LogSkinnedMeshComp:Warning: GetSocketByName(): No SkeletalMesh for CharacterMesh0
[2015.04.19-22.16.08:313][378]LogSkinnedMeshComp:Warning: GetSocketByName(): No SkeletalMesh for CharacterMesh0
[2015.04.19-22.16.08:314][378]LogSkinnedMeshComp:Warning: GetSocketByName(): No SkeletalMesh for CharacterMesh0
[2015.04.19-22.16.08:314][378]LogSkinnedMeshComp:Warning: GetSocketByName(): No SkeletalMesh for CharacterMesh0
[2015.04.19-22.16.08:314][378]LogSkinnedMeshComp:Warning: GetSocketByName(): No SkeletalMesh for CharacterMesh0
[2015.04.19-22.16.08:314][378]LogSkinnedMeshComp:Warning: GetSocketByName(): No SkeletalMesh for CharacterMesh0
[2015.04.19-22.16.08:314][378]LogSkinnedMeshComp:Warning: GetSocketByName(): No SkeletalMesh for CharacterMesh0
[2015.04.19-22.16.08:314][378]LogSkinnedMeshComp:Warning: GetSocketByName(): No SkeletalMesh for CharacterMesh0
[2015.04.19-22.16.08:314][378]LogSkinnedMeshComp:Warning: GetSocketByName(): No SkeletalMesh for CharacterMesh0
[2015.04.19-22.16.08:314][378]LogSkinnedMeshComp:Warning: GetSocketByName(): No SkeletalMesh for CharacterMesh0
[2015.04.19-22.16.08:315][378]LogSkinnedMeshComp:Warning: GetSocketByName(): No SkeletalMesh for CharacterMesh0
[2015.04.19-22.16.08:315][378]LogSkinnedMeshComp:Warning: GetSocketByName(): No SkeletalMesh for CharacterMesh0
[2015.04.19-22.16.08:315][378]LogSkinnedMeshComp:Warning: GetSocketByName(): No SkeletalMesh for CharacterMesh0
[2015.04.19-22.16.08:315][378]LogSkinnedMeshComp:Warning: GetSocketByName(): No SkeletalMesh for CharacterMesh0
[2015.04.19-22.16.08:355][378]LogSkinnedMeshComp:Warning: GetSocketByName(): No SkeletalMesh for CharacterMesh0
[2015.04.19-22.16.08:355][378]LogSkinnedMeshComp:Warning: GetSocketByName(): No SkeletalMesh for CharacterMesh0
[2015.04.19-22.16.08:355][378]LogSkinnedMeshComp:Warning: GetSocketByName(): No SkeletalMesh for CharacterMesh0
[2015.04.19-22.16.08:355][378]LogSkinnedMeshComp:Warning: GetSocketByName(): No SkeletalMesh for CharacterMesh0
[2015.04.19-22.16.08:401][378]LogObjectTools:Warning: ForceReplaceReferences replaced references for a transient object 'DEADCLASS_BP_Player_Character_Pawn_Enemy_C_0' or package '/Engine/Transient'.
[2015.04.19-22.16.08:401][378]LogObjectTools:Warning: ForceReplaceReferences replaced references for a transient object 'Function_724' or package '/Engine/Transient'.
[2015.04.19-22.16.08:402][378]LogObjectTools:Warning: ForceReplaceReferences replaced references for a transient object 'ObjectProperty_368' or package '/Engine/Transient'.
[2015.04.19-22.16.08:402][378]LogObjectTools:Warning: ForceReplaceReferences replaced references for a transient object 'DEADCLASS_BP_Player_Character_Pawn_Enemy_C_1' or package '/Engine/Transient'.
[2015.04.19-22.16.08:402][378]LogObjectTools:Warning: ForceReplaceReferences replaced references for a transient object 'REINST_SKEL_BP_Player_Character_Pawn_Enemy_C_145' or package '/Engine/Transient'.
[2015.04.19-22.16.08:402][378]LogObjectTools:Warning: ForceReplaceReferences replaced references for a transient object 'REINST_BP_Player_Character_Pawn_Enemy_C_144' or package '/Engine/Transient'.
[2015.04.19-22.16.08:403][378]LogActorComponent: UnregisterComponent: (/Engine/Transient.CharMoveComp) Not registered. Aborting.
[2015.04.19-22.16.16:947][697]LogRenderer:Warning: Reallocating scene render targets to support 1208x760 (Frame:9334).
[2015.04.19-22.16.30:192][197]LogActorComponent: UnregisterComponent: (/Engine/Transient.CharMoveComp) Not registered. Aborting.
[2015.04.19-22.16.30:192][197]LogActorComponent: UnregisterComponent: (/Engine/Transient.CharacterMovementComponent_4) Not registered. Aborting.
[2015.04.19-22.16.30:193][197]LogActorComponent: UnregisterComponent: (/Engine/Transient.ProjectileMovementComponent_0__F50812FA) Not registered. Aborting.
[2015.04.19-22.16.30:193][197]LogActorComponent: UnregisterComponent: (/Engine/Transient.CharacterMovementComponent_5) Not registered. Aborting.
[2015.04.19-22.16.30:224][197]LogMetaData: Removing '/Game/Blueprints/Game/BP_Player_Character_Pawn_Enemy.BP_Player_Character_Pawn_Enemy:UserConstructionScript.K2Node_FunctionEntry_698' ref from Metadata '/Game/Blueprints/Game/BP_Player_Character_Pawn_Child.PackageMetaData'
[2015.04.19-22.16.30:224][197]LogMetaData: Removing '/Game/Blueprints/Game/BP_Player_Character_Pawn_Enemy.BP_Player_Character_Pawn_Enemy:EventGraph.K2Node_CallParentFunction_2' ref from Metadata '/Game/Blueprints/Game/BP_Player_Character_Pawn_Child.PackageMetaData'
[2015.04.19-22.16.30:224][197]LogMetaData: Removing '/Game/Blueprints/Game/BP_Player_Character_Pawn_Enemy.SKEL_BP_Player_Character_Pawn_Enemy_C' ref from Metadata '/Game/Blueprints/Game/BP_Player_Character_Pawn_Child.PackageMetaData'
[2015.04.19-22.16.30:224][197]LogMetaData: Removing '/Game/Blueprints/Game/BP_Player_Character_Pawn_Enemy.BP_Player_Character_Pawn_Enemy_C' ref from Metadata '/Game/Blueprints/Game/BP_Player_Character_Pawn_Child.PackageMetaData'
[2015.04.19-22.16.30:225][197]LogMetaData: Removing '/Game/Blueprints/Game/BP_Player_Character_Pawn_Enemy.BP_Player_Character_Pawn_Enemy:EventGraph.K2Node_Event_296' ref from Metadata '/Game/Blueprints/Game/BP_Player_Character_Pawn_Child.PackageMetaData'
[2015.04.19-22.16.30:225][197]LogMetaData: Removing '/Game/Blueprints/Game/BP_Player_Character_Pawn_Enemy.BP_Player_Character_Pawn_Enemy:EventGraph.K2Node_Event_298' ref from Metadata '/Game/Blueprints/Game/BP_Player_Character_Pawn_Child.PackageMetaData'
[2015.04.19-22.16.30:225][197]LogMetaData: Removing '/Game/Blueprints/Game/BP_Player_Character_Pawn_Enemy.BP_Player_Character_Pawn_Enemy:EventGraph.K2Node_Event_297' ref from Metadata '/Game/Blueprints/Game/BP_Player_Character_Pawn_Child.PackageMetaData'
[2015.04.19-22.16.30:225][197]LogMetaData: Removing '/Game/Blueprints/Game/BP_Player_Character_Pawn_Enemy.BP_Player_Character_Pawn_Enemy:EventGraph.K2Node_CallParentFunction_3' ref from Metadata '/Game/Blueprints/Game/BP_Player_Character_Pawn_Child.PackageMetaData'
[2015.04.19-22.16.30:594][197]LogSavePackage: Save=248.587173ms
[2015.04.19-22.16.30:594][197]LogSavePackage: Moving '../../../../../Projects/ImaginaryFriendDemo/Saved/BP_Player_Character_Pawn_Enemy501CD2964F421F4FD1B229B304DF704A.tmp' to '../../../../../Projects/ImaginaryFriendDemo/Content/Blueprints/Game/BP_Player_Character_Pawn_Enemy.uasset'
[2015.04.19-22.16.30:679][197]LogActorComponent: UnregisterComponent: (/Engine/Transient.CharMoveComp) Not registered. Aborting.
[2015.04.19-22.16.39:742][594]LogUObjectHash:Warning: Ambiguous search, could be AB_Player_Character_C /Game/ThirdPersonBP/Maps/ThirdPersonExampleMap.ThirdPersonExampleMap:PersistentLevel.BP_Player_Character_Pawn_Enemy_663.CharacterMesh0.AB_Player_Character_C_15 or AB_Player_Character_C /Game/ThirdPersonBP/Maps/ThirdPersonExampleMap.ThirdPersonExampleMap:PersistentLevel.BP_Player_Character_Pawn_Enemy_620.CharacterMesh0.AB_Player_Character_C_15
[2015.04.19-22.16.41:264][656]LogUObjectHash:Warning: Ambiguous search, could be AB_Player_Character_C /Game/ThirdPersonBP/Maps/ThirdPersonExampleMap.ThirdPersonExampleMap:PersistentLevel.BP_Player_Character_Pawn_Enemy2_918.CharacterMesh0.AB_Player_Character_C_15 or AB_Player_Character_C /Game/ThirdPersonBP/Maps/ThirdPersonExampleMap.ThirdPersonExampleMap:PersistentLevel.BP_Player_Character_Pawn_Enemy2.CharacterMesh0.AB_Player_Character_C_15
[2015.04.19-22.16.41:264][656]LogUObjectHash:Warning: Ambiguous search, could be AB_Player_Character_C /Game/ThirdPersonBP/Maps/ThirdPersonExampleMap.ThirdPersonExampleMap:PersistentLevel.BP_Player_Character_Pawn_Enemy2_918.CharacterMesh0.AB_Player_Character_C_15 or AB_Player_Character_C /Game/ThirdPersonBP/Maps/ThirdPersonExampleMap.ThirdPersonExampleMap:PersistentLevel.BP_Player_Character_Pawn_Enemy_620.CharacterMesh0.AB_Player_Character_C_15
[2015.04.19-22.16.42:984][732]LogUObjectHash:Warning: Ambiguous search, could be AB_Player_Character_C /Game/ThirdPersonBP/Maps/ThirdPersonExampleMap.ThirdPersonExampleMap:PersistentLevel.BP_Player_Character_Pawn_Enemy3_1173.CharacterMesh0.AB_Player_Character_C_15 or AB_Player_Character_C /Game/ThirdPersonBP/Maps/ThirdPersonExampleMap.ThirdPersonExampleMap:PersistentLevel.BP_Player_Character_Pawn_Enemy3.CharacterMesh0.AB_Player_Character_C_15
[2015.04.19-22.16.42:984][732]LogUObjectHash:Warning: Ambiguous search, could be AB_Player_Character_C /Game/ThirdPersonBP/Maps/ThirdPersonExampleMap.ThirdPersonExampleMap:PersistentLevel.BP_Player_Character_Pawn_Enemy3_1173.CharacterMesh0.AB_Player_Character_C_15 or AB_Player_Character_C /Game/ThirdPersonBP/Maps/ThirdPersonExampleMap.ThirdPersonExampleMap:PersistentLevel.BP_Player_Character_Pawn_Enemy2.CharacterMesh0.AB_Player_Character_C_15
[2015.04.19-22.16.42:984][732]LogUObjectHash:Warning: Ambiguous search, could be AB_Player_Character_C /Game/ThirdPersonBP/Maps/ThirdPersonExampleMap.ThirdPersonExampleMap:PersistentLevel.BP_Player_Character_Pawn_Enemy3_1173.CharacterMesh0.AB_Player_Character_C_15 or AB_Player_Character_C /Game/ThirdPersonBP/Maps/ThirdPersonExampleMap.ThirdPersonExampleMap:PersistentLevel.BP_Player_Character_Pawn_Enemy_620.CharacterMesh0.AB_Player_Character_C_15
[2015.04.19-22.16.44:717][808]LogUObjectHash:Warning: Ambiguous search, could be AB_Player_Character_C /Game/ThirdPersonBP/Maps/ThirdPersonExampleMap.ThirdPersonExampleMap:PersistentLevel.BP_Player_Character_Pawn_Enemy4_1470.CharacterMesh0.AB_Player_Character_C_15 or AB_Player_Character_C /Game/ThirdPersonBP/Maps/ThirdPersonExampleMap.ThirdPersonExampleMap:PersistentLevel.BP_Player_Character_Pawn_Enemy4.CharacterMesh0.AB_Player_Character_C_15
[2015.04.19-22.16.44:717][808]LogUObjectHash:Warning: Ambiguous search, could be AB_Player_Character_C /Game/ThirdPersonBP/Maps/ThirdPersonExampleMap.ThirdPersonExampleMap:PersistentLevel.BP_Player_Character_Pawn_Enemy4_1470.CharacterMesh0.AB_Player_Character_C_15 or AB_Player_Character_C /Game/ThirdPersonBP/Maps/ThirdPersonExampleMap.ThirdPersonExampleMap:PersistentLevel.BP_Player_Character_Pawn_Enemy3.CharacterMesh0.AB_Player_Character_C_15
[2015.04.19-22.16.44:717][808]LogUObjectHash:Warning: Ambiguous search, could be AB_Player_Character_C /Game/ThirdPersonBP/Maps/ThirdPersonExampleMap.ThirdPersonExampleMap:PersistentLevel.BP_Player_Character_Pawn_Enemy4_1470.CharacterMesh0.AB_Player_Character_C_15 or AB_Player_Character_C /Game/ThirdPersonBP/Maps/ThirdPersonExampleMap.ThirdPersonExampleMap:PersistentLevel.BP_Player_Character_Pawn_Enemy2.CharacterMesh0.AB_Player_Character_C_15
[2015.04.19-22.16.44:717][808]LogUObjectHash:Warning: Ambiguous search, could be AB_Player_Character_C /Game/ThirdPersonBP/Maps/ThirdPersonExampleMap.ThirdPersonExampleMap:PersistentLevel.BP_Player_Character_Pawn_Enemy4_1470.CharacterMesh0.AB_Player_Character_C_15 or AB_Player_Character_C /Game/ThirdPersonBP/Maps/ThirdPersonExampleMap.ThirdPersonExampleMap:PersistentLevel.BP_Player_Character_Pawn_Enemy_620.CharacterMesh0.AB_Player_Character_C_15
[2015.04.19-22.16.46:467][882]LogUObjectHash:Warning: Ambiguous search, could be AB_Player_Character_C /Game/ThirdPersonBP/Maps/ThirdPersonExampleMap.ThirdPersonExampleMap:PersistentLevel.BP_Player_Character_Pawn_Enemy5_1767.CharacterMesh0.AB_Player_Character_C_15 or AB_Player_Character_C /Game/ThirdPersonBP/Maps/ThirdPersonExampleMap.ThirdPersonExampleMap:PersistentLevel.BP_Player_Character_Pawn_Enemy5.CharacterMesh0.AB_Player_Character_C_15
[2015.04.19-22.16.46:467][882]LogUObjectHash:Warning: Ambiguous search, could be AB_Player_Character_C /Game/ThirdPersonBP/Maps/ThirdPersonExampleMap.ThirdPersonExampleMap:PersistentLevel.BP_Player_Character_Pawn_Enemy5_1767.CharacterMesh0.AB_Player_Character_C_15 or AB_Player_Character_C /Game/ThirdPersonBP/Maps/ThirdPersonExampleMap.ThirdPersonExampleMap:PersistentLevel.BP_Player_Character_Pawn_Enemy4.CharacterMesh0.AB_Player_Character_C_15
[2015.04.19-22.16.46:467][882]LogUObjectHash:Warning: Ambiguous search, could be AB_Player_Character_C /Game/ThirdPersonBP/Maps/ThirdPersonExampleMap.ThirdPersonExampleMap:PersistentLevel.BP_Player_Character_Pawn_Enemy5_1767.CharacterMesh0.AB_Player_Character_C_15 or AB_Player_Character_C /Game/ThirdPersonBP/Maps/ThirdPersonExampleMap.ThirdPersonExampleMap:PersistentLevel.BP_Player_Character_Pawn_Enemy3.CharacterMesh0.AB_Player_Character_C_15
[2015.04.19-22.16.46:467][882]LogUObjectHash:Warning: Ambiguous search, could be AB_Player_Character_C /Game/ThirdPersonBP/Maps/ThirdPersonExampleMap.ThirdPersonExampleMap:PersistentLevel.BP_Player_Character_Pawn_Enemy5_1767.CharacterMesh0.AB_Player_Character_C_15 or AB_Player_Character_C /Game/ThirdPersonBP/Maps/ThirdPersonExampleMap.ThirdPersonExampleMap:PersistentLevel.BP_Player_Character_Pawn_Enemy2.CharacterMesh0.AB_Player_Character_C_15
[2015.04.19-22.16.46:467][882]LogUObjectHash:Warning: Ambiguous search, could be AB_Player_Character_C /Game/ThirdPersonBP/Maps/ThirdPersonExampleMap.ThirdPersonExampleMap:PersistentLevel.BP_Player_Character_Pawn_Enemy5_1767.CharacterMesh0.AB_Player_Character_C_15 or AB_Player_Character_C /Game/ThirdPersonBP/Maps/ThirdPersonExampleMap.ThirdPersonExampleMap:PersistentLevel.BP_Player_Character_Pawn_Enemy_620.CharacterMesh0.AB_Player_Character_C_15
[2015.04.19-22.16.48:823][980]LogUObjectHash:Warning: Ambiguous search, could be AB_Player_Character_C /Game/ThirdPersonBP/Maps/ThirdPersonExampleMap.ThirdPersonExampleMap:PersistentLevel.BP_Player_Character_Pawn_Enemy6_2162.CharacterMesh0.AB_Player_Character_C_15 or AB_Player_Character_C /Game/ThirdPersonBP/Maps/ThirdPersonExampleMap.ThirdPersonExampleMap:PersistentLevel.BP_Player_Character_Pawn_Enemy6.CharacterMesh0.AB_Player_Character_C_15
[2015.04.19-22.16.48:823][980]LogUObjectHash:Warning: Ambiguous search, could be AB_Player_Character_C /Game/ThirdPersonBP/Maps/ThirdPersonExampleMap.ThirdPersonExampleMap:PersistentLevel.BP_Player_Character_Pawn_Enemy6_2162.CharacterMesh0.AB_Player_Character_C_15 or AB_Player_Character_C /Game/ThirdPersonBP/Maps/ThirdPersonExampleMap.ThirdPersonExampleMap:PersistentLevel.BP_Player_Character_Pawn_Enemy5.CharacterMesh0.AB_Player_Character_C_15
[2015.04.19-22.16.48:823][980]LogUObjectHash:Warning: Ambiguous search, could be AB_Player_Character_C /Game/ThirdPersonBP/Maps/ThirdPersonExampleMap.ThirdPersonExampleMap:PersistentLevel.BP_Player_Character_Pawn_Enemy6_2162.CharacterMesh0.AB_Player_Character_C_15 or AB_Player_Character_C /Game/ThirdPersonBP/Maps/ThirdPersonExampleMap.ThirdPersonExampleMap:PersistentLevel.BP_Player_Character_Pawn_Enemy4.CharacterMesh0.AB_Player_Character_C_15
[2015.04.19-22.16.48:823][980]LogUObjectHash:Warning: Ambiguous search, could be AB_Player_Character_C /Game/ThirdPersonBP/Maps/ThirdPersonExampleMap.ThirdPersonExampleMap:PersistentLevel.BP_Player_Character_Pawn_Enemy6_2162.CharacterMesh0.AB_Player_Character_C_15 or AB_Player_Character_C /Game/ThirdPersonBP/Maps/ThirdPersonExampleMap.ThirdPersonExampleMap:PersistentLevel.BP_Player_Character_Pawn_Enemy3.CharacterMesh0.AB_Player_Character_C_15
[2015.04.19-22.16.48:824][980]LogUObjectHash:Warning: Ambiguous search, could be AB_Player_Character_C /Game/ThirdPersonBP/Maps/ThirdPersonExampleMap.ThirdPersonExampleMap:PersistentLevel.BP_Player_Character_Pawn_Enemy6_2162.CharacterMesh0.AB_Player_Character_C_15 or AB_Player_Character_C /Game/ThirdPersonBP/Maps/ThirdPersonExampleMap.ThirdPersonExampleMap:PersistentLevel.BP_Player_Character_Pawn_Enemy2.CharacterMesh0.AB_Player_Character_C_15
[2015.04.19-22.16.48:824][980]LogUObjectHash:Warning: Ambiguous search, could be AB_Player_Character_C /Game/ThirdPersonBP/Maps/ThirdPersonExampleMap.ThirdPersonExampleMap:PersistentLevel.BP_Player_Character_Pawn_Enemy6_2162.CharacterMesh0.AB_Player_Character_C_15 or AB_Player_Character_C /Game/ThirdPersonBP/Maps/ThirdPersonExampleMap.ThirdPersonExampleMap:PersistentLevel.BP_Player_Character_Pawn_Enemy_620.CharacterMesh0.AB_Player_Character_C_15
[2015.04.19-22.16.50:866][ 68]LogUObjectHash:Warning: Ambiguous search, could be AB_Player_Character_C /Game/ThirdPersonBP/Maps/ThirdPersonExampleMap.ThirdPersonExampleMap:PersistentLevel.BP_Player_Character_Pawn_Enemy7_2585.CharacterMesh0.AB_Player_Character_C_15 or AB_Player_Character_C /Game/ThirdPersonBP/Maps/ThirdPersonExampleMap.ThirdPersonExampleMap:PersistentLevel.BP_Player_Character_Pawn_Enemy7.CharacterMesh0.AB_Player_Character_C_15
[2015.04.19-22.16.50:866][ 68]LogUObjectHash:Warning: Ambiguous search, could be AB_Player_Character_C /Game/ThirdPersonBP/Maps/ThirdPersonExampleMap.ThirdPersonExampleMap:PersistentLevel.BP_Player_Character_Pawn_Enemy7_2585.CharacterMesh0.AB_Player_Character_C_15 or AB_Player_Character_C /Game/ThirdPersonBP/Maps/ThirdPersonExampleMap.ThirdPersonExampleMap:PersistentLevel.BP_Player_Character_Pawn_Enemy6.CharacterMesh0.AB_Player_Character_C_15
[2015.04.19-22.16.50:866][ 68]LogUObjectHash:Warning: Ambiguous search, could be AB_Player_Character_C /Game/ThirdPersonBP/Maps/ThirdPersonExampleMap.ThirdPersonExampleMap:PersistentLevel.BP_Player_Character_Pawn_Enemy7_2585.CharacterMesh0.AB_Player_Character_C_15 or AB_Player_Character_C /Game/ThirdPersonBP/Maps/ThirdPersonExampleMap.ThirdPersonExampleMap:PersistentLevel.BP_Player_Character_Pawn_Enemy5.CharacterMesh0.AB_Player_Character_C_15
[2015.04.19-22.16.50:866][ 68]LogUObjectHash:Warning: Ambiguous search, could be AB_Player_Character_C /Game/ThirdPersonBP/Maps/ThirdPersonExampleMap.ThirdPersonExampleMap:PersistentLevel.BP_Player_Character_Pawn_Enemy7_2585.CharacterMesh0.AB_Player_Character_C_15 or AB_Player_Character_C /Game/ThirdPersonBP/Maps/ThirdPersonExampleMap.ThirdPersonExampleMap:PersistentLevel.BP_Player_Character_Pawn_Enemy4.CharacterMesh0.AB_Player_Character_C_15
[2015.04.19-22.16.50:866][ 68]LogUObjectHash:Warning: Ambiguous search, could be AB_Player_Character_C /Game/ThirdPersonBP/Maps/ThirdPersonExampleMap.ThirdPersonExampleMap:PersistentLevel.BP_Player_Character_Pawn_Enemy7_2585.CharacterMesh0.AB_Player_Character_C_15 or AB_Player_Character_C /Game/ThirdPersonBP/Maps/ThirdPersonExampleMap.ThirdPersonExampleMap:PersistentLevel.BP_Player_Character_Pawn_Enemy3.CharacterMesh0.AB_Player_Character_C_15
[2015.04.19-22.16.50:866][ 68]LogUObjectHash:Warning: Ambiguous search, could be AB_Player_Character_C /Game/ThirdPersonBP/Maps/ThirdPersonExampleMap.ThirdPersonExampleMap:PersistentLevel.BP_Player_Character_Pawn_Enemy7_2585.CharacterMesh0.AB_Player_Character_C_15 or AB_Player_Character_C /Game/ThirdPersonBP/Maps/ThirdPersonExampleMap.ThirdPersonExampleMap:PersistentLevel.BP_Player_Character_Pawn_Enemy2.CharacterMesh0.AB_Player_Character_C_15
[2015.04.19-22.16.50:866][ 68]LogUObjectHash:Warning: Ambiguous search, could be AB_Player_Character_C /Game/ThirdPersonBP/Maps/ThirdPersonExampleMap.ThirdPersonExampleMap:PersistentLevel.BP_Player_Character_Pawn_Enemy7_2585.CharacterMesh0.AB_Player_Character_C_15 or AB_Player_Character_C /Game/ThirdPersonBP/Maps/ThirdPersonExampleMap.ThirdPersonExampleMap:PersistentLevel.BP_Player_Character_Pawn_Enemy_620.CharacterMesh0.AB_Player_Character_C_15
[2015.04.19-22.16.55:935][295]LogPlayLevel: PIE:  No blueprints needed recompiling
[2015.04.19-22.16.55:935][295]PIE: New page: PIE session: ThirdPersonExampleMap (Apr 19, 2015, 12:16:55 PM)
[2015.04.19-22.16.55:975][295]LogPlayLevel: PIE: StaticDuplicateObject took: (0.030650s)
[2015.04.19-22.16.55:976][295]LogPlayLevel: PIE: World Init took: (0.000771s)
[2015.04.19-22.16.55:976][295]LogPlayLevel: PIE: Created PIE world by copying editor world from /Game/ThirdPersonBP/Maps/ThirdPersonExampleMap.ThirdPersonExampleMap to /Game/ThirdPersonBP/Maps/UEDPIE_0_ThirdPersonExampleMap.ThirdPersonExampleMap (0.031628s)
[2015.04.19-22.16.56:044][295]LogWorld: Game class is 'ThirdPersonGameMode_C'
[2015.04.19-22.16.56:046][295]LogAIModule: Creating AISystem for world ThirdPersonExampleMap
[2015.04.19-22.16.56:056][295]LogWorld: Bringing World /Game/ThirdPersonBP/Maps/UEDPIE_0_ThirdPersonExampleMap.ThirdPersonExampleMap up for play (max tick rate 0) at 2015.04.19-17.16.56
[2015.04.19-22.16.56:062][295]LogWorld: Bringing up level for play took: 0.015870
[2015.04.19-22.16.56:066][295]PIE: Info Play in editor start time for /Game/ThirdPersonBP/Maps/UEDPIE_0_ThirdPersonExampleMap -0.194
[2015.04.19-22.17.03:424][687]LogActorComponent: UnregisterComponent: (/Engine/Transient.CharMoveComp) Not registered. Aborting.
[2015.04.19-22.17.03:425][687]LogActorComponent: UnregisterComponent: (/Engine/Transient.CharacterMovementComponent_6) Not registered. Aborting.
[2015.04.19-22.17.03:425][687]LogActorComponent: UnregisterComponent: (/Engine/Transient.CharacterMovementComponent_7) Not registered. Aborting.
[2015.04.19-22.17.03:425][687]LogActorComponent: UnregisterComponent: (/Engine/Transient.ProjectileMovementComponent_0__F50812FA) Not registered. Aborting.
[2015.04.19-22.17.03:457][687]LogParticles: Destroying 0 GPU particle simulations for FXSystem 0x0000009AEABE39C0
[2015.04.19-22.17.49:702][861]BlueprintLog: New page: Compile BP_Player_Character_Pawn
[2015.04.19-22.17.50:085][861]LogBlueprint:Warning: [compiler] Warning Type mismatch between pins  Out Actors  and  Target Array 
[2015.04.19-22.17.50:085][861]LogBlueprint:Warning: [compiler] Warning Type mismatch between pins  Out Actors  and  Target Array 
[2015.04.19-22.17.50:085][861]LogBlueprint:Error: [compiler] Error Invalid pin connection from ' Out Actors ' to ' Target Array '. You may have changed the type after the connections were made.
[2015.04.19-22.17.50:085][861]LogBlueprint:Error: [compiler] Error Invalid pin connection from ' Out Actors ' to ' Target Array '. You may have changed the type after the connections were made.
[2015.04.19-22.17.50:123][861]LogBlueprint:Warning: [compiler] Warning Type mismatch between pins  Target Array  and  Out Actors 
[2015.04.19-22.17.50:123][861]LogBlueprint:Warning: [compiler] Warning Type mismatch between pins  Target Array  and  Out Actors 
[2015.04.19-22.17.50:467][861]LogActorComponent: UnregisterComponent: (/Engine/Transient.CharMoveComp) Not registered. Aborting.
[2015.04.19-22.17.50:467][861]LogActorComponent: UnregisterComponent: (/Engine/Transient.ProjectileMovementComponent_0__F50812FA) Not registered. Aborting.
[2015.04.19-22.17.50:467][861]LogActorComponent: UnregisterComponent: (/Engine/Transient.CharacterMovementComponent_8) Not registered. Aborting.
[2015.04.19-22.17.50:467][861]LogActorComponent: UnregisterComponent: (/Engine/Transient.CharacterMovementComponent_9) Not registered. Aborting.
[2015.04.19-22.17.50:488][861]LogParticles: Destroying 0 GPU particle simulations for FXSystem 0x0000009AB117CEA0
[2015.04.19-22.17.50:924][861]LogBlueprint:Warning: [compiler] Warning [0348.20] Compile of BP_Player_Character_Pawn failed. 2 Fatal Issue(s) 4 Warning(s) [in 1,222 ms]
[2015.04.19-22.17.50:925][861]BlueprintEditorCompileResults:Warning: Warning Type mismatch between pins  Out Actors  and  Target Array 
[2015.04.19-22.17.50:925][861]BlueprintEditorCompileResults:Warning: Warning Type mismatch between pins  Out Actors  and  Target Array 
[2015.04.19-22.17.50:925][861]BlueprintEditorCompileResults:Error: Error Invalid pin connection from ' Out Actors ' to ' Target Array '. You may have changed the type after the connections were made.
[2015.04.19-22.17.50:925][861]BlueprintEditorCompileResults:Error: Error Invalid pin connection from ' Out Actors ' to ' Target Array '. You may have changed the type after the connections were made.
[2015.04.19-22.17.50:925][861]BlueprintEditorCompileResults:Warning: Warning Type mismatch between pins  Target Array  and  Out Actors 
[2015.04.19-22.17.50:925][861]BlueprintEditorCompileResults:Warning: Warning Type mismatch between pins  Target Array  and  Out Actors 
[2015.04.19-22.17.50:925][861]BlueprintEditorCompileResults:Warning: Warning [0348.20] Compile of BP_Player_Character_Pawn failed. 2 Fatal Issue(s) 4 Warning(s) [in 1,222 ms]
[2015.04.19-22.18.02:583][423]BlueprintLog: New page: Compile BP_Player_Character_Pawn
[2015.04.19-22.18.02:937][423]LogBlueprint:Warning: [compiler] Warning Type mismatch between pins  Out Actors  and  Target Array 
[2015.04.19-22.18.02:937][423]LogBlueprint:Warning: [compiler] Warning Type mismatch between pins  Out Actors  and  Target Array 
[2015.04.19-22.18.02:937][423]LogBlueprint:Error: [compiler] Error Invalid pin connection from ' Out Actors ' to ' Target Array '. You may have changed the type after the connections were made.
[2015.04.19-22.18.02:937][423]LogBlueprint:Error: [compiler] Error Invalid pin connection from ' Out Actors ' to ' Target Array '. You may have changed the type after the connections were made.
[2015.04.19-22.18.02:971][423]LogBlueprint:Warning: [compiler] Warning Type mismatch between pins  Target Array  and  Out Actors 
[2015.04.19-22.18.02:971][423]LogBlueprint:Warning: [compiler] Warning Type mismatch between pins  Target Array  and  Out Actors 
[2015.04.19-22.18.03:736][423]LogBlueprint:Warning: [compiler] Warning [0361.01] Compile of BP_Player_Character_Pawn failed. 2 Fatal Issue(s) 4 Warning(s) [in 1,152 ms]
[2015.04.19-22.18.03:736][423]BlueprintEditorCompileResults:Warning: Warning Type mismatch between pins  Out Actors  and  Target Array 
[2015.04.19-22.18.03:736][423]BlueprintEditorCompileResults:Warning: Warning Type mismatch between pins  Out Actors  and  Target Array 
[2015.04.19-22.18.03:736][423]BlueprintEditorCompileResults:Error: Error Invalid pin connection from ' Out Actors ' to ' Target Array '. You may have changed the type after the connections were made.
[2015.04.19-22.18.03:736][423]BlueprintEditorCompileResults:Error: Error Invalid pin connection from ' Out Actors ' to ' Target Array '. You may have changed the type after the connections were made.
[2015.04.19-22.18.03:736][423]BlueprintEditorCompileResults:Warning: Warning Type mismatch between pins  Target Array  and  Out Actors 
[2015.04.19-22.18.03:736][423]BlueprintEditorCompileResults:Warning: Warning Type mismatch between pins  Target Array  and  Out Actors 
[2015.04.19-22.18.03:737][423]BlueprintEditorCompileResults:Warning: Warning [0361.01] Compile of BP_Player_Character_Pawn failed. 2 Fatal Issue(s) 4 Warning(s) [in 1,152 ms]
[2015.04.19-22.18.04:878][473]LogSlate:Warning: Prevented a slow task dialog from being summoned while a context menu was open
[2015.04.19-22.18.10:048][724]BlueprintLog: New page: Compile BP_Player_Character_Pawn
[2015.04.19-22.18.10:862][724]BlueprintEditorCompileResults: Info [0368.14] Compile of BP_Player_Character_Pawn successful! [in 813 ms]
[2015.04.19-22.18.12:433][800]BlueprintLog: New page: Pre-PIE auto-recompile
[2015.04.19-22.18.12:439][800]LogPlayLevel: [PIE] Compiling AB_Player_Character before PIE...
[2015.04.19-22.18.12:886][800]LogPlayLevel: PIE:  Blueprint regeneration took 453 ms (1 blueprints)
[2015.04.19-22.18.12:886][800]PIE: New page: PIE session: ThirdPersonExampleMap (Apr 19, 2015, 12:18:12 PM)
[2015.04.19-22.18.12:912][800]LogPlayLevel: PIE: StaticDuplicateObject took: (0.025838s)
[2015.04.19-22.18.12:913][800]LogPlayLevel: PIE: World Init took: (0.000909s)
[2015.04.19-22.18.12:914][800]LogPlayLevel: PIE: Created PIE world by copying editor world from /Game/ThirdPersonBP/Maps/ThirdPersonExampleMap.ThirdPersonExampleMap to /Game/ThirdPersonBP/Maps/UEDPIE_0_ThirdPersonExampleMap.ThirdPersonExampleMap (0.027015s)
[2015.04.19-22.18.12:994][800]LogWorld: Game class is 'ThirdPersonGameMode_C'
[2015.04.19-22.18.12:996][800]LogAIModule: Creating AISystem for world ThirdPersonExampleMap
[2015.04.19-22.18.13:005][800]LogWorld: Bringing World /Game/ThirdPersonBP/Maps/UEDPIE_0_ThirdPersonExampleMap.ThirdPersonExampleMap up for play (max tick rate 0) at 2015.04.19-17.18.13
[2015.04.19-22.18.13:010][800]LogWorld: Bringing up level for play took: 0.013607
[2015.04.19-22.18.13:037][800]PIE: Info Play in editor start time for /Game/ThirdPersonBP/Maps/UEDPIE_0_ThirdPersonExampleMap 0.777
[2015.04.19-22.18.13:189][800]LogRenderer:Warning: Reallocating scene render targets to support 1296x760 (Frame:13347).
[2015.04.19-22.18.13:225][801]LogCharacterMovement:Warning: GetSimulationTimeStep() - Max iterations 8 hit while remaining time 0.093563 > MaxSimulationTimeStep (0.050) for 'BP_Player_Character_Pawn_C_16'
[2015.04.19-22.18.15:213][870]LogParticles: Destroying 0 GPU particle simulations for FXSystem 0x0000009AE389C360
[2015.04.19-22.18.18:347][994]LogEditorViewport: Clicking on Actor (LMB): StaticMeshActor (Floor)
[2015.04.19-22.18.19:956][ 71]LogPlayLevel: PIE:  No blueprints needed recompiling
[2015.04.19-22.18.19:956][ 71]PIE: New page: PIE session: ThirdPersonExampleMap (Apr 19, 2015, 12:18:19 PM)
[2015.04.19-22.18.19:991][ 71]LogPlayLevel: PIE: StaticDuplicateObject took: (0.026868s)
[2015.04.19-22.18.19:992][ 71]LogPlayLevel: PIE: World Init took: (0.000927s)
[2015.04.19-22.18.19:992][ 71]LogPlayLevel: PIE: Created PIE world by copying editor world from /Game/ThirdPersonBP/Maps/ThirdPersonExampleMap.ThirdPersonExampleMap to /Game/ThirdPersonBP/Maps/UEDPIE_0_ThirdPersonExampleMap.ThirdPersonExampleMap (0.028030s)
[2015.04.19-22.18.20:031][ 71]LogWorld: Game class is 'ThirdPersonGameMode_C'
[2015.04.19-22.18.20:033][ 71]LogAIModule: Creating AISystem for world ThirdPersonExampleMap
[2015.04.19-22.18.20:042][ 71]LogWorld: Bringing World /Game/ThirdPersonBP/Maps/UEDPIE_0_ThirdPersonExampleMap.ThirdPersonExampleMap up for play (max tick rate 0) at 2015.04.19-17.18.20
[2015.04.19-22.18.20:046][ 71]LogWorld: Bringing up level for play took: 0.012225
[2015.04.19-22.18.20:049][ 71]PIE: Info Play in editor start time for /Game/ThirdPersonBP/Maps/UEDPIE_0_ThirdPersonExampleMap -0.211
[2015.04.19-22.18.21:284][135]Cmd: LevelEditor.ToggleImmersive
[2015.04.19-22.18.21:469][136]LogRenderer:Warning: Reallocating scene render targets to support 1816x1008 (Frame:13764).
[2015.04.19-22.18.21:520][137]LogRenderer:Warning: Reallocating scene render targets to support 1920x1080 (Frame:13766).
[2015.04.19-22.18.28:771][506]LogBlueprintUserMessages: 251.054886
[2015.04.19-22.18.38:365][973]Cmd: LevelEditor.ToggleImmersive
[2015.04.19-22.19.17:975][ 23]LogBlueprintUserMessages: 143.519272
[2015.04.19-22.19.19:896][121]LogActorComponent: UnregisterComponent: (/Engine/Transient.CharMoveComp) Not registered. Aborting.
[2015.04.19-22.19.39:977][122]LogBlueprintUserMessages: 220.84845
[2015.04.19-22.20.08:167][532]LogBlueprintUserMessages: 485.237762
[2015.04.19-22.20.28:353][525]LogBlueprintUserMessages: 405.874207
[2015.04.19-22.20.57:898][  0]LogBlueprintUserMessages: 248.961563
[2015.04.19-22.21.34:836][860]LogBlueprintUserMessages: 139.806366
[2015.04.19-22.21.44:142][326]LogParticles: Destroying 0 GPU particle simulations for FXSystem 0x0000009AF04EADE0
[2015.04.19-22.28