Log file open, 04/17/15 01:54:14
LogInit:Display: Running engine for game: ImaginaryFriendDemo
LogInit: Version: 4.7.5-2503383+++depot+UE4-Releases+4.7
LogInit: API Version: 2455222
LogInit: Compiled (64-bit): Apr  6 2015 23:21:51
LogInit: Compiled with Visual C++: 18.00.21005.01
LogInit: Build Configuration: Development
LogInit: Branch Name: ++depot+UE4-Releases+4.7
LogInit: Command line:  
LogInit: Base directory: E:/Unreal/Epic Games/4.7/Engine/Binaries/Win64/
LogInit: Rocket: 1
[2015.04.17-06.54.14:080][  0]LogTaskGraph: Started task graph with 3 named threads and 6 total threads.
[2015.04.17-06.54.14:134][  0]LogOnline:Warning: No default platform service specified for OnlineSubsystem
[2015.04.17-06.54.14:145][  0]LogInit: Presizing for 0 objects not considered by GC, pre-allocating 0 bytes.
[2015.04.17-06.54.14:153][  0]LogInit: Object subsystem initialized
[2015.04.17-06.54.14:155][  0]LogConsoleResponse:Warning: Skipping Unknown console variable: 'TranslucentSortAxis = (X=0.000000,Y=-1.000000,Z=0.000000)'
[2015.04.17-06.54.14:155][  0]LogConsoleResponse:Warning:   Found in ini file 'E:/Unreal/Projects/ImaginaryFriendDemo/Saved/Config/Windows/Engine.ini', in section '[/Script/Engine.RendererSettings]'
[2015.04.17-06.54.14:155][  0]LogConsoleResponse:Warning: Skipping Unknown console variable: 'UIScaleRule = ShortestSide'
[2015.04.17-06.54.14:155][  0]LogConsoleResponse:Warning:   Found in ini file 'E:/Unreal/Projects/ImaginaryFriendDemo/Saved/Config/Windows/Engine.ini', in section '[/Script/Engine.RendererSettings]'
[2015.04.17-06.54.14:155][  0]LogConsoleResponse:Warning: Skipping Unknown console variable: 'UIScaleCurve = (EditorCurveData=(Keys=),ExternalCurve=None)'
[2015.04.17-06.54.14:155][  0]LogConsoleResponse:Warning:   Found in ini file 'E:/Unreal/Projects/ImaginaryFriendDemo/Saved/Config/Windows/Engine.ini', in section '[/Script/Engine.RendererSettings]'
[2015.04.17-06.54.14:155][  0]LogInit: Selected Device Profile: [Windows]
[2015.04.17-06.54.14:155][  0]LogInit: Applying CVar settings loaded from the selected device profile: [Windows]
[2015.04.17-06.54.14:159][  0]LogInit: Computer: COMPY
[2015.04.17-06.54.14:159][  0]LogInit: User: Nick
[2015.04.17-06.54.14:159][  0]LogInit: CPU Page size=4096, Cores=4
[2015.04.17-06.54.14:159][  0]LogInit: High frequency timer resolution =14.318180 MHz
[2015.04.17-06.54.14:159][  0]LogMemory: Memory total: Physical=15.9GB (16GB approx) Virtual=131072.0GB
[2015.04.17-06.54.14:160][  0]LogMemory: Platform Memory Stats for Windows
[2015.04.17-06.54.14:160][  0]LogMemory: Process Physical Memory: 46.07 MB used, 46.07 MB peak
[2015.04.17-06.54.14:160][  0]LogMemory: Process Virtual Memory: 26.26 MB used, 26.27 MB peak
[2015.04.17-06.54.14:160][  0]LogMemory: Physical Memory: 8686.90 MB used, 16259.70 MB total
[2015.04.17-06.54.14:160][  0]LogMemory: Virtual Memory: 285.90 MB used, 134217728.00 MB total
[2015.04.17-06.54.14:174][  0]LogD3D11RHI: Found D3D11 adapter 0: AMD Radeon HD 7900 Series (Feature Level 11_0)
[2015.04.17-06.54.14:174][  0]LogD3D11RHI: Adapter has 3051MB of dedicated video memory, 0MB of dedicated system memory, and 3840MB of shared system memory, 2 output[s]
[2015.04.17-06.54.14:180][  0]LogD3D11RHI: Found D3D11 adapter 1: Intel(R) HD Graphics 4600 (Feature Level 11_0)
[2015.04.17-06.54.14:180][  0]LogD3D11RHI: Adapter has 32MB of dedicated video memory, 0MB of dedicated system memory, and 1760MB of shared system memory, 0 output[s]
[2015.04.17-06.54.14:181][  0]LogD3D11RHI: Found D3D11 adapter 2: Microsoft Basic Render Driver (Feature Level 11_0)
[2015.04.17-06.54.14:181][  0]LogD3D11RHI: Adapter has 0MB of dedicated video memory, 0MB of dedicated system memory, and 256MB of shared system memory, 0 output[s]
[2015.04.17-06.54.14:181][  0]LogD3D11RHI: Chosen D3D11 Adapter Id = 0
[2015.04.17-06.54.14:185][  0]LogRHI: Texture pool is 1361 MB (70% of 1945 MB)
[2015.04.17-06.54.14:189][  0]LogD3D11RHI: Async texture creation disabled: no driver support
[2015.04.17-06.54.14:251][  0]LogTextLocalizationManager: The requested culture ('en_US') has no localization data; parent culture's ('en') localization data will be used.
[2015.04.17-06.54.14:305][  0]LogTextLocalizationManager:Warning: Loading localization resources contain conflicting entries for (Namespace:UICommands, Key:Save_ToolTip):
Resource: (E:/Unreal/Epic Games/4.7/Engine/Content/Localization/Editor/en/Editor.locres) Hash: (-29098895) String: (Saves the current level to disk)
Resource: (E:/Unreal/Epic Games/4.7/Engine/Content/Localization/Engine/en/Engine.locres) Hash: (-1280300587) String: (Save selected data to vlog file)
[2015.04.17-06.54.14:305][  0]LogTextLocalizationManager:Warning: Loading localization resources contain conflicting entries for (Namespace:ContentBrowser, Key:ImportAssetToolTip):
Resource: (E:/Unreal/Epic Games/4.7/Engine/Content/Localization/Editor/en/Editor.locres) Hash: (-630476809) String: (Import to {0}...)
Resource: (E:/Unreal/Epic Games/4.7/Engine/Content/Localization/Editor/en/Editor.locres) Hash: (1271782899) String: (Imports an asset from file to this folder.)
[2015.04.17-06.54.14:371][  0]LogContentStreaming: Texture pool size is 0.000000MB
[2015.04.17-06.54.18:608][  0]LogTargetPlatformManager:Display: Building Assets For Windows
[2015.04.17-06.54.21:219][  0]LogTargetPlatformManager:Display: Building Assets For Windows
[2015.04.17-06.54.21:356][  0]LogDerivedDataCache:Display: Max Cache Size: 512 MB
[2015.04.17-06.54.21:470][  0]LogDerivedDataCache: Loaded boot cache 0.11s 39MB C:/Users/Nick/AppData/Local/UnrealEngine/4.7/DerivedDataCache/Boot.ddc.
[2015.04.17-06.54.21:470][  0]LogDerivedDataCache:Display: Loaded Boot cache: C:/Users/Nick/AppData/Local/UnrealEngine/4.7/DerivedDataCache/Boot.ddc
[2015.04.17-06.54.21:470][  0]LogDerivedDataCache: FDerivedDataBackendGraph:  Pak pak cache file ../../../../../Projects/ImaginaryFriendDemo/DerivedDataCache/DDC.ddp not found, will not use a pak cache.
[2015.04.17-06.54.21:470][  0]LogDerivedDataCache: Unable to find inner node Pak for hierarchical cache Hierarchy.
[2015.04.17-06.54.21:602][  0]LogDerivedDataCache:Display: Pak cache opened for reading ../../../Engine/DerivedDataCache/Compressed.ddp.
[2015.04.17-06.54.21:615][  0]LogDerivedDataCache: Using Local data cache path C:/Users/Nick/AppData/Local/UnrealEngine/Common/DerivedDataCache: Writable
[2015.04.17-06.54.30:090][  0]LogMeshUtilities: No automatic mesh reduction module available
[2015.04.17-06.54.30:090][  0]LogMeshUtilities: No automatic mesh merging module available
[2015.04.17-06.54.35:950][  0]LogInit: WinSock: version 1.1 (2.2), MaxSocks=32767, MaxUdp=65467
[2015.04.17-06.54.36:379][  0]LogSlate:Warning: Failed to load font data from '../../../Engine/Content/Slate/Fonts/Roboto-Italic.ttf'
[2015.04.17-06.54.57:225][  0]UdpMessaging: Initializing bridge on interface 0.0.0.0:0 to multicast group 230.0.0.1:6666.
[2015.04.17-06.54.58:319][  0]SourceControl: Info Source control is disabled
[2015.04.17-06.54.58:325][  0]SourceControl: Info Source control is disabled
[2015.04.17-06.54.58:325][  0]SourceControl: Info Source control is disabled
[2015.04.17-06.54.58:325][  0]LogSourceControl: RunCommandInternalRaw: 'git version'
[2015.04.17-06.54.58:326][  0]LogSourceControl: RunCommandInternalRaw: ExecProcess ReturnCode=2 OutResults=''
[2015.04.17-06.54.58:333][  0]SourceControl: Info Source control is disabled
[2015.04.17-06.54.59:576][  0]LogObj: 24232 objects as part of root set at end of initial load.
[2015.04.17-06.54.59:576][  0]LogUObjectAllocator: 5137168 out of 0 bytes used by permanent object pool.
[2015.04.17-06.55.00:488][  0]LogEngine: Initializing Engine...
[2015.04.17-06.55.04:397][  0]LogInit: XAudio2 using 'Line Out (4- Scarlett 2i2 USB)' : 2 channels at 44.1 kHz using 16 bits per sample (channel mask 0x3)
[2015.04.17-06.55.04:409][  0]LogInit: FAudioDevice initialized.
[2015.04.17-06.55.05:449][  0]LogAIModule: Creating AISystem for world NewWorld
[2015.04.17-06.55.05:726][  0]LogDerivedDataCache: Saved boot cache 0.02s 39MB C:/Users/Nick/AppData/Local/UnrealEngine/4.7/DerivedDataCache/Boot.ddc.
[2015.04.17-06.55.05:729][  0]LogInit: Texture streaming: Enabled
[2015.04.17-06.55.06:325][  0]LogAnalytics: Creating configured Analytics provider AnalyticsET
[2015.04.17-06.55.06:325][  0]LogAnalytics: ET APIKey = Rocket.Release. APIServer = http://et2.epicgames.com/ET2/. AppVersion = 4.7.5-2503383+++depot+UE4-Releases+4.7
[2015.04.17-06.55.06:325][  0]LogAnalytics: ET APIKey = Rocket.Release. DataRouterUploadURL = https://datarouter-public-service-gamedev.ol.epicgames.net/datarouter/api/v1/public/data. AppVersion = 4.7.5-2503383+++depot+UE4-Releases+4.7
[2015.04.17-06.55.06:325][  0]LogAnalytics: SetUserId ae2fd81d40e74e933ac176aa65f19d69|a11a1d6788b14be38425ce267983457b|5433b200-1896-4b41-b217-14931c041df8
[2015.04.17-06.55.06:343][  0]LogAnalytics: AnalyticsET::StartSession [Rocket.Release]
[2015.04.17-06.55.06:622][  0]LogInit: Transaction tracking system initialized
[2015.04.17-06.55.08:008][  0]BlueprintLog: New page: Editor Load
[2015.04.17-06.55.08:194][  0]LogAssetRegistry: FAssetRegistry took 0.0339 seconds to start up
[2015.04.17-06.55.08:194][  0]LogDirectoryWatcher:Warning: Failed to begin reading directory changes for ../../../Engine/Plugins/Experimental/CharacterAI/Content/. Error: 0
[2015.04.17-06.55.18:445][  0]LogTargetPlatformManager:Display: Building Assets For Windows
[2015.04.17-06.55.20:229][  0]LogTargetPlatformManager:Display: Building Assets For Windows
[2015.04.17-06.55.21:476][  0]LogSlate:Warning: Failed to load font data from '../../../Engine/Content/Editor/Slate/Fonts/Roboto-Regular.ttf'
[2015.04.17-06.55.21:476][  0]LogSlate:Warning: Failed to load font data from '../../../Engine/Content/Editor/Slate/Fonts/Roboto-Bold.ttf'
[2015.04.17-06.55.21:565][  0]LogConsoleResponse:Display: 
[2015.04.17-06.55.26:396][  0]LogCook:Display: Done creating registry. It took  0.00s.
[2015.04.17-06.55.31:753][  0]SourceControl: Info Source control is disabled
[2015.04.17-06.55.31:917][  0]Cmd: MAP LOAD FILE="../../../../../Projects/ImaginaryFriendDemo/Content/ThirdPersonBP/Maps/ThirdPersonExampleMap.umap" TEMPLATE=0 SHOWPROGRESS=1 FEATURELEVEL=3
[2015.04.17-06.55.32:052][  0]LightingResults: New page: Lighting Build
[2015.04.17-06.55.32:535][  0]MapCheck: New page: Map Check
[2015.04.17-06.55.32:535][  0]LightingResults: New page: Lighting Build
[2015.04.17-06.55.33:110][  0]LogParticles: Destroying 0 GPU particle simulations for FXSystem 0x0000008895CBE520
[2015.04.17-06.55.42:882][  0]LogLinker:Warning: Asset '../../../Engine/Content/EngineMeshes/Humanoid.uasset' has been saved with empty engine version. The asset will be loaded but may be incompatible.
[2015.04.17-06.55.45:918][  0]LogAnimation:Warning: UAnimMontage::PostLoad: The actual sequence length for montage AM_Player_Death does not match the length stored in the asset, please resave the montage asset.
[2015.04.17-06.55.45:920][  0]LogAnimation:Warning: UAnimMontage::PostLoad: The actual sequence length for montage AM_Player_Sprint_Attack does not match the length stored in the asset, please resave the montage asset.
[2015.04.17-06.55.47:508][  0]LogEditorServer: Finished looking for orphan Actors (0.000 secs)
[2015.04.17-06.55.49:713][  0]LogAIModule: Creating AISystem for world ThirdPersonExampleMap
[2015.04.17-06.55.49:734][  0]Cmd: MAP CHECKDEP
[2015.04.17-06.55.49:751][  0]MapCheck: New page: ThirdPersonExampleMap - Apr 16, 2015, 8:55:49 PM
[2015.04.17-06.55.49:906][  0]MapCheck: Info Map check complete: 0 Error(s), 0 Warning(s), took 172.063ms to complete.
[2015.04.17-06.55.49:907][  0]LogFileHelpers: Loading map 'ThirdPersonExampleMap' took 18.088
[2015.04.17-06.55.51:934][  0]LogCollectionManager: Loaded 0 collections in 0.001511 seconds
[2015.04.17-06.55.52:008][  0]LogContentBrowser: Native class hierarchy populated in 0.0514 seconds. Added 1696 classes and 261 folders.
[2015.04.17-06.55.52:250][  0]LogContentBrowser:Verbose: The content browser source was changed by the sources view to '/Game'
[2015.04.17-06.55.52:319][  0]LogContentBrowser: Native class hierarchy updated for 'SceneOutliner' in 0.0011 seconds. Added 1 classes and 2 folders.
[2015.04.17-06.55.53:722][  0]LogCrashTracker: Crashtracker disabled due to settings.
[2015.04.17-06.55.53:794][  0]LogSlate:Warning: Failed to load font data from 'Veranda'
[2015.04.17-06.55.53:895][  0]LogUObjectGlobals:Warning: Failed to find object 'Class None.'
[2015.04.17-06.55.53:970][  0]LogLoad: Full Startup: 101.79 seconds (BP compile: 3.67 seconds)
[2015.04.17-06.55.55:330][  0]LogRenderer:Warning: Reallocating scene render targets to support 32x32 (Frame:2).
[2015.04.17-06.55.56:438][  0]LogRenderer:Warning: Reallocating scene render targets to support 1208x584 (Frame:5).
[2015.04.17-06.55.57:694][  4]LogAssetRegistry: Asset discovery search completed in 49.5345 seconds
[2015.04.17-07.22.39:895][886]LogEditorViewport: Clicking on Actor (LMB): StaticMeshActor (Wall2)
[2015.04.17-07.22.41:290][887]LogRenderer:Warning: Reallocating scene render targets to support 1920x1080 (Frame:7213).
[2015.04.17-07.22.42:894][952]LogEditorViewport: Clicking on Actor (context menu): StaticMeshActor (Wall2)
[2015.04.17-07.23.13:707][450]LogPlayLevel: PIE:  No blueprints needed recompiling
[2015.04.17-07.23.13:737][450]PIE: New page: PIE session: ThirdPersonExampleMap (Apr 16, 2015, 9:23:13 PM)
[2015.04.17-07.23.13:860][450]LogPlayLevel: PIE: StaticDuplicateObject took: (0.122312s)
[2015.04.17-07.23.13:860][450]LogPlayLevel: PIE: World Init took: (0.000543s)
[2015.04.17-07.23.13:860][450]LogPlayLevel: PIE: Created PIE world by copying editor world from /Game/ThirdPersonBP/Maps/ThirdPersonExampleMap.ThirdPersonExampleMap to /Game/ThirdPersonBP/Maps/UEDPIE_0_ThirdPersonExampleMap.ThirdPersonExampleMap (0.123302s)
[2015.04.17-07.23.14:140][450]LogWorld: Game class is 'ThirdPersonGameMode_C'
[2015.04.17-07.23.14:562][450]LogAIModule: Creating AISystem for world ThirdPersonExampleMap
[2015.04.17-07.23.14:569][450]LogWorld: Bringing World /Game/ThirdPersonBP/Maps/UEDPIE_0_ThirdPersonExampleMap.ThirdPersonExampleMap up for play (max tick rate 0) at 2015.04.17-02.23.14
[2015.04.17-07.23.14:987][450]LogWorld: Bringing up level for play took: 0.424578
[2015.04.17-07.23.15:213][450]PIE: Info Play in editor start time for /Game/ThirdPersonBP/Maps/UEDPIE_0_ThirdPersonExampleMap 1.16
[2015.04.17-07.23.26:288][461]LogActorComponent: UnregisterComponent: (/Engine/Transient.CharMoveComp) Not registered. Aborting.
[2015.04.17-07.23.26:288][461]LogActorComponent: UnregisterComponent: (/Engine/Transient.CharacterMovementComponent_0) Not registered. Aborting.
[2015.04.17-07.23.26:288][461]LogActorComponent: UnregisterComponent: (/Engine/Transient.CharacterMovementComponent_1) Not registered. Aborting.
[2015.04.17-07.23.26:289][461]LogActorComponent: UnregisterComponent: (/Engine/Transient.ProjectileMovementComponent_0__F50812FA) Not registered. Aborting.
[2015.04.17-07.23.26:566][461]LogParticles: Destroying 0 GPU particle simulations for FXSystem 0x000000889CEBA340
[2015.04.17-07.23.30:823][819]LogPlayLevel: PIE:  No blueprints needed recompiling
[2015.04.17-07.23.30:823][819]PIE: New page: PIE session: ThirdPersonExampleMap (Apr 16, 2015, 9:23:30 PM)
[2015.04.17-07.23.30:846][819]LogPlayLevel: PIE: StaticDuplicateObject took: (0.022223s)
[2015.04.17-07.23.30:847][819]LogPlayLevel: PIE: World Init took: (0.000863s)
[2015.04.17-07.23.30:847][819]LogPlayLevel: PIE: Created PIE world by copying editor world from /Game/ThirdPersonBP/Maps/ThirdPersonExampleMap.ThirdPersonExampleMap to /Game/ThirdPersonBP/Maps/UEDPIE_0_ThirdPersonExampleMap.ThirdPersonExampleMap (0.023369s)
[2015.04.17-07.23.30:895][819]LogWorld: Game class is 'ThirdPersonGameMode_C'
[2015.04.17-07.23.30:897][819]LogAIModule: Creating AISystem for world ThirdPersonExampleMap
[2015.04.17-07.23.30:903][819]LogWorld: Bringing World /Game/ThirdPersonBP/Maps/UEDPIE_0_ThirdPersonExampleMap.ThirdPersonExampleMap up for play (max tick rate 0) at 2015.04.17-02.23.30
[2015.04.17-07.23.30:905][819]LogWorld: Bringing up level for play took: 0.007660
[2015.04.17-07.23.30:920][819]PIE: Info Play in editor start time for /Game/ThirdPersonBP/Maps/UEDPIE_0_ThirdPersonExampleMap 0.868
[2015.04.17-07.24.19:235][874]LogBlueprintUserMessages: 948.523682
[2015.04.17-07.24.19:235][874]LogBlueprintUserMessages: 614.923523
[2015.04.17-07.24.19:235][874]LogBlueprintUserMessages: 581.767456
[2015.04.17-07.24.19:235][874]LogBlueprintUserMessages: 0.0
[2015.04.17-07.24.19:235][874]LogArray:Warning: Attempted to get an item from array CallFunc_GetAllActorsOfClass_OutActors out of bounds [4/3]!
[2015.04.17-07.24.19:235][874]LogScript:Warning: Accessed None 'CallFunc_Array_Get_Item'
	BP_Player_Character_Pawn_C /Game/ThirdPersonBP/Maps/UEDPIE_0_ThirdPersonExampleMap.ThirdPersonExampleMap:PersistentLevel.BP_Player_Character_Pawn_C_42
	Function /Game/Blueprints/Game/BP_Player_Character_Pawn.BP_Player_Character_Pawn_C:ExecuteUbergraph_BP_Player_Character_Pawn:24DB
[2015.04.17-07.24.19:236][874]PIE:Error: Error Accessed None 'CallFunc_Array_Get_Item' from node Set RetDamage in blueprint BP_Player_Character_Pawn
[2015.04.17-07.24.25:019][486]LogBlueprintUserMessages: 941.336914
[2015.04.17-07.24.25:019][486]LogBlueprintUserMessages: 605.981689
[2015.04.17-07.24.25:019][486]LogBlueprintUserMessages: 583.482727
[2015.04.17-07.24.25:019][486]LogBlueprintUserMessages: 0.0
[2015.04.17-07.24.25:019][486]LogArray:Warning: Attempted to get an item from array CallFunc_GetAllActorsOfClass_OutActors out of bounds [4/3]!
[2015.04.17-07.24.25:019][486]LogScript:Warning: Accessed None 'CallFunc_Array_Get_Item'
	BP_Player_Character_Pawn_C /Game/ThirdPersonBP/Maps/UEDPIE_0_ThirdPersonExampleMap.ThirdPersonExampleMap:PersistentLevel.BP_Player_Character_Pawn_C_42
	Function /Game/Blueprints/Game/BP_Player_Character_Pawn.BP_Player_Character_Pawn_C:ExecuteUbergraph_BP_Player_Character_Pawn:24DB
[2015.04.17-07.24.25:019][486]PIE:Error: Error Accessed None 'CallFunc_Array_Get_Item' from node Set RetDamage in blueprint BP_Player_Character_Pawn
[2015.04.17-07.24.28:526][861]LogBlueprintUserMessages: 929.721802
[2015.04.17-07.24.28:526][861]LogBlueprintUserMessages: 592.623596
[2015.04.17-07.24.28:526][861]LogBlueprintUserMessages: 589.776062
[2015.04.17-07.24.28:526][861]LogBlueprintUserMessages: 0.0
[2015.04.17-07.24.28:526][861]LogArray:Warning: Attempted to get an item from array CallFunc_GetAllActorsOfClass_OutActors out of bounds [4/3]!
[2015.04.17-07.24.28:526][861]LogScript:Warning: Accessed None 'CallFunc_Array_Get_Item'
	BP_Player_Character_Pawn_C /Game/ThirdPersonBP/Maps/UEDPIE_0_ThirdPersonExampleMap.ThirdPersonExampleMap:PersistentLevel.BP_Player_Character_Pawn_C_42
	Function /Game/Blueprints/Game/BP_Player_Character_Pawn.BP_Player_Character_Pawn_C:ExecuteUbergraph_BP_Player_Character_Pawn:24DB
[2015.04.17-07.24.28:526][861]PIE:Error: Error Accessed None 'CallFunc_Array_Get_Item' from node Set RetDamage in blueprint BP_Player_Character_Pawn
[2015.04.17-07.24.32:856][322]LogBlueprintUserMessages: 918.820801
[2015.04.17-07.24.32:856][322]LogBlueprintUserMessages: 581.723328
[2015.04.17-07.24.32:856][322]LogBlueprintUserMessages: 579.460449
[2015.04.17-07.24.32:856][322]LogBlueprintUserMessages: 0.0
[2015.04.17-07.24.32:856][322]LogArray:Warning: Attempted to get an item from array CallFunc_GetAllActorsOfClass_OutActors out of bounds [4/3]!
[2015.04.17-07.24.32:856][322]LogScript:Warning: Accessed None 'CallFunc_Array_Get_Item'
	BP_Player_Character_Pawn_C /Game/ThirdPersonBP/Maps/UEDPIE_0_ThirdPersonExampleMap.ThirdPersonExampleMap:PersistentLevel.BP_Player_Character_Pawn_C_42
	Function /Game/Blueprints/Game/BP_Player_Character_Pawn.BP_Player_Character_Pawn_C:ExecuteUbergraph_BP_Player_Character_Pawn:24DB
[2015.04.17-07.24.32:856][322]PIE:Error: Error Accessed None 'CallFunc_Array_Get_Item' from node Set RetDamage in blueprint BP_Player_Character_Pawn
[2015.04.17-07.24.34:660][514]LogBlueprintUserMessages: 918.309937
[2015.04.17-07.24.34:660][514]LogBlueprintUserMessages: 581.139526
[2015.04.17-07.24.34:660][514]LogBlueprintUserMessages: 581.030273
[2015.04.17-07.24.34:660][514]LogBlueprintUserMessages: 0.0
[2015.04.17-07.24.34:660][514]LogArray:Warning: Attempted to get an item from array CallFunc_GetAllActorsOfClass_OutActors out of bounds [4/3]!
[2015.04.17-07.24.34:660][514]LogScript:Warning: Accessed None 'CallFunc_Array_Get_Item'
	BP_Player_Character_Pawn_C /Game/ThirdPersonBP/Maps/UEDPIE_0_ThirdPersonExampleMap.ThirdPersonExampleMap:PersistentLevel.BP_Player_Character_Pawn_C_42
	Function /Game/Blueprints/Game/BP_Player_Character_Pawn.BP_Player_Character_Pawn_C:ExecuteUbergraph_BP_Player_Character_Pawn:24DB
[2015.04.17-07.24.34:660][514]PIE:Error: Error Accessed None 'CallFunc_Array_Get_Item' from node Set RetDamage in blueprint BP_Player_Character_Pawn
[2015.04.17-07.25.13:107][672]LogParticles: Destroying 0 GPU particle simulations for FXSystem 0x000000889B099E40
[2015.04.17-07.25.23:090][517]LogFileHelpers: Editor autosave (incl. sublevels) for '/Game/ThirdPersonBP/Maps/ThirdPersonExampleMap' took 0.019
[2015.04.17-07.25.23:186][517]OBJ SavePackage: Generating thumbnails for [0] asset(s) in package [/Game/ThirdPersonBP/Blueprints/ThirdPersonGameMode] ([1] browsable assets)...
[2015.04.17-07.25.23:210][517]OBJ SavePackage: Finished generating thumbnails for package [/Game/ThirdPersonBP/Blueprints/ThirdPersonGameMode]
[2015.04.17-07.25.23:391][517]LogWindows:Error: Windows GetLastError: The operation completed successfully. (0)
[2015.04.17-07.25.23:670][517]LogCrashTracker: 


[2015.04.17-07.26.48:525][517]LogCrashTracker: 


[2015.04.17-07.26.48:526][517]LogWindows: === Critical error: ===
Fatal error: [File:D:\BuildFarm\buildmachine_++depot+UE4-Releases+4.7\Engine\Source\Runtime\CoreUObject\Private\UObject\UObjectGlobals.cpp] [Line: 123] 
Illegal call to StaticFindObject() while serializing object data!


KERNELBASE.dll!UnknownFunction (0x00007ff99a4b68d8) + 0 bytes [UnknownFile:0]
UE4Editor-Core.dll!FOutputDeviceWindowsError::Serialize() (0x00007ff97c218074) + 0 bytes [d:\buildfarm\buildmachine_++depot+ue4-releases+4.7\engine\source\runtime\core\private\windows\windowsplatformoutputdevices.cpp:95]
UE4Editor-Core.dll!FMsg::Logf__VA() (0x00007ff97c09774f) + 0 bytes [d:\buildfarm\buildmachine_++depot+ue4-releases+4.7\engine\source\runtime\core\private\misc\outputdevice.cpp:531]
UE4Editor-CoreUObject.dll!StaticFindObject() (0x00007ff97bd74bb8) + 0 bytes [d:\buildfarm\buildmachine_++depot+ue4-releases+4.7\engine\source\runtime\coreuobject\private\uobject\uobjectglobals.cpp:126]
UE4Editor-DetailCustomizations.dll!FGameModeInfoCustomizer::GetCurrentGameModeClass() (0x00007ff970d65e71) + 36 bytes [d:\buildfarm\buildmachine_++depot+ue4-releases+4.7\engine\source\editor\unrealed\public\gamemodeinfocustomizer.h:178]
UE4Editor-DetailCustomizations.dll!FGameModeInfoCustomizer::OnGetDefaultClass() (0x00007ff970d82b41) + 0 bytes [d:\buildfarm\buildmachine_++depot+ue4-releases+4.7\engine\source\editor\unrealed\public\gamemodeinfocustomizer.h:206]
UE4Editor-DetailCustomizations.dll!TBaseSPMethodDelegateInstance<1,FGameModeInfoCustomizer,0,UClass const * __ptr64 __cdecl(void),FName>::Execute() (0x00007ff970d5a4f9) + 35 bytes [d:\buildfarm\buildmachine_++depot+ue4-releases+4.7\engine\source\runtime\core\public\delegates\delegateinstancesimpl_variadics.inl:282]
UE4Editor-PropertyEditor.dll!SPropertyEditorClass::GetDisplayValueAsString() (0x00007ff974eeddf8) + 35 bytes [d:\buildfarm\buildmachine_++depot+ue4-releases+4.7\engine\source\editor\propertyeditor\private\userinterface\propertyeditor\spropertyeditorclass.cpp:176]
UE4Editor-PropertyEditor.dll!TMemberFunctionCaller<SPropertyEditorClass,FText (__cdecl SPropertyEditorClass::*)(void)const __ptr64>::operator()<>() (0x00007ff974d31570) + 15 bytes [d:\buildfarm\buildmachine_++depot+ue4-releases+4.7\engine\source\runtime\core\public\delegates\delegateinstanceinterface_variadics.h:161]
UE4Editor-PropertyEditor.dll!TTupleImpl<TIntegerSequence<> >::ApplyAfter_ExplicitReturnType<FText,TMemberFunctionCaller<SPropertyEditorClass,FText (__cdecl SPropertyEditorClass::*)(void)const __ptr64> >() (0x00007ff974d35ef9) + 19 bytes [d:\buildfarm\buildmachine_++depot+ue4-releases+4.7\engine\source\runtime\core\public\delegates\tuple.h:113]
UE4Editor-PropertyEditor.dll!TBaseSPMethodDelegateInstance<1,SPropertyEditorClass,0,FText __cdecl(void)>::Execute() (0x00007ff974ebf679) + 36 bytes [d:\buildfarm\buildmachine_++depot+ue4-releases+4.7\engine\source\runtime\core\public\delegates\delegateinstancesimpl_variadics.inl:282]
UE4Editor-Slate.dll!TBaseDelegate<FText>::Execute() (0x00007ff978eb4fda) + 6 bytes [d:\buildfarm\buildmachine_++depot+ue4-releases+4.7\engine\source\runtime\core\public\delegates\delegatesignatureimpl_variadics.inl:439]
UE4Editor-Slate.dll!TAttribute<FText>::Get() (0x00007ff978ebd3d8) + 14 bytes [d:\buildfarm\buildmachine_++depot+ue4-releases+4.7\engine\source\runtime\core\public\misc\attribute.h:135]
UE4Editor-Slate.dll!FTextBlockLayout::ComputeDesiredSize() (0x00007ff97909987a) + 22 bytes [d:\buildfarm\buildmachine_++depot+ue4-releases+4.7\engine\source\runtime\slate\private\widgets\text\textblocklayout.cpp:42]
UE4Editor-Slate.dll!STextBlock::ComputeDesiredSize() (0x00007ff97909a08a) + 184 bytes [d:\buildfarm\buildmachine_++depot+ue4-releases+4.7\engine\source\runtime\slate\private\widgets\text\stextblock.cpp:186]
UE4Editor-SlateCore.dll!SWidget::CacheDesiredSize() (0x00007ff978c11ae7) + 17 bytes [d:\buildfarm\buildmachine_++depot+ue4-releases+4.7\engine\source\runtime\slatecore\private\widgets\swidget.cpp:392]
UE4Editor-SlateCore.dll!SWidget::SlatePrepass() (0x00007ff978c70d73) + 10 bytes [d:\buildfarm\buildmachine_++depot+ue4-releases+4.7\engine\source\runtime\slatecore\private\widgets\swidget.cpp:380]
UE4Editor-SlateCore.dll!SWidget::SlatePrepass() (0x00007ff978c70d73) + 10 bytes [d:\buildfarm\buildmachine_++depot+ue4-releases+4.7\engine\source\runtime\slatecore\private\widgets\swidget.cpp:380]
UE4Editor-SlateCore.dll!SWidget::SlatePrepass() (0x00007ff978c70d73) + 10 bytes [d:\buildfarm\buildmachine_++depot+ue4-releases+4.7\engine\source\runtime\slatecore\private\widgets\swidget.cpp:380]
UE4Editor-SlateCore.dll!SWidget::SlatePrepass() (0x00007ff978c70d73) + 10 bytes [d:\buildfarm\buildmachine_++depot+ue4-releases+4.7\engine\source\runtime\slatecore\private\widgets\swidget.cpp:380]
UE4Editor-Slate.dll!PrepassWindowAndChildren() (0x00007ff978ef03a4) + 13 bytes [d:\buildfarm\buildmachine_++depot+ue4-releases+4.7\engine\source\runtime\slate\private\framework\application\slateapplication.cpp:984]
UE4Editor-Slate.dll!FSlateApplication::DrawPrepass() (0x00007ff978eb16a7) + 0 bytes [d:\buildfarm\buildmachine_++depot+ue4-releases+4.7\engine\source\runtime\slate\private\framework\application\slateapplication.cpp:1006]
UE4Editor-Slate.dll!FSlateApplication::PrivateDrawWindows() (0x00007ff978ef27db) + 0 bytes [d:\buildfarm\buildmachine_++depot+ue4-releases+4.7\engine\source\runtime\slate\private\framework\application\slateapplication.cpp:1068]
UE4Editor-Slate.dll!FSlateApplication::Tick() (0x00007ff978f103ff) + 12 bytes [d:\buildfarm\buildmachine_++depot+ue4-releases+4.7\engine\source\runtime\slate\private\framework\application\slateapplication.cpp:1323]
UE4Editor-UnrealEd.dll!TickSlate() (0x00007ff977971cee) + 0 bytes [d:\buildfarm\buildmachine_++depot+ue4-releases+4.7\engine\source\editor\unrealed\private\feedbackcontexteditor.cpp:315]
UE4Editor-UnrealEd.dll!FFeedbackContextEditor::ProgressReported() (0x00007ff97795f88f) + 0 bytes [d:\buildfarm\buildmachine_++depot+ue4-releases+4.7\engine\source\editor\unrealed\private\feedbackcontexteditor.cpp:452]
UE4Editor-Core.dll!FFeedbackContext::UpdateUI() (0x00007ff97c0b168b) + 0 bytes [d:\buildfarm\buildmachine_++depot+ue4-releases+4.7\engine\source\runtime\core\private\misc\feedbackcontext.cpp:27]
UE4Editor-Core.dll!FFeedbackContext::RequestUpdateUI() (0x00007ff97c0a592f) + 0 bytes [d:\buildfarm\buildmachine_++depot+ue4-releases+4.7\engine\source\runtime\core\private\misc\feedbackcontext.cpp:19]
UE4Editor-CoreUObject.dll!UPackage::SavePackage() (0x00007ff97bd2def1) + 188 bytes [d:\buildfarm\buildmachine_++depot+ue4-releases+4.7\engine\source\runtime\coreuobject\private\uobject\savepackage.cpp:2635]
UE4Editor-UnrealEd.dll!UEditorEngine::SavePackage() (0x00007ff9777e8411) + 115 bytes [d:\buildfarm\buildmachine_++depot+ue4-releases+4.7\engine\source\editor\unrealed\private\editor.cpp:4416]
UE4Editor-UnrealEd.dll!UEditorEngine::Exec_Obj() (0x00007ff9778cc3ab) + 72 bytes [d:\buildfarm\buildmachine_++depot+ue4-releases+4.7\engine\source\editor\unrealed\private\editorserver.cpp:4162]
UE4Editor-UnrealEd.dll!UEditorEngine::Exec() (0x00007ff9778c9018) + 18 bytes [d:\buildfarm\buildmachine_++depot+ue4-releases+4.7\engine\source\editor\unrealed\private\editorserver.cpp:5238]
UE4Editor-UnrealEd.dll!UUnrealEdEngine::Exec() (0x00007ff977c50301) + 17 bytes [d:\buildfarm\buildmachine_++depot+ue4-releases+4.7\engine\source\editor\unrealed\private\unrealedsrv.cpp:742]
UE4Editor-UnrealEd.dll!FEditorFileUtils::AutosaveContentPackages() (0x00007ff97792ee13) + 122 bytes [d:\buildfarm\buildmachine_++depot+ue4-releases+4.7\engine\source\editor\unrealed\private\filehelpers.cpp:2125]
UE4Editor-UnrealEd.dll!FPackageAutoSaver::AttemptAutoSave() (0x00007ff97799d305) + 16 bytes [d:\buildfarm\buildmachine_++depot+ue4-releases+4.7\engine\source\editor\unrealed\private\packageautosaver.cpp:186]
UE4Editor-UnrealEd.dll!UUnrealEdEngine::Tick() (0x00007ff977ca8381) + 0 bytes [d:\buildfarm\buildmachine_++depot+ue4-releases+4.7\engine\source\editor\unrealed\private\unrealedengine.cpp:375]
UE4Editor.exe!FEngineLoop::Tick() (0x00007ff69e520263) + 0 bytes [d:\buildfarm\buildmachine_++depot+ue4-releases+4.7\engine\source\runtime\launch\private\launchengineloop.cpp:2257]
UE4Editor.exe!GuardedMain() (0x00007ff69e51267c) + 0 bytes [d:\buildfarm\buildmachine_++depot+ue4-releases+4.7\engine\source\runtime\launch\private\launch.cpp:142]
UE4Editor.exe!GuardedMainWrapper() (0x00007ff69e5126ea) + 5 bytes [d:\buildfarm\buildmachine_++depot+ue4-releases+4.7\engine\source\runtime\launch\private\windows\launchwindows.cpp:126]
UE4Editor.exe!WinMain() (0x00007ff69e522219) + 17 bytes [d:\buildfarm\buildmachine_++depot+ue4-releases+4.7\engine\source\runtime\launch\private\windows\launchwindows.cpp:202]
UE4Editor.exe!__tmainCRTStartup() (0x00007ff69e523159) + 21 bytes [f:\dd\vctools\crt\crtw32\dllstuff\crtexe.c:618]
KERNEL32.DLL!UnknownFunction (0x00007ff99ab7168d) + 0 bytes [UnknownFile:0]
ntdll.dll!UnknownFunction (0x00007ff99d094629) + 0 bytes [UnknownFile:0]
ntdll.dll!UnknownFunction (0x00007ff99d094629) + 0 bytes [UnknownFile:0]


[2015.04.17-07.26.48:610][517]LogExit: Executing StaticShutdownAfterError
[2015.04.17-07.26.49:392][517]LogWindows: FPlatformMisc::RequestExit(1)
[2015.04.17-07.26.49:392][517]Log file closed, 04/17/15 02:26:49
